                                      1 ;--------------------------------------------------------
                                      2 ; File Created by SDCC : free open source ISO C Compiler 
                                      3 ; Version 4.3.2 #14228 (MINGW64)
                                      4 ;--------------------------------------------------------
                                      5 	.module allow
                                      6 	.optsdcc -msm83
                                      7 	
                                      8 ;--------------------------------------------------------
                                      9 ; Public variables in this module
                                     10 ;--------------------------------------------------------
                                     11 	.globl _allow_metasprites
                                     12 	.globl _allow_metasprite0
                                     13 	.globl _allow_tiles
                                     14 	.globl _allow_palettes
                                     15 	.globl b___func_allow
                                     16 	.globl ___func_allow
                                     17 ;--------------------------------------------------------
                                     18 ; special function registers
                                     19 ;--------------------------------------------------------
                                     20 ;--------------------------------------------------------
                                     21 ; ram data
                                     22 ;--------------------------------------------------------
                                     23 	.area _DATA
                                     24 ;--------------------------------------------------------
                                     25 ; ram data
                                     26 ;--------------------------------------------------------
                                     27 	.area _INITIALIZED
                                     28 ;--------------------------------------------------------
                                     29 ; absolute external ram data
                                     30 ;--------------------------------------------------------
                                     31 	.area _DABS (ABS)
                                     32 ;--------------------------------------------------------
                                     33 ; global & static initialisations
                                     34 ;--------------------------------------------------------
                                     35 	.area _HOME
                                     36 	.area _GSINIT
                                     37 	.area _GSFINAL
                                     38 	.area _GSINIT
                                     39 ;--------------------------------------------------------
                                     40 ; Home
                                     41 ;--------------------------------------------------------
                                     42 	.area _HOME
                                     43 	.area _HOME
                                     44 ;--------------------------------------------------------
                                     45 ; code
                                     46 ;--------------------------------------------------------
                                     47 	.area _CODE
                                     48 ;E:\make_202008\GameBoy\WifiGameBoy\Bolcof\JunkYard\source\gen\graphics\allow.c:7: BANKREF(allow)
                                     49 ;	---------------------------------
                                     50 ; Function __func_allow
                                     51 ; ---------------------------------
                           000000    52 	b___func_allow	= 0
      000000                         53 ___func_allow::
                                     54 	.local b___func_allow 
                           000000    55 	___bank_allow = b___func_allow 
                                     56 	.globl ___bank_allow 
                                     57 	.area _CODE
      000000                         58 _allow_palettes:
      000000 00 00                   59 	.dw #0x0000
      000002 84 18                   60 	.dw #0x1884
      000004 A8 1C                   61 	.dw #0x1ca8
      000006 EC 18                   62 	.dw #0x18ec
      000008 51 1D                   63 	.dw #0x1d51
      00000A DB 11                   64 	.dw #0x11db
      00000C 9B 32                   65 	.dw #0x329b
      00000E 1D 4F                   66 	.dw #0x4f1d
      000010 DF 1B                   67 	.dw #0x1bdf
      000012 93 2B                   68 	.dw #0x2b93
      000014 ED 1A                   69 	.dw #0x1aed
      000016 46 36                   70 	.dw #0x3646
      000018 A9 15                   71 	.dw #0x15a9
      00001A 2A 11                   72 	.dw #0x112a
      00001C E6 1C                   73 	.dw #0x1ce6
      00001E E7 38                   74 	.dw #0x38e7
      000020 86 41                   75 	.dw #0x4186
      000022 AB 71                   76 	.dw #0x71ab
      000024 6C 7E                   77 	.dw #0x7e6c
      000026 2B 73                   78 	.dw #0x732b
      000028 79 7F                   79 	.dw #0x7f79
      00002A FF 7F                   80 	.dw #0x7fff
      00002C B3 5A                   81 	.dw #0x5ab3
      00002E F0 41                   82 	.dw #0x41f0
      000030 AD 35                   83 	.dw #0x35ad
      000032 4B 29                   84 	.dw #0x294b
      000034 0E 45                   85 	.dw #0x450e
      000036 D5 18                   86 	.dw #0x18d5
      000038 5B 31                   87 	.dw #0x315b
      00003A FA 5D                   88 	.dw #0x5dfa
      00003C 51 26                   89 	.dw #0x2651
      00003E B1 19                   90 	.dw #0x19b1
      000040                         91 _allow_tiles:
      000040 18                      92 	.db #0x18	; 24
      000041 00                      93 	.db #0x00	; 0
      000042 0C                      94 	.db #0x0c	; 12
      000043 00                      95 	.db #0x00	; 0
      000044 06                      96 	.db #0x06	; 6
      000045 00                      97 	.db #0x00	; 0
      000046 03                      98 	.db #0x03	; 3
      000047 00                      99 	.db #0x00	; 0
      000048 06                     100 	.db #0x06	; 6
      000049 00                     101 	.db #0x00	; 0
      00004A 0C                     102 	.db #0x0c	; 12
      00004B 00                     103 	.db #0x00	; 0
      00004C 18                     104 	.db #0x18	; 24
      00004D 00                     105 	.db #0x00	; 0
      00004E 00                     106 	.db #0x00	; 0
      00004F 00                     107 	.db #0x00	; 0
      000050                        108 _allow_metasprite0:
      000050 FC                     109 	.db #0xfc	; -4
      000051 FC                     110 	.db #0xfc	; -4
      000052 00                     111 	.db #0x00	; 0
      000053 00                     112 	.db #0x00	; 0
      000054 80                     113 	.db #0x80	; -128
      000055 00                     114 	.db #0x00	;  0
      000056 00                     115 	.db #0x00	; 0
      000057 00                     116 	.db #0x00	; 0
      000058                        117 _allow_metasprites:
      000058r50r00                  118 	.dw _allow_metasprite0
                                    119 	.area _INITIALIZER
                                    120 	.area _CABS (ABS)
