                                      1 ;--------------------------------------------------------
                                      2 ; File Created by SDCC : free open source ISO C Compiler 
                                      3 ; Version 4.3.2 #14228 (MINGW64)
                                      4 ;--------------------------------------------------------
                                      5 	.module UserInterface
                                      6 	.optsdcc -msm83
                                      7 	
                                      8 ;--------------------------------------------------------
                                      9 ; Public variables in this module
                                     10 ;--------------------------------------------------------
                                     11 	.globl _UserInterface_map_attributes
                                     12 	.globl _UserInterface_map
                                     13 	.globl _UserInterface_tiles
                                     14 	.globl _UserInterface_palettes
                                     15 	.globl b___func_UserInterface
                                     16 	.globl ___func_UserInterface
                                     17 ;--------------------------------------------------------
                                     18 ; special function registers
                                     19 ;--------------------------------------------------------
                                     20 ;--------------------------------------------------------
                                     21 ; ram data
                                     22 ;--------------------------------------------------------
                                     23 	.area _DATA
                                     24 ;--------------------------------------------------------
                                     25 ; ram data
                                     26 ;--------------------------------------------------------
                                     27 	.area _INITIALIZED
                                     28 ;--------------------------------------------------------
                                     29 ; absolute external ram data
                                     30 ;--------------------------------------------------------
                                     31 	.area _DABS (ABS)
                                     32 ;--------------------------------------------------------
                                     33 ; global & static initialisations
                                     34 ;--------------------------------------------------------
                                     35 	.area _HOME
                                     36 	.area _GSINIT
                                     37 	.area _GSFINAL
                                     38 	.area _GSINIT
                                     39 ;--------------------------------------------------------
                                     40 ; Home
                                     41 ;--------------------------------------------------------
                                     42 	.area _HOME
                                     43 	.area _HOME
                                     44 ;--------------------------------------------------------
                                     45 ; code
                                     46 ;--------------------------------------------------------
                                     47 	.area _CODE
                                     48 ;E:\make_202008\GameBoy\GameBoy01\JunkYard\source\gen\graphics\UserInterface.c:7: BANKREF(UserInterface)
                                     49 ;	---------------------------------
                                     50 ; Function __func_UserInterface
                                     51 ; ---------------------------------
                           000000    52 	b___func_UserInterface	= 0
      000000                         53 ___func_UserInterface::
                                     54 	.local b___func_UserInterface 
                           000000    55 	___bank_UserInterface = b___func_UserInterface 
                                     56 	.globl ___bank_UserInterface 
                                     57 	.area _CODE
      000000                         58 _UserInterface_palettes:
      000000 FF 7F                   59 	.dw #0x7fff
      000002 B5 56                   60 	.dw #0x56b5
      000004 8C 31                   61 	.dw #0x318c
      000006 00 00                   62 	.dw #0x0000
      000008                         63 _UserInterface_tiles:
      000008 7F                      64 	.db #0x7f	; 127
      000009 7F                      65 	.db #0x7f	; 127
      00000A C0                      66 	.db #0xc0	; 192
      00000B FF                      67 	.db #0xff	; 255
      00000C A9                      68 	.db #0xa9	; 169
      00000D E0                      69 	.db #0xe0	; 224
      00000E AF                      70 	.db #0xaf	; 175
      00000F D0                      71 	.db #0xd0	; 208
      000010 B7                      72 	.db #0xb7	; 183
      000011 C8                      73 	.db #0xc8	; 200
      000012 BC                      74 	.db #0xbc	; 188
      000013 C7                      75 	.db #0xc7	; 199
      000014 BA                      76 	.db #0xba	; 186
      000015 C7                      77 	.db #0xc7	; 199
      000016 B9                      78 	.db #0xb9	; 185
      000017 C7                      79 	.db #0xc7	; 199
      000018 FF                      80 	.db #0xff	; 255
      000019 FF                      81 	.db #0xff	; 255
      00001A 00                      82 	.db #0x00	; 0
      00001B FF                      83 	.db #0xff	; 255
      00001C FF                      84 	.db #0xff	; 255
      00001D 00                      85 	.db #0x00	; 0
      00001E FF                      86 	.db #0xff	; 255
      00001F 00                      87 	.db #0x00	; 0
      000020 FF                      88 	.db #0xff	; 255
      000021 00                      89 	.db #0x00	; 0
      000022 00                      90 	.db #0x00	; 0
      000023 FF                      91 	.db #0xff	; 255
      000024 00                      92 	.db #0x00	; 0
      000025 FF                      93 	.db #0xff	; 255
      000026 FF                      94 	.db #0xff	; 255
      000027 FF                      95 	.db #0xff	; 255
      000028 FE                      96 	.db #0xfe	; 254
      000029 FE                      97 	.db #0xfe	; 254
      00002A 03                      98 	.db #0x03	; 3
      00002B FF                      99 	.db #0xff	; 255
      00002C 95                     100 	.db #0x95	; 149
      00002D 07                     101 	.db #0x07	; 7
      00002E F1                     102 	.db #0xf1	; 241
      00002F 0F                     103 	.db #0x0f	; 15
      000030 E9                     104 	.db #0xe9	; 233
      000031 17                     105 	.db #0x17	; 23
      000032 59                     106 	.db #0x59	; 89	'Y'
      000033 A7                     107 	.db #0xa7	; 167
      000034 79                     108 	.db #0x79	; 121	'y'
      000035 C7                     109 	.db #0xc7	; 199
      000036 B9                     110 	.db #0xb9	; 185
      000037 C7                     111 	.db #0xc7	; 199
      000038 00                     112 	.db #0x00	; 0
      000039 00                     113 	.db #0x00	; 0
      00003A 00                     114 	.db #0x00	; 0
      00003B 00                     115 	.db #0x00	; 0
      00003C 00                     116 	.db #0x00	; 0
      00003D 00                     117 	.db #0x00	; 0
      00003E 00                     118 	.db #0x00	; 0
      00003F 00                     119 	.db #0x00	; 0
      000040 00                     120 	.db #0x00	; 0
      000041 00                     121 	.db #0x00	; 0
      000042 00                     122 	.db #0x00	; 0
      000043 00                     123 	.db #0x00	; 0
      000044 00                     124 	.db #0x00	; 0
      000045 00                     125 	.db #0x00	; 0
      000046 00                     126 	.db #0x00	; 0
      000047 00                     127 	.db #0x00	; 0
      000048 B9                     128 	.db #0xb9	; 185
      000049 C7                     129 	.db #0xc7	; 199
      00004A B9                     130 	.db #0xb9	; 185
      00004B C7                     131 	.db #0xc7	; 199
      00004C B9                     132 	.db #0xb9	; 185
      00004D C7                     133 	.db #0xc7	; 199
      00004E B9                     134 	.db #0xb9	; 185
      00004F C7                     135 	.db #0xc7	; 199
      000050 B9                     136 	.db #0xb9	; 185
      000051 C7                     137 	.db #0xc7	; 199
      000052 B9                     138 	.db #0xb9	; 185
      000053 C7                     139 	.db #0xc7	; 199
      000054 B9                     140 	.db #0xb9	; 185
      000055 C7                     141 	.db #0xc7	; 199
      000056 B9                     142 	.db #0xb9	; 185
      000057 C7                     143 	.db #0xc7	; 199
      000058 00                     144 	.db #0x00	; 0
      000059 00                     145 	.db #0x00	; 0
      00005A 7E                     146 	.db #0x7e	; 126
      00005B 7E                     147 	.db #0x7e	; 126
      00005C 18                     148 	.db #0x18	; 24
      00005D 18                     149 	.db #0x18	; 24
      00005E 18                     150 	.db #0x18	; 24
      00005F 18                     151 	.db #0x18	; 24
      000060 18                     152 	.db #0x18	; 24
      000061 18                     153 	.db #0x18	; 24
      000062 18                     154 	.db #0x18	; 24
      000063 18                     155 	.db #0x18	; 24
      000064 18                     156 	.db #0x18	; 24
      000065 18                     157 	.db #0x18	; 24
      000066 00                     158 	.db #0x00	; 0
      000067 00                     159 	.db #0x00	; 0
      000068 00                     160 	.db #0x00	; 0
      000069 00                     161 	.db #0x00	; 0
      00006A 3C                     162 	.db #0x3c	; 60
      00006B 3C                     163 	.db #0x3c	; 60
      00006C 66                     164 	.db #0x66	; 102	'f'
      00006D 66                     165 	.db #0x66	; 102	'f'
      00006E 66                     166 	.db #0x66	; 102	'f'
      00006F 66                     167 	.db #0x66	; 102	'f'
      000070 66                     168 	.db #0x66	; 102	'f'
      000071 66                     169 	.db #0x66	; 102	'f'
      000072 66                     170 	.db #0x66	; 102	'f'
      000073 66                     171 	.db #0x66	; 102	'f'
      000074 3C                     172 	.db #0x3c	; 60
      000075 3C                     173 	.db #0x3c	; 60
      000076 00                     174 	.db #0x00	; 0
      000077 00                     175 	.db #0x00	; 0
      000078 00                     176 	.db #0x00	; 0
      000079 00                     177 	.db #0x00	; 0
      00007A 7C                     178 	.db #0x7c	; 124
      00007B 7C                     179 	.db #0x7c	; 124
      00007C 66                     180 	.db #0x66	; 102	'f'
      00007D 66                     181 	.db #0x66	; 102	'f'
      00007E 66                     182 	.db #0x66	; 102	'f'
      00007F 66                     183 	.db #0x66	; 102	'f'
      000080 7C                     184 	.db #0x7c	; 124
      000081 7C                     185 	.db #0x7c	; 124
      000082 60                     186 	.db #0x60	; 96
      000083 60                     187 	.db #0x60	; 96
      000084 60                     188 	.db #0x60	; 96
      000085 60                     189 	.db #0x60	; 96
      000086 00                     190 	.db #0x00	; 0
      000087 00                     191 	.db #0x00	; 0
      000088 00                     192 	.db #0x00	; 0
      000089 00                     193 	.db #0x00	; 0
      00008A 38                     194 	.db #0x38	; 56	'8'
      00008B 38                     195 	.db #0x38	; 56	'8'
      00008C 65                     196 	.db #0x65	; 101	'e'
      00008D 65                     197 	.db #0x65	; 101	'e'
      00008E 31                     198 	.db #0x31	; 49	'1'
      00008F 31                     199 	.db #0x31	; 49	'1'
      000090 19                     200 	.db #0x19	; 25
      000091 19                     201 	.db #0x19	; 25
      000092 4D                     202 	.db #0x4d	; 77	'M'
      000093 4D                     203 	.db #0x4d	; 77	'M'
      000094 38                     204 	.db #0x38	; 56	'8'
      000095 38                     205 	.db #0x38	; 56	'8'
      000096 00                     206 	.db #0x00	; 0
      000097 00                     207 	.db #0x00	; 0
      000098 00                     208 	.db #0x00	; 0
      000099 00                     209 	.db #0x00	; 0
      00009A E3                     210 	.db #0xe3	; 227
      00009B E3                     211 	.db #0xe3	; 227
      00009C 96                     212 	.db #0x96	; 150
      00009D 96                     213 	.db #0x96	; 150
      00009E 86                     214 	.db #0x86	; 134
      00009F 86                     215 	.db #0x86	; 134
      0000A0 86                     216 	.db #0x86	; 134
      0000A1 86                     217 	.db #0x86	; 134
      0000A2 96                     218 	.db #0x96	; 150
      0000A3 96                     219 	.db #0x96	; 150
      0000A4 E3                     220 	.db #0xe3	; 227
      0000A5 E3                     221 	.db #0xe3	; 227
      0000A6 00                     222 	.db #0x00	; 0
      0000A7 00                     223 	.db #0x00	; 0
      0000A8 00                     224 	.db #0x00	; 0
      0000A9 00                     225 	.db #0x00	; 0
      0000AA 9E                     226 	.db #0x9e	; 158
      0000AB 9E                     227 	.db #0x9e	; 158
      0000AC 59                     228 	.db #0x59	; 89	'Y'
      0000AD 59                     229 	.db #0x59	; 89	'Y'
      0000AE 59                     230 	.db #0x59	; 89	'Y'
      0000AF 59                     231 	.db #0x59	; 89	'Y'
      0000B0 5E                     232 	.db #0x5e	; 94
      0000B1 5E                     233 	.db #0x5e	; 94
      0000B2 5B                     234 	.db #0x5b	; 91
      0000B3 5B                     235 	.db #0x5b	; 91
      0000B4 9B                     236 	.db #0x9b	; 155
      0000B5 9B                     237 	.db #0x9b	; 155
      0000B6 00                     238 	.db #0x00	; 0
      0000B7 00                     239 	.db #0x00	; 0
      0000B8 00                     240 	.db #0x00	; 0
      0000B9 00                     241 	.db #0x00	; 0
      0000BA 7C                     242 	.db #0x7c	; 124
      0000BB 7C                     243 	.db #0x7c	; 124
      0000BC 60                     244 	.db #0x60	; 96
      0000BD 60                     245 	.db #0x60	; 96
      0000BE 78                     246 	.db #0x78	; 120	'x'
      0000BF 78                     247 	.db #0x78	; 120	'x'
      0000C0 60                     248 	.db #0x60	; 96
      0000C1 60                     249 	.db #0x60	; 96
      0000C2 60                     250 	.db #0x60	; 96
      0000C3 60                     251 	.db #0x60	; 96
      0000C4 7C                     252 	.db #0x7c	; 124
      0000C5 7C                     253 	.db #0x7c	; 124
      0000C6 00                     254 	.db #0x00	; 0
      0000C7 00                     255 	.db #0x00	; 0
      0000C8 00                     256 	.db #0x00	; 0
      0000C9 00                     257 	.db #0x00	; 0
      0000CA 3B                     258 	.db #0x3b	; 59
      0000CB 3B                     259 	.db #0x3b	; 59
      0000CC 6C                     260 	.db #0x6c	; 108	'l'
      0000CD 6C                     261 	.db #0x6c	; 108	'l'
      0000CE 30                     262 	.db #0x30	; 48	'0'
      0000CF 30                     263 	.db #0x30	; 48	'0'
      0000D0 18                     264 	.db #0x18	; 24
      0000D1 18                     265 	.db #0x18	; 24
      0000D2 6C                     266 	.db #0x6c	; 108	'l'
      0000D3 6C                     267 	.db #0x6c	; 108	'l'
      0000D4 38                     268 	.db #0x38	; 56	'8'
      0000D5 38                     269 	.db #0x38	; 56	'8'
      0000D6 00                     270 	.db #0x00	; 0
      0000D7 00                     271 	.db #0x00	; 0
      0000D8 00                     272 	.db #0x00	; 0
      0000D9 00                     273 	.db #0x00	; 0
      0000DA F3                     274 	.db #0xf3	; 243
      0000DB F3                     275 	.db #0xf3	; 243
      0000DC C7                     276 	.db #0xc7	; 199
      0000DD C7                     277 	.db #0xc7	; 199
      0000DE CC                     278 	.db #0xcc	; 204
      0000DF CC                     279 	.db #0xcc	; 204
      0000E0 CF                     280 	.db #0xcf	; 207
      0000E1 CF                     281 	.db #0xcf	; 207
      0000E2 CC                     282 	.db #0xcc	; 204
      0000E3 CC                     283 	.db #0xcc	; 204
      0000E4 CC                     284 	.db #0xcc	; 204
      0000E5 CC                     285 	.db #0xcc	; 204
      0000E6 00                     286 	.db #0x00	; 0
      0000E7 00                     287 	.db #0x00	; 0
      0000E8 00                     288 	.db #0x00	; 0
      0000E9 00                     289 	.db #0x00	; 0
      0000EA 0F                     290 	.db #0x0f	; 15
      0000EB 0F                     291 	.db #0x0f	; 15
      0000EC 99                     292 	.db #0x99	; 153
      0000ED 99                     293 	.db #0x99	; 153
      0000EE D8                     294 	.db #0xd8	; 216
      0000EF D8                     295 	.db #0xd8	; 216
      0000F0 DB                     296 	.db #0xdb	; 219
      0000F1 DB                     297 	.db #0xdb	; 219
      0000F2 D9                     298 	.db #0xd9	; 217
      0000F3 D9                     299 	.db #0xd9	; 217
      0000F4 CF                     300 	.db #0xcf	; 207
      0000F5 CF                     301 	.db #0xcf	; 207
      0000F6 00                     302 	.db #0x00	; 0
      0000F7 00                     303 	.db #0x00	; 0
      0000F8 00                     304 	.db #0x00	; 0
      0000F9 00                     305 	.db #0x00	; 0
      0000FA 3E                     306 	.db #0x3e	; 62
      0000FB 3E                     307 	.db #0x3e	; 62
      0000FC B0                     308 	.db #0xb0	; 176
      0000FD B0                     309 	.db #0xb0	; 176
      0000FE 3C                     310 	.db #0x3c	; 60
      0000FF 3C                     311 	.db #0x3c	; 60
      000100 B0                     312 	.db #0xb0	; 176
      000101 B0                     313 	.db #0xb0	; 176
      000102 B0                     314 	.db #0xb0	; 176
      000103 B0                     315 	.db #0xb0	; 176
      000104 BE                     316 	.db #0xbe	; 190
      000105 BE                     317 	.db #0xbe	; 190
      000106 00                     318 	.db #0x00	; 0
      000107 00                     319 	.db #0x00	; 0
      000108                        320 _UserInterface_map:
      000108 00                     321 	.db #0x00	; 0
      000109 01                     322 	.db #0x01	; 1
      00010A 01                     323 	.db #0x01	; 1
      00010B 01                     324 	.db #0x01	; 1
      00010C 01                     325 	.db #0x01	; 1
      00010D 01                     326 	.db #0x01	; 1
      00010E 01                     327 	.db #0x01	; 1
      00010F 01                     328 	.db #0x01	; 1
      000110 01                     329 	.db #0x01	; 1
      000111 01                     330 	.db #0x01	; 1
      000112 01                     331 	.db #0x01	; 1
      000113 01                     332 	.db #0x01	; 1
      000114 01                     333 	.db #0x01	; 1
      000115 01                     334 	.db #0x01	; 1
      000116 01                     335 	.db #0x01	; 1
      000117 02                     336 	.db #0x02	; 2
      000118 03                     337 	.db #0x03	; 3
      000119 03                     338 	.db #0x03	; 3
      00011A 03                     339 	.db #0x03	; 3
      00011B 03                     340 	.db #0x03	; 3
      00011C 04                     341 	.db #0x04	; 4
      00011D 03                     342 	.db #0x03	; 3
      00011E 03                     343 	.db #0x03	; 3
      00011F 03                     344 	.db #0x03	; 3
      000120 03                     345 	.db #0x03	; 3
      000121 03                     346 	.db #0x03	; 3
      000122 03                     347 	.db #0x03	; 3
      000123 03                     348 	.db #0x03	; 3
      000124 03                     349 	.db #0x03	; 3
      000125 03                     350 	.db #0x03	; 3
      000126 03                     351 	.db #0x03	; 3
      000127 03                     352 	.db #0x03	; 3
      000128 03                     353 	.db #0x03	; 3
      000129 03                     354 	.db #0x03	; 3
      00012A 03                     355 	.db #0x03	; 3
      00012B 04                     356 	.db #0x04	; 4
      00012C 05                     357 	.db #0x05	; 5
      00012D 06                     358 	.db #0x06	; 6
      00012E 07                     359 	.db #0x07	; 7
      00012F 03                     360 	.db #0x03	; 3
      000130 04                     361 	.db #0x04	; 4
      000131 03                     362 	.db #0x03	; 3
      000132 03                     363 	.db #0x03	; 3
      000133 03                     364 	.db #0x03	; 3
      000134 03                     365 	.db #0x03	; 3
      000135 03                     366 	.db #0x03	; 3
      000136 03                     367 	.db #0x03	; 3
      000137 03                     368 	.db #0x03	; 3
      000138 03                     369 	.db #0x03	; 3
      000139 03                     370 	.db #0x03	; 3
      00013A 03                     371 	.db #0x03	; 3
      00013B 03                     372 	.db #0x03	; 3
      00013C 03                     373 	.db #0x03	; 3
      00013D 03                     374 	.db #0x03	; 3
      00013E 03                     375 	.db #0x03	; 3
      00013F 04                     376 	.db #0x04	; 4
      000140 03                     377 	.db #0x03	; 3
      000141 03                     378 	.db #0x03	; 3
      000142 03                     379 	.db #0x03	; 3
      000143 03                     380 	.db #0x03	; 3
      000144 04                     381 	.db #0x04	; 4
      000145 03                     382 	.db #0x03	; 3
      000146 03                     383 	.db #0x03	; 3
      000147 03                     384 	.db #0x03	; 3
      000148 03                     385 	.db #0x03	; 3
      000149 03                     386 	.db #0x03	; 3
      00014A 03                     387 	.db #0x03	; 3
      00014B 03                     388 	.db #0x03	; 3
      00014C 03                     389 	.db #0x03	; 3
      00014D 03                     390 	.db #0x03	; 3
      00014E 03                     391 	.db #0x03	; 3
      00014F 03                     392 	.db #0x03	; 3
      000150 03                     393 	.db #0x03	; 3
      000151 03                     394 	.db #0x03	; 3
      000152 03                     395 	.db #0x03	; 3
      000153 04                     396 	.db #0x04	; 4
      000154 03                     397 	.db #0x03	; 3
      000155 03                     398 	.db #0x03	; 3
      000156 03                     399 	.db #0x03	; 3
      000157 03                     400 	.db #0x03	; 3
      000158 04                     401 	.db #0x04	; 4
      000159 03                     402 	.db #0x03	; 3
      00015A 03                     403 	.db #0x03	; 3
      00015B 03                     404 	.db #0x03	; 3
      00015C 03                     405 	.db #0x03	; 3
      00015D 03                     406 	.db #0x03	; 3
      00015E 03                     407 	.db #0x03	; 3
      00015F 03                     408 	.db #0x03	; 3
      000160 03                     409 	.db #0x03	; 3
      000161 03                     410 	.db #0x03	; 3
      000162 03                     411 	.db #0x03	; 3
      000163 03                     412 	.db #0x03	; 3
      000164 03                     413 	.db #0x03	; 3
      000165 03                     414 	.db #0x03	; 3
      000166 03                     415 	.db #0x03	; 3
      000167 04                     416 	.db #0x04	; 4
      000168 08                     417 	.db #0x08	; 8
      000169 09                     418 	.db #0x09	; 9
      00016A 0A                     419 	.db #0x0a	; 10
      00016B 0B                     420 	.db #0x0b	; 11
      00016C 04                     421 	.db #0x04	; 4
      00016D 03                     422 	.db #0x03	; 3
      00016E 03                     423 	.db #0x03	; 3
      00016F 03                     424 	.db #0x03	; 3
      000170 03                     425 	.db #0x03	; 3
      000171 03                     426 	.db #0x03	; 3
      000172 03                     427 	.db #0x03	; 3
      000173 03                     428 	.db #0x03	; 3
      000174 03                     429 	.db #0x03	; 3
      000175 03                     430 	.db #0x03	; 3
      000176 03                     431 	.db #0x03	; 3
      000177 03                     432 	.db #0x03	; 3
      000178 03                     433 	.db #0x03	; 3
      000179 03                     434 	.db #0x03	; 3
      00017A 03                     435 	.db #0x03	; 3
      00017B 04                     436 	.db #0x04	; 4
      00017C 03                     437 	.db #0x03	; 3
      00017D 03                     438 	.db #0x03	; 3
      00017E 03                     439 	.db #0x03	; 3
      00017F 03                     440 	.db #0x03	; 3
      000180 04                     441 	.db #0x04	; 4
      000181 03                     442 	.db #0x03	; 3
      000182 03                     443 	.db #0x03	; 3
      000183 03                     444 	.db #0x03	; 3
      000184 03                     445 	.db #0x03	; 3
      000185 03                     446 	.db #0x03	; 3
      000186 03                     447 	.db #0x03	; 3
      000187 03                     448 	.db #0x03	; 3
      000188 03                     449 	.db #0x03	; 3
      000189 03                     450 	.db #0x03	; 3
      00018A 03                     451 	.db #0x03	; 3
      00018B 03                     452 	.db #0x03	; 3
      00018C 03                     453 	.db #0x03	; 3
      00018D 03                     454 	.db #0x03	; 3
      00018E 03                     455 	.db #0x03	; 3
      00018F 04                     456 	.db #0x04	; 4
      000190 03                     457 	.db #0x03	; 3
      000191 03                     458 	.db #0x03	; 3
      000192 03                     459 	.db #0x03	; 3
      000193 03                     460 	.db #0x03	; 3
      000194 04                     461 	.db #0x04	; 4
      000195 03                     462 	.db #0x03	; 3
      000196 03                     463 	.db #0x03	; 3
      000197 03                     464 	.db #0x03	; 3
      000198 03                     465 	.db #0x03	; 3
      000199 03                     466 	.db #0x03	; 3
      00019A 03                     467 	.db #0x03	; 3
      00019B 03                     468 	.db #0x03	; 3
      00019C 03                     469 	.db #0x03	; 3
      00019D 03                     470 	.db #0x03	; 3
      00019E 03                     471 	.db #0x03	; 3
      00019F 03                     472 	.db #0x03	; 3
      0001A0 03                     473 	.db #0x03	; 3
      0001A1 03                     474 	.db #0x03	; 3
      0001A2 03                     475 	.db #0x03	; 3
      0001A3 04                     476 	.db #0x04	; 4
      0001A4 03                     477 	.db #0x03	; 3
      0001A5 03                     478 	.db #0x03	; 3
      0001A6 03                     479 	.db #0x03	; 3
      0001A7 03                     480 	.db #0x03	; 3
      0001A8 04                     481 	.db #0x04	; 4
      0001A9 03                     482 	.db #0x03	; 3
      0001AA 03                     483 	.db #0x03	; 3
      0001AB 03                     484 	.db #0x03	; 3
      0001AC 03                     485 	.db #0x03	; 3
      0001AD 03                     486 	.db #0x03	; 3
      0001AE 03                     487 	.db #0x03	; 3
      0001AF 03                     488 	.db #0x03	; 3
      0001B0 03                     489 	.db #0x03	; 3
      0001B1 03                     490 	.db #0x03	; 3
      0001B2 03                     491 	.db #0x03	; 3
      0001B3 03                     492 	.db #0x03	; 3
      0001B4 03                     493 	.db #0x03	; 3
      0001B5 03                     494 	.db #0x03	; 3
      0001B6 03                     495 	.db #0x03	; 3
      0001B7 04                     496 	.db #0x04	; 4
      0001B8 03                     497 	.db #0x03	; 3
      0001B9 03                     498 	.db #0x03	; 3
      0001BA 03                     499 	.db #0x03	; 3
      0001BB 03                     500 	.db #0x03	; 3
      0001BC 04                     501 	.db #0x04	; 4
      0001BD 03                     502 	.db #0x03	; 3
      0001BE 03                     503 	.db #0x03	; 3
      0001BF 03                     504 	.db #0x03	; 3
      0001C0 03                     505 	.db #0x03	; 3
      0001C1 03                     506 	.db #0x03	; 3
      0001C2 03                     507 	.db #0x03	; 3
      0001C3 03                     508 	.db #0x03	; 3
      0001C4 03                     509 	.db #0x03	; 3
      0001C5 03                     510 	.db #0x03	; 3
      0001C6 03                     511 	.db #0x03	; 3
      0001C7 03                     512 	.db #0x03	; 3
      0001C8 03                     513 	.db #0x03	; 3
      0001C9 03                     514 	.db #0x03	; 3
      0001CA 03                     515 	.db #0x03	; 3
      0001CB 04                     516 	.db #0x04	; 4
      0001CC 0C                     517 	.db #0x0c	; 12
      0001CD 0D                     518 	.db #0x0d	; 13
      0001CE 0E                     519 	.db #0x0e	; 14
      0001CF 0F                     520 	.db #0x0f	; 15
      0001D0 04                     521 	.db #0x04	; 4
      0001D1 03                     522 	.db #0x03	; 3
      0001D2 03                     523 	.db #0x03	; 3
      0001D3 03                     524 	.db #0x03	; 3
      0001D4 03                     525 	.db #0x03	; 3
      0001D5 03                     526 	.db #0x03	; 3
      0001D6 03                     527 	.db #0x03	; 3
      0001D7 03                     528 	.db #0x03	; 3
      0001D8 03                     529 	.db #0x03	; 3
      0001D9 03                     530 	.db #0x03	; 3
      0001DA 03                     531 	.db #0x03	; 3
      0001DB 03                     532 	.db #0x03	; 3
      0001DC 03                     533 	.db #0x03	; 3
      0001DD 03                     534 	.db #0x03	; 3
      0001DE 03                     535 	.db #0x03	; 3
      0001DF 04                     536 	.db #0x04	; 4
      0001E0 03                     537 	.db #0x03	; 3
      0001E1 03                     538 	.db #0x03	; 3
      0001E2 03                     539 	.db #0x03	; 3
      0001E3 03                     540 	.db #0x03	; 3
      0001E4 04                     541 	.db #0x04	; 4
      0001E5 03                     542 	.db #0x03	; 3
      0001E6 03                     543 	.db #0x03	; 3
      0001E7 03                     544 	.db #0x03	; 3
      0001E8 03                     545 	.db #0x03	; 3
      0001E9 03                     546 	.db #0x03	; 3
      0001EA 03                     547 	.db #0x03	; 3
      0001EB 03                     548 	.db #0x03	; 3
      0001EC 03                     549 	.db #0x03	; 3
      0001ED 03                     550 	.db #0x03	; 3
      0001EE 03                     551 	.db #0x03	; 3
      0001EF 03                     552 	.db #0x03	; 3
      0001F0 03                     553 	.db #0x03	; 3
      0001F1 03                     554 	.db #0x03	; 3
      0001F2 03                     555 	.db #0x03	; 3
      0001F3 04                     556 	.db #0x04	; 4
      0001F4 03                     557 	.db #0x03	; 3
      0001F5 03                     558 	.db #0x03	; 3
      0001F6 03                     559 	.db #0x03	; 3
      0001F7 03                     560 	.db #0x03	; 3
      0001F8 04                     561 	.db #0x04	; 4
      0001F9 03                     562 	.db #0x03	; 3
      0001FA 03                     563 	.db #0x03	; 3
      0001FB 03                     564 	.db #0x03	; 3
      0001FC 03                     565 	.db #0x03	; 3
      0001FD 03                     566 	.db #0x03	; 3
      0001FE 03                     567 	.db #0x03	; 3
      0001FF 03                     568 	.db #0x03	; 3
      000200 03                     569 	.db #0x03	; 3
      000201 03                     570 	.db #0x03	; 3
      000202 03                     571 	.db #0x03	; 3
      000203 03                     572 	.db #0x03	; 3
      000204 03                     573 	.db #0x03	; 3
      000205 03                     574 	.db #0x03	; 3
      000206 03                     575 	.db #0x03	; 3
      000207 04                     576 	.db #0x04	; 4
      000208 03                     577 	.db #0x03	; 3
      000209 03                     578 	.db #0x03	; 3
      00020A 03                     579 	.db #0x03	; 3
      00020B 03                     580 	.db #0x03	; 3
      00020C 04                     581 	.db #0x04	; 4
      00020D 03                     582 	.db #0x03	; 3
      00020E 03                     583 	.db #0x03	; 3
      00020F 03                     584 	.db #0x03	; 3
      000210 03                     585 	.db #0x03	; 3
      000211 03                     586 	.db #0x03	; 3
      000212 03                     587 	.db #0x03	; 3
      000213 03                     588 	.db #0x03	; 3
      000214 03                     589 	.db #0x03	; 3
      000215 03                     590 	.db #0x03	; 3
      000216 03                     591 	.db #0x03	; 3
      000217 03                     592 	.db #0x03	; 3
      000218 03                     593 	.db #0x03	; 3
      000219 03                     594 	.db #0x03	; 3
      00021A 03                     595 	.db #0x03	; 3
      00021B 04                     596 	.db #0x04	; 4
      00021C 03                     597 	.db #0x03	; 3
      00021D 03                     598 	.db #0x03	; 3
      00021E 03                     599 	.db #0x03	; 3
      00021F 03                     600 	.db #0x03	; 3
      000220 04                     601 	.db #0x04	; 4
      000221 03                     602 	.db #0x03	; 3
      000222 03                     603 	.db #0x03	; 3
      000223 03                     604 	.db #0x03	; 3
      000224 03                     605 	.db #0x03	; 3
      000225 03                     606 	.db #0x03	; 3
      000226 03                     607 	.db #0x03	; 3
      000227 03                     608 	.db #0x03	; 3
      000228 03                     609 	.db #0x03	; 3
      000229 03                     610 	.db #0x03	; 3
      00022A 03                     611 	.db #0x03	; 3
      00022B 03                     612 	.db #0x03	; 3
      00022C 03                     613 	.db #0x03	; 3
      00022D 03                     614 	.db #0x03	; 3
      00022E 03                     615 	.db #0x03	; 3
      00022F 04                     616 	.db #0x04	; 4
      000230 03                     617 	.db #0x03	; 3
      000231 03                     618 	.db #0x03	; 3
      000232 03                     619 	.db #0x03	; 3
      000233 03                     620 	.db #0x03	; 3
      000234 04                     621 	.db #0x04	; 4
      000235 03                     622 	.db #0x03	; 3
      000236 03                     623 	.db #0x03	; 3
      000237 03                     624 	.db #0x03	; 3
      000238 03                     625 	.db #0x03	; 3
      000239 03                     626 	.db #0x03	; 3
      00023A 03                     627 	.db #0x03	; 3
      00023B 03                     628 	.db #0x03	; 3
      00023C 03                     629 	.db #0x03	; 3
      00023D 03                     630 	.db #0x03	; 3
      00023E 03                     631 	.db #0x03	; 3
      00023F 03                     632 	.db #0x03	; 3
      000240 03                     633 	.db #0x03	; 3
      000241 03                     634 	.db #0x03	; 3
      000242 03                     635 	.db #0x03	; 3
      000243 04                     636 	.db #0x04	; 4
      000244 03                     637 	.db #0x03	; 3
      000245 03                     638 	.db #0x03	; 3
      000246 03                     639 	.db #0x03	; 3
      000247 03                     640 	.db #0x03	; 3
      000248 04                     641 	.db #0x04	; 4
      000249 03                     642 	.db #0x03	; 3
      00024A 03                     643 	.db #0x03	; 3
      00024B 03                     644 	.db #0x03	; 3
      00024C 03                     645 	.db #0x03	; 3
      00024D 03                     646 	.db #0x03	; 3
      00024E 03                     647 	.db #0x03	; 3
      00024F 03                     648 	.db #0x03	; 3
      000250 03                     649 	.db #0x03	; 3
      000251 03                     650 	.db #0x03	; 3
      000252 03                     651 	.db #0x03	; 3
      000253 03                     652 	.db #0x03	; 3
      000254 03                     653 	.db #0x03	; 3
      000255 03                     654 	.db #0x03	; 3
      000256 03                     655 	.db #0x03	; 3
      000257 04                     656 	.db #0x04	; 4
      000258 03                     657 	.db #0x03	; 3
      000259 03                     658 	.db #0x03	; 3
      00025A 03                     659 	.db #0x03	; 3
      00025B 03                     660 	.db #0x03	; 3
      00025C 04                     661 	.db #0x04	; 4
      00025D 03                     662 	.db #0x03	; 3
      00025E 03                     663 	.db #0x03	; 3
      00025F 03                     664 	.db #0x03	; 3
      000260 03                     665 	.db #0x03	; 3
      000261 03                     666 	.db #0x03	; 3
      000262 03                     667 	.db #0x03	; 3
      000263 03                     668 	.db #0x03	; 3
      000264 03                     669 	.db #0x03	; 3
      000265 03                     670 	.db #0x03	; 3
      000266 03                     671 	.db #0x03	; 3
      000267 03                     672 	.db #0x03	; 3
      000268 03                     673 	.db #0x03	; 3
      000269 03                     674 	.db #0x03	; 3
      00026A 03                     675 	.db #0x03	; 3
      00026B 04                     676 	.db #0x04	; 4
      00026C 03                     677 	.db #0x03	; 3
      00026D 03                     678 	.db #0x03	; 3
      00026E 03                     679 	.db #0x03	; 3
      00026F 03                     680 	.db #0x03	; 3
      000270                        681 _UserInterface_map_attributes:
      000270 00                     682 	.db #0x00	; 0
      000271 00                     683 	.db #0x00	; 0
      000272 00                     684 	.db #0x00	; 0
      000273 00                     685 	.db #0x00	; 0
      000274 00                     686 	.db #0x00	; 0
      000275 00                     687 	.db #0x00	; 0
      000276 00                     688 	.db #0x00	; 0
      000277 00                     689 	.db #0x00	; 0
      000278 00                     690 	.db #0x00	; 0
      000279 00                     691 	.db #0x00	; 0
      00027A 00                     692 	.db #0x00	; 0
      00027B 00                     693 	.db #0x00	; 0
      00027C 00                     694 	.db #0x00	; 0
      00027D 00                     695 	.db #0x00	; 0
      00027E 00                     696 	.db #0x00	; 0
      00027F 00                     697 	.db #0x00	; 0
      000280 00                     698 	.db #0x00	; 0
      000281 00                     699 	.db #0x00	; 0
      000282 00                     700 	.db #0x00	; 0
      000283 00                     701 	.db #0x00	; 0
      000284 00                     702 	.db #0x00	; 0
      000285 00                     703 	.db #0x00	; 0
      000286 00                     704 	.db #0x00	; 0
      000287 00                     705 	.db #0x00	; 0
      000288 00                     706 	.db #0x00	; 0
      000289 00                     707 	.db #0x00	; 0
      00028A 00                     708 	.db #0x00	; 0
      00028B 00                     709 	.db #0x00	; 0
      00028C 00                     710 	.db #0x00	; 0
      00028D 00                     711 	.db #0x00	; 0
      00028E 00                     712 	.db #0x00	; 0
      00028F 00                     713 	.db #0x00	; 0
      000290 00                     714 	.db #0x00	; 0
      000291 00                     715 	.db #0x00	; 0
      000292 00                     716 	.db #0x00	; 0
      000293 00                     717 	.db #0x00	; 0
      000294 00                     718 	.db #0x00	; 0
      000295 00                     719 	.db #0x00	; 0
      000296 00                     720 	.db #0x00	; 0
      000297 00                     721 	.db #0x00	; 0
      000298 00                     722 	.db #0x00	; 0
      000299 00                     723 	.db #0x00	; 0
      00029A 00                     724 	.db #0x00	; 0
      00029B 00                     725 	.db #0x00	; 0
      00029C 00                     726 	.db #0x00	; 0
      00029D 00                     727 	.db #0x00	; 0
      00029E 00                     728 	.db #0x00	; 0
      00029F 00                     729 	.db #0x00	; 0
      0002A0 00                     730 	.db #0x00	; 0
      0002A1 00                     731 	.db #0x00	; 0
      0002A2 00                     732 	.db #0x00	; 0
      0002A3 00                     733 	.db #0x00	; 0
      0002A4 00                     734 	.db #0x00	; 0
      0002A5 00                     735 	.db #0x00	; 0
      0002A6 00                     736 	.db #0x00	; 0
      0002A7 00                     737 	.db #0x00	; 0
      0002A8 00                     738 	.db #0x00	; 0
      0002A9 00                     739 	.db #0x00	; 0
      0002AA 00                     740 	.db #0x00	; 0
      0002AB 00                     741 	.db #0x00	; 0
      0002AC 00                     742 	.db #0x00	; 0
      0002AD 00                     743 	.db #0x00	; 0
      0002AE 00                     744 	.db #0x00	; 0
      0002AF 00                     745 	.db #0x00	; 0
      0002B0 00                     746 	.db #0x00	; 0
      0002B1 00                     747 	.db #0x00	; 0
      0002B2 00                     748 	.db #0x00	; 0
      0002B3 00                     749 	.db #0x00	; 0
      0002B4 00                     750 	.db #0x00	; 0
      0002B5 00                     751 	.db #0x00	; 0
      0002B6 00                     752 	.db #0x00	; 0
      0002B7 00                     753 	.db #0x00	; 0
      0002B8 00                     754 	.db #0x00	; 0
      0002B9 00                     755 	.db #0x00	; 0
      0002BA 00                     756 	.db #0x00	; 0
      0002BB 00                     757 	.db #0x00	; 0
      0002BC 00                     758 	.db #0x00	; 0
      0002BD 00                     759 	.db #0x00	; 0
      0002BE 00                     760 	.db #0x00	; 0
      0002BF 00                     761 	.db #0x00	; 0
      0002C0 00                     762 	.db #0x00	; 0
      0002C1 00                     763 	.db #0x00	; 0
      0002C2 00                     764 	.db #0x00	; 0
      0002C3 00                     765 	.db #0x00	; 0
      0002C4 00                     766 	.db #0x00	; 0
      0002C5 00                     767 	.db #0x00	; 0
      0002C6 00                     768 	.db #0x00	; 0
      0002C7 00                     769 	.db #0x00	; 0
      0002C8 00                     770 	.db #0x00	; 0
      0002C9 00                     771 	.db #0x00	; 0
      0002CA 00                     772 	.db #0x00	; 0
      0002CB 00                     773 	.db #0x00	; 0
      0002CC 00                     774 	.db #0x00	; 0
      0002CD 00                     775 	.db #0x00	; 0
      0002CE 00                     776 	.db #0x00	; 0
      0002CF 00                     777 	.db #0x00	; 0
      0002D0 00                     778 	.db #0x00	; 0
      0002D1 00                     779 	.db #0x00	; 0
      0002D2 00                     780 	.db #0x00	; 0
      0002D3 00                     781 	.db #0x00	; 0
      0002D4 00                     782 	.db #0x00	; 0
      0002D5 00                     783 	.db #0x00	; 0
      0002D6 00                     784 	.db #0x00	; 0
      0002D7 00                     785 	.db #0x00	; 0
      0002D8 00                     786 	.db #0x00	; 0
      0002D9 00                     787 	.db #0x00	; 0
      0002DA 00                     788 	.db #0x00	; 0
      0002DB 00                     789 	.db #0x00	; 0
      0002DC 00                     790 	.db #0x00	; 0
      0002DD 00                     791 	.db #0x00	; 0
      0002DE 00                     792 	.db #0x00	; 0
      0002DF 00                     793 	.db #0x00	; 0
      0002E0 00                     794 	.db #0x00	; 0
      0002E1 00                     795 	.db #0x00	; 0
      0002E2 00                     796 	.db #0x00	; 0
      0002E3 00                     797 	.db #0x00	; 0
      0002E4 00                     798 	.db #0x00	; 0
      0002E5 00                     799 	.db #0x00	; 0
      0002E6 00                     800 	.db #0x00	; 0
      0002E7 00                     801 	.db #0x00	; 0
      0002E8 00                     802 	.db #0x00	; 0
      0002E9 00                     803 	.db #0x00	; 0
      0002EA 00                     804 	.db #0x00	; 0
      0002EB 00                     805 	.db #0x00	; 0
      0002EC 00                     806 	.db #0x00	; 0
      0002ED 00                     807 	.db #0x00	; 0
      0002EE 00                     808 	.db #0x00	; 0
      0002EF 00                     809 	.db #0x00	; 0
      0002F0 00                     810 	.db #0x00	; 0
      0002F1 00                     811 	.db #0x00	; 0
      0002F2 00                     812 	.db #0x00	; 0
      0002F3 00                     813 	.db #0x00	; 0
      0002F4 00                     814 	.db #0x00	; 0
      0002F5 00                     815 	.db #0x00	; 0
      0002F6 00                     816 	.db #0x00	; 0
      0002F7 00                     817 	.db #0x00	; 0
      0002F8 00                     818 	.db #0x00	; 0
      0002F9 00                     819 	.db #0x00	; 0
      0002FA 00                     820 	.db #0x00	; 0
      0002FB 00                     821 	.db #0x00	; 0
      0002FC 00                     822 	.db #0x00	; 0
      0002FD 00                     823 	.db #0x00	; 0
      0002FE 00                     824 	.db #0x00	; 0
      0002FF 00                     825 	.db #0x00	; 0
      000300 00                     826 	.db #0x00	; 0
      000301 00                     827 	.db #0x00	; 0
      000302 00                     828 	.db #0x00	; 0
      000303 00                     829 	.db #0x00	; 0
      000304 00                     830 	.db #0x00	; 0
      000305 00                     831 	.db #0x00	; 0
      000306 00                     832 	.db #0x00	; 0
      000307 00                     833 	.db #0x00	; 0
      000308 00                     834 	.db #0x00	; 0
      000309 00                     835 	.db #0x00	; 0
      00030A 00                     836 	.db #0x00	; 0
      00030B 00                     837 	.db #0x00	; 0
      00030C 00                     838 	.db #0x00	; 0
      00030D 00                     839 	.db #0x00	; 0
      00030E 00                     840 	.db #0x00	; 0
      00030F 00                     841 	.db #0x00	; 0
      000310 00                     842 	.db #0x00	; 0
      000311 00                     843 	.db #0x00	; 0
      000312 00                     844 	.db #0x00	; 0
      000313 00                     845 	.db #0x00	; 0
      000314 00                     846 	.db #0x00	; 0
      000315 00                     847 	.db #0x00	; 0
      000316 00                     848 	.db #0x00	; 0
      000317 00                     849 	.db #0x00	; 0
      000318 00                     850 	.db #0x00	; 0
      000319 00                     851 	.db #0x00	; 0
      00031A 00                     852 	.db #0x00	; 0
      00031B 00                     853 	.db #0x00	; 0
      00031C 00                     854 	.db #0x00	; 0
      00031D 00                     855 	.db #0x00	; 0
      00031E 00                     856 	.db #0x00	; 0
      00031F 00                     857 	.db #0x00	; 0
      000320 00                     858 	.db #0x00	; 0
      000321 00                     859 	.db #0x00	; 0
      000322 00                     860 	.db #0x00	; 0
      000323 00                     861 	.db #0x00	; 0
      000324 00                     862 	.db #0x00	; 0
      000325 00                     863 	.db #0x00	; 0
      000326 00                     864 	.db #0x00	; 0
      000327 00                     865 	.db #0x00	; 0
      000328 00                     866 	.db #0x00	; 0
      000329 00                     867 	.db #0x00	; 0
      00032A 00                     868 	.db #0x00	; 0
      00032B 00                     869 	.db #0x00	; 0
      00032C 00                     870 	.db #0x00	; 0
      00032D 00                     871 	.db #0x00	; 0
      00032E 00                     872 	.db #0x00	; 0
      00032F 00                     873 	.db #0x00	; 0
      000330 00                     874 	.db #0x00	; 0
      000331 00                     875 	.db #0x00	; 0
      000332 00                     876 	.db #0x00	; 0
      000333 00                     877 	.db #0x00	; 0
      000334 00                     878 	.db #0x00	; 0
      000335 00                     879 	.db #0x00	; 0
      000336 00                     880 	.db #0x00	; 0
      000337 00                     881 	.db #0x00	; 0
      000338 00                     882 	.db #0x00	; 0
      000339 00                     883 	.db #0x00	; 0
      00033A 00                     884 	.db #0x00	; 0
      00033B 00                     885 	.db #0x00	; 0
      00033C 00                     886 	.db #0x00	; 0
      00033D 00                     887 	.db #0x00	; 0
      00033E 00                     888 	.db #0x00	; 0
      00033F 00                     889 	.db #0x00	; 0
      000340 00                     890 	.db #0x00	; 0
      000341 00                     891 	.db #0x00	; 0
      000342 00                     892 	.db #0x00	; 0
      000343 00                     893 	.db #0x00	; 0
      000344 00                     894 	.db #0x00	; 0
      000345 00                     895 	.db #0x00	; 0
      000346 00                     896 	.db #0x00	; 0
      000347 00                     897 	.db #0x00	; 0
      000348 00                     898 	.db #0x00	; 0
      000349 00                     899 	.db #0x00	; 0
      00034A 00                     900 	.db #0x00	; 0
      00034B 00                     901 	.db #0x00	; 0
      00034C 00                     902 	.db #0x00	; 0
      00034D 00                     903 	.db #0x00	; 0
      00034E 00                     904 	.db #0x00	; 0
      00034F 00                     905 	.db #0x00	; 0
      000350 00                     906 	.db #0x00	; 0
      000351 00                     907 	.db #0x00	; 0
      000352 00                     908 	.db #0x00	; 0
      000353 00                     909 	.db #0x00	; 0
      000354 00                     910 	.db #0x00	; 0
      000355 00                     911 	.db #0x00	; 0
      000356 00                     912 	.db #0x00	; 0
      000357 00                     913 	.db #0x00	; 0
      000358 00                     914 	.db #0x00	; 0
      000359 00                     915 	.db #0x00	; 0
      00035A 00                     916 	.db #0x00	; 0
      00035B 00                     917 	.db #0x00	; 0
      00035C 00                     918 	.db #0x00	; 0
      00035D 00                     919 	.db #0x00	; 0
      00035E 00                     920 	.db #0x00	; 0
      00035F 00                     921 	.db #0x00	; 0
      000360 00                     922 	.db #0x00	; 0
      000361 00                     923 	.db #0x00	; 0
      000362 00                     924 	.db #0x00	; 0
      000363 00                     925 	.db #0x00	; 0
      000364 00                     926 	.db #0x00	; 0
      000365 00                     927 	.db #0x00	; 0
      000366 00                     928 	.db #0x00	; 0
      000367 00                     929 	.db #0x00	; 0
      000368 00                     930 	.db #0x00	; 0
      000369 00                     931 	.db #0x00	; 0
      00036A 00                     932 	.db #0x00	; 0
      00036B 00                     933 	.db #0x00	; 0
      00036C 00                     934 	.db #0x00	; 0
      00036D 00                     935 	.db #0x00	; 0
      00036E 00                     936 	.db #0x00	; 0
      00036F 00                     937 	.db #0x00	; 0
      000370 00                     938 	.db #0x00	; 0
      000371 00                     939 	.db #0x00	; 0
      000372 00                     940 	.db #0x00	; 0
      000373 00                     941 	.db #0x00	; 0
      000374 00                     942 	.db #0x00	; 0
      000375 00                     943 	.db #0x00	; 0
      000376 00                     944 	.db #0x00	; 0
      000377 00                     945 	.db #0x00	; 0
      000378 00                     946 	.db #0x00	; 0
      000379 00                     947 	.db #0x00	; 0
      00037A 00                     948 	.db #0x00	; 0
      00037B 00                     949 	.db #0x00	; 0
      00037C 00                     950 	.db #0x00	; 0
      00037D 00                     951 	.db #0x00	; 0
      00037E 00                     952 	.db #0x00	; 0
      00037F 00                     953 	.db #0x00	; 0
      000380 00                     954 	.db #0x00	; 0
      000381 00                     955 	.db #0x00	; 0
      000382 00                     956 	.db #0x00	; 0
      000383 00                     957 	.db #0x00	; 0
      000384 00                     958 	.db #0x00	; 0
      000385 00                     959 	.db #0x00	; 0
      000386 00                     960 	.db #0x00	; 0
      000387 00                     961 	.db #0x00	; 0
      000388 00                     962 	.db #0x00	; 0
      000389 00                     963 	.db #0x00	; 0
      00038A 00                     964 	.db #0x00	; 0
      00038B 00                     965 	.db #0x00	; 0
      00038C 00                     966 	.db #0x00	; 0
      00038D 00                     967 	.db #0x00	; 0
      00038E 00                     968 	.db #0x00	; 0
      00038F 00                     969 	.db #0x00	; 0
      000390 00                     970 	.db #0x00	; 0
      000391 00                     971 	.db #0x00	; 0
      000392 00                     972 	.db #0x00	; 0
      000393 00                     973 	.db #0x00	; 0
      000394 00                     974 	.db #0x00	; 0
      000395 00                     975 	.db #0x00	; 0
      000396 00                     976 	.db #0x00	; 0
      000397 00                     977 	.db #0x00	; 0
      000398 00                     978 	.db #0x00	; 0
      000399 00                     979 	.db #0x00	; 0
      00039A 00                     980 	.db #0x00	; 0
      00039B 00                     981 	.db #0x00	; 0
      00039C 00                     982 	.db #0x00	; 0
      00039D 00                     983 	.db #0x00	; 0
      00039E 00                     984 	.db #0x00	; 0
      00039F 00                     985 	.db #0x00	; 0
      0003A0 00                     986 	.db #0x00	; 0
      0003A1 00                     987 	.db #0x00	; 0
      0003A2 00                     988 	.db #0x00	; 0
      0003A3 00                     989 	.db #0x00	; 0
      0003A4 00                     990 	.db #0x00	; 0
      0003A5 00                     991 	.db #0x00	; 0
      0003A6 00                     992 	.db #0x00	; 0
      0003A7 00                     993 	.db #0x00	; 0
      0003A8 00                     994 	.db #0x00	; 0
      0003A9 00                     995 	.db #0x00	; 0
      0003AA 00                     996 	.db #0x00	; 0
      0003AB 00                     997 	.db #0x00	; 0
      0003AC 00                     998 	.db #0x00	; 0
      0003AD 00                     999 	.db #0x00	; 0
      0003AE 00                    1000 	.db #0x00	; 0
      0003AF 00                    1001 	.db #0x00	; 0
      0003B0 00                    1002 	.db #0x00	; 0
      0003B1 00                    1003 	.db #0x00	; 0
      0003B2 00                    1004 	.db #0x00	; 0
      0003B3 00                    1005 	.db #0x00	; 0
      0003B4 00                    1006 	.db #0x00	; 0
      0003B5 00                    1007 	.db #0x00	; 0
      0003B6 00                    1008 	.db #0x00	; 0
      0003B7 00                    1009 	.db #0x00	; 0
      0003B8 00                    1010 	.db #0x00	; 0
      0003B9 00                    1011 	.db #0x00	; 0
      0003BA 00                    1012 	.db #0x00	; 0
      0003BB 00                    1013 	.db #0x00	; 0
      0003BC 00                    1014 	.db #0x00	; 0
      0003BD 00                    1015 	.db #0x00	; 0
      0003BE 00                    1016 	.db #0x00	; 0
      0003BF 00                    1017 	.db #0x00	; 0
      0003C0 00                    1018 	.db #0x00	; 0
      0003C1 00                    1019 	.db #0x00	; 0
      0003C2 00                    1020 	.db #0x00	; 0
      0003C3 00                    1021 	.db #0x00	; 0
      0003C4 00                    1022 	.db #0x00	; 0
      0003C5 00                    1023 	.db #0x00	; 0
      0003C6 00                    1024 	.db #0x00	; 0
      0003C7 00                    1025 	.db #0x00	; 0
      0003C8 00                    1026 	.db #0x00	; 0
      0003C9 00                    1027 	.db #0x00	; 0
      0003CA 00                    1028 	.db #0x00	; 0
      0003CB 00                    1029 	.db #0x00	; 0
      0003CC 00                    1030 	.db #0x00	; 0
      0003CD 00                    1031 	.db #0x00	; 0
      0003CE 00                    1032 	.db #0x00	; 0
      0003CF 00                    1033 	.db #0x00	; 0
      0003D0 00                    1034 	.db #0x00	; 0
      0003D1 00                    1035 	.db #0x00	; 0
      0003D2 00                    1036 	.db #0x00	; 0
      0003D3 00                    1037 	.db #0x00	; 0
      0003D4 00                    1038 	.db #0x00	; 0
      0003D5 00                    1039 	.db #0x00	; 0
      0003D6 00                    1040 	.db #0x00	; 0
      0003D7 00                    1041 	.db #0x00	; 0
                                   1042 	.area _INITIALIZER
                                   1043 	.area _CABS (ABS)
