                                      1 ;--------------------------------------------------------
                                      2 ; File Created by SDCC : free open source ISO C Compiler 
                                      3 ; Version 4.3.2 #14228 (MINGW64)
                                      4 ;--------------------------------------------------------
                                      5 	.module select
                                      6 	.optsdcc -msm83
                                      7 	
                                      8 ;--------------------------------------------------------
                                      9 ; Public variables in this module
                                     10 ;--------------------------------------------------------
                                     11 	.globl _select_metasprites
                                     12 	.globl _select_metasprite0
                                     13 	.globl _select_tiles
                                     14 	.globl _select_palettes
                                     15 	.globl b___func_select
                                     16 	.globl ___func_select
                                     17 ;--------------------------------------------------------
                                     18 ; special function registers
                                     19 ;--------------------------------------------------------
                                     20 ;--------------------------------------------------------
                                     21 ; ram data
                                     22 ;--------------------------------------------------------
                                     23 	.area _DATA
                                     24 ;--------------------------------------------------------
                                     25 ; ram data
                                     26 ;--------------------------------------------------------
                                     27 	.area _INITIALIZED
                                     28 ;--------------------------------------------------------
                                     29 ; absolute external ram data
                                     30 ;--------------------------------------------------------
                                     31 	.area _DABS (ABS)
                                     32 ;--------------------------------------------------------
                                     33 ; global & static initialisations
                                     34 ;--------------------------------------------------------
                                     35 	.area _HOME
                                     36 	.area _GSINIT
                                     37 	.area _GSFINAL
                                     38 	.area _GSINIT
                                     39 ;--------------------------------------------------------
                                     40 ; Home
                                     41 ;--------------------------------------------------------
                                     42 	.area _HOME
                                     43 	.area _HOME
                                     44 ;--------------------------------------------------------
                                     45 ; code
                                     46 ;--------------------------------------------------------
                                     47 	.area _CODE
                                     48 ;E:\make_202008\GameBoy\WifiGameBoy\Bolcof\JunkYard\source\gen\graphics\select.c:7: BANKREF(select)
                                     49 ;	---------------------------------
                                     50 ; Function __func_select
                                     51 ; ---------------------------------
                           000000    52 	b___func_select	= 0
      000000                         53 ___func_select::
                                     54 	.local b___func_select 
                           000000    55 	___bank_select = b___func_select 
                                     56 	.globl ___bank_select 
                                     57 	.area _CODE
      000000                         58 _select_palettes:
      000000 00 00                   59 	.dw #0x0000
      000002 84 18                   60 	.dw #0x1884
      000004 A8 1C                   61 	.dw #0x1ca8
      000006 EC 18                   62 	.dw #0x18ec
      000008 51 1D                   63 	.dw #0x1d51
      00000A DB 11                   64 	.dw #0x11db
      00000C 9B 32                   65 	.dw #0x329b
      00000E 1D 4F                   66 	.dw #0x4f1d
      000010 DF 1B                   67 	.dw #0x1bdf
      000012 93 2B                   68 	.dw #0x2b93
      000014 ED 1A                   69 	.dw #0x1aed
      000016 46 36                   70 	.dw #0x3646
      000018 A9 15                   71 	.dw #0x15a9
      00001A 2A 11                   72 	.dw #0x112a
      00001C E6 1C                   73 	.dw #0x1ce6
      00001E E7 38                   74 	.dw #0x38e7
      000020 86 41                   75 	.dw #0x4186
      000022 AB 71                   76 	.dw #0x71ab
      000024 6C 7E                   77 	.dw #0x7e6c
      000026 2B 73                   78 	.dw #0x732b
      000028 79 7F                   79 	.dw #0x7f79
      00002A FF 7F                   80 	.dw #0x7fff
      00002C B3 5A                   81 	.dw #0x5ab3
      00002E F0 41                   82 	.dw #0x41f0
      000030 AD 35                   83 	.dw #0x35ad
      000032 4B 29                   84 	.dw #0x294b
      000034 0E 45                   85 	.dw #0x450e
      000036 D5 18                   86 	.dw #0x18d5
      000038 5B 31                   87 	.dw #0x315b
      00003A FA 5D                   88 	.dw #0x5dfa
      00003C 51 26                   89 	.dw #0x2651
      00003E B1 19                   90 	.dw #0x19b1
      000040                         91 _select_tiles:
      000040 DA                      92 	.db #0xda	; 218
      000041 00                      93 	.db #0x00	; 0
      000042 92                      94 	.db #0x92	; 146
      000043 00                      95 	.db #0x00	; 0
      000044 DA                      96 	.db #0xda	; 218
      000045 00                      97 	.db #0x00	; 0
      000046 52                      98 	.db #0x52	; 82	'R'
      000047 00                      99 	.db #0x00	; 0
      000048 DB                     100 	.db #0xdb	; 219
      000049 00                     101 	.db #0x00	; 0
      00004A 00                     102 	.db #0x00	; 0
      00004B 00                     103 	.db #0x00	; 0
      00004C 01                     104 	.db #0x01	; 1
      00004D C5                     105 	.db #0xc5	; 197
      00004E 00                     106 	.db #0x00	; 0
      00004F 00                     107 	.db #0x00	; 0
      000050 6D                     108 	.db #0x6d	; 109	'm'
      000051 00                     109 	.db #0x00	; 0
      000052 48                     110 	.db #0x48	; 72	'H'
      000053 00                     111 	.db #0x00	; 0
      000054 68                     112 	.db #0x68	; 104	'h'
      000055 00                     113 	.db #0x00	; 0
      000056 48                     114 	.db #0x48	; 72	'H'
      000057 00                     115 	.db #0x00	; 0
      000058 6C                     116 	.db #0x6c	; 108	'l'
      000059 00                     117 	.db #0x00	; 0
      00005A 00                     118 	.db #0x00	; 0
      00005B 01                     119 	.db #0x01	; 1
      00005C 41                     120 	.db #0x41	; 65	'A'
      00005D 85                     121 	.db #0x85	; 133
      00005E 0E                     122 	.db #0x0e	; 14
      00005F 07                     123 	.db #0x07	; 7
      000060 E4                     124 	.db #0xe4	; 228
      000061 00                     125 	.db #0x00	; 0
      000062 B6                     126 	.db #0xb6	; 182
      000063 00                     127 	.db #0x00	; 0
      000064 94                     128 	.db #0x94	; 148
      000065 00                     129 	.db #0x00	; 0
      000066 B6                     130 	.db #0xb6	; 182
      000067 00                     131 	.db #0x00	; 0
      000068 80                     132 	.db #0x80	; 128
      000069 00                     133 	.db #0x00	; 0
      00006A 82                     134 	.db #0x82	; 130
      00006B 73                     135 	.db #0x73	; 115	's'
      00006C 41                     136 	.db #0x41	; 65	'A'
      00006D 85                     137 	.db #0x85	; 133
      00006E 05                     138 	.db #0x05	; 5
      00006F 06                     139 	.db #0x06	; 6
      000070                        140 _select_metasprite0:
      000070 FE                     141 	.db #0xfe	; -2
      000071 F7                     142 	.db #0xf7	; -9
      000072 00                     143 	.db #0x00	; 0
      000073 00                     144 	.db #0x00	; 0
      000074 00                     145 	.db #0x00	;  0
      000075 08                     146 	.db #0x08	;  8
      000076 01                     147 	.db #0x01	; 1
      000077 00                     148 	.db #0x00	; 0
      000078 00                     149 	.db #0x00	;  0
      000079 08                     150 	.db #0x08	;  8
      00007A 02                     151 	.db #0x02	; 2
      00007B 00                     152 	.db #0x00	; 0
      00007C 80                     153 	.db #0x80	; -128
      00007D 00                     154 	.db #0x00	;  0
      00007E 00                     155 	.db #0x00	; 0
      00007F 00                     156 	.db #0x00	; 0
      000080                        157 _select_metasprites:
      000080r70r00                  158 	.dw _select_metasprite0
                                    159 	.area _INITIALIZER
                                    160 	.area _CABS (ABS)
