                                      1 ;--------------------------------------------------------
                                      2 ; File Created by SDCC : free open source ISO C Compiler 
                                      3 ; Version 4.3.2 #14228 (MINGW64)
                                      4 ;--------------------------------------------------------
                                      5 	.module Bricks
                                      6 	.optsdcc -msm83
                                      7 	
                                      8 ;--------------------------------------------------------
                                      9 ; Public variables in this module
                                     10 ;--------------------------------------------------------
                                     11 	.globl _Bricks_map_attributes
                                     12 	.globl _Bricks_map
                                     13 	.globl _Bricks_tiles
                                     14 	.globl _Bricks_palettes
                                     15 	.globl b___func_Bricks
                                     16 	.globl ___func_Bricks
                                     17 ;--------------------------------------------------------
                                     18 ; special function registers
                                     19 ;--------------------------------------------------------
                                     20 ;--------------------------------------------------------
                                     21 ; ram data
                                     22 ;--------------------------------------------------------
                                     23 	.area _DATA
                                     24 ;--------------------------------------------------------
                                     25 ; ram data
                                     26 ;--------------------------------------------------------
                                     27 	.area _INITIALIZED
                                     28 ;--------------------------------------------------------
                                     29 ; absolute external ram data
                                     30 ;--------------------------------------------------------
                                     31 	.area _DABS (ABS)
                                     32 ;--------------------------------------------------------
                                     33 ; global & static initialisations
                                     34 ;--------------------------------------------------------
                                     35 	.area _HOME
                                     36 	.area _GSINIT
                                     37 	.area _GSFINAL
                                     38 	.area _GSINIT
                                     39 ;--------------------------------------------------------
                                     40 ; Home
                                     41 ;--------------------------------------------------------
                                     42 	.area _HOME
                                     43 	.area _HOME
                                     44 ;--------------------------------------------------------
                                     45 ; code
                                     46 ;--------------------------------------------------------
                                     47 	.area _CODE
                                     48 ;E:\make_202008\GameBoy\WifiGameBoy\Bolcof\JunkYard\source\gen\graphics\Bricks.c:7: BANKREF(Bricks)
                                     49 ;	---------------------------------
                                     50 ; Function __func_Bricks
                                     51 ; ---------------------------------
                           000000    52 	b___func_Bricks	= 0
      000000                         53 ___func_Bricks::
                                     54 	.local b___func_Bricks 
                           000000    55 	___bank_Bricks = b___func_Bricks 
                                     56 	.globl ___bank_Bricks 
                                     57 	.area _CODE
      000000                         58 _Bricks_palettes:
      000000 FF 7F                   59 	.dw #0x7fff
      000002 B5 56                   60 	.dw #0x56b5
      000004 8C 31                   61 	.dw #0x318c
      000006 00 00                   62 	.dw #0x0000
      000008                         63 _Bricks_tiles:
      000008 00                      64 	.db #0x00	; 0
      000009 00                      65 	.db #0x00	; 0
      00000A 00                      66 	.db #0x00	; 0
      00000B 00                      67 	.db #0x00	; 0
      00000C 00                      68 	.db #0x00	; 0
      00000D 00                      69 	.db #0x00	; 0
      00000E 00                      70 	.db #0x00	; 0
      00000F 00                      71 	.db #0x00	; 0
      000010 00                      72 	.db #0x00	; 0
      000011 00                      73 	.db #0x00	; 0
      000012 00                      74 	.db #0x00	; 0
      000013 00                      75 	.db #0x00	; 0
      000014 00                      76 	.db #0x00	; 0
      000015 00                      77 	.db #0x00	; 0
      000016 00                      78 	.db #0x00	; 0
      000017 00                      79 	.db #0x00	; 0
      000018 FF                      80 	.db #0xff	; 255
      000019 01                      81 	.db #0x01	; 1
      00001A 81                      82 	.db #0x81	; 129
      00001B 01                      83 	.db #0x01	; 1
      00001C 81                      84 	.db #0x81	; 129
      00001D 01                      85 	.db #0x01	; 1
      00001E FF                      86 	.db #0xff	; 255
      00001F FF                      87 	.db #0xff	; 255
      000020 FF                      88 	.db #0xff	; 255
      000021 01                      89 	.db #0x01	; 1
      000022 81                      90 	.db #0x81	; 129
      000023 01                      91 	.db #0x01	; 1
      000024 81                      92 	.db #0x81	; 129
      000025 01                      93 	.db #0x01	; 1
      000026 FF                      94 	.db #0xff	; 255
      000027 FF                      95 	.db #0xff	; 255
      000028 FF                      96 	.db #0xff	; 255
      000029 01                      97 	.db #0x01	; 1
      00002A 81                      98 	.db #0x81	; 129
      00002B 01                      99 	.db #0x01	; 1
      00002C 81                     100 	.db #0x81	; 129
      00002D 01                     101 	.db #0x01	; 1
      00002E FF                     102 	.db #0xff	; 255
      00002F FF                     103 	.db #0xff	; 255
      000030 FF                     104 	.db #0xff	; 255
      000031 01                     105 	.db #0x01	; 1
      000032 FF                     106 	.db #0xff	; 255
      000033 01                     107 	.db #0x01	; 1
      000034 FF                     108 	.db #0xff	; 255
      000035 01                     109 	.db #0x01	; 1
      000036 FF                     110 	.db #0xff	; 255
      000037 FF                     111 	.db #0xff	; 255
      000038 FF                     112 	.db #0xff	; 255
      000039 01                     113 	.db #0x01	; 1
      00003A 81                     114 	.db #0x81	; 129
      00003B 01                     115 	.db #0x01	; 1
      00003C 81                     116 	.db #0x81	; 129
      00003D 01                     117 	.db #0x01	; 1
      00003E FF                     118 	.db #0xff	; 255
      00003F FF                     119 	.db #0xff	; 255
      000040 01                     120 	.db #0x01	; 1
      000041 FF                     121 	.db #0xff	; 255
      000042 01                     122 	.db #0x01	; 1
      000043 FF                     123 	.db #0xff	; 255
      000044 01                     124 	.db #0x01	; 1
      000045 FF                     125 	.db #0xff	; 255
      000046 FF                     126 	.db #0xff	; 255
      000047 FF                     127 	.db #0xff	; 255
      000048 FF                     128 	.db #0xff	; 255
      000049 01                     129 	.db #0x01	; 1
      00004A 81                     130 	.db #0x81	; 129
      00004B 01                     131 	.db #0x01	; 1
      00004C 81                     132 	.db #0x81	; 129
      00004D 01                     133 	.db #0x01	; 1
      00004E FF                     134 	.db #0xff	; 255
      00004F FF                     135 	.db #0xff	; 255
      000050 00                     136 	.db #0x00	; 0
      000051 00                     137 	.db #0x00	; 0
      000052 00                     138 	.db #0x00	; 0
      000053 00                     139 	.db #0x00	; 0
      000054 00                     140 	.db #0x00	; 0
      000055 00                     141 	.db #0x00	; 0
      000056 00                     142 	.db #0x00	; 0
      000057 00                     143 	.db #0x00	; 0
      000058 FF                     144 	.db #0xff	; 255
      000059 01                     145 	.db #0x01	; 1
      00005A FF                     146 	.db #0xff	; 255
      00005B 01                     147 	.db #0x01	; 1
      00005C FF                     148 	.db #0xff	; 255
      00005D 01                     149 	.db #0x01	; 1
      00005E FF                     150 	.db #0xff	; 255
      00005F FF                     151 	.db #0xff	; 255
      000060 FF                     152 	.db #0xff	; 255
      000061 01                     153 	.db #0x01	; 1
      000062 81                     154 	.db #0x81	; 129
      000063 01                     155 	.db #0x01	; 1
      000064 81                     156 	.db #0x81	; 129
      000065 01                     157 	.db #0x01	; 1
      000066 FF                     158 	.db #0xff	; 255
      000067 FF                     159 	.db #0xff	; 255
      000068 FF                     160 	.db #0xff	; 255
      000069 01                     161 	.db #0x01	; 1
      00006A FF                     162 	.db #0xff	; 255
      00006B 01                     163 	.db #0x01	; 1
      00006C FF                     164 	.db #0xff	; 255
      00006D 01                     165 	.db #0x01	; 1
      00006E FF                     166 	.db #0xff	; 255
      00006F FF                     167 	.db #0xff	; 255
      000070 FF                     168 	.db #0xff	; 255
      000071 01                     169 	.db #0x01	; 1
      000072 FF                     170 	.db #0xff	; 255
      000073 01                     171 	.db #0x01	; 1
      000074 FF                     172 	.db #0xff	; 255
      000075 01                     173 	.db #0x01	; 1
      000076 FF                     174 	.db #0xff	; 255
      000077 FF                     175 	.db #0xff	; 255
      000078 FF                     176 	.db #0xff	; 255
      000079 01                     177 	.db #0x01	; 1
      00007A FF                     178 	.db #0xff	; 255
      00007B 01                     179 	.db #0x01	; 1
      00007C FF                     180 	.db #0xff	; 255
      00007D 01                     181 	.db #0x01	; 1
      00007E FF                     182 	.db #0xff	; 255
      00007F FF                     183 	.db #0xff	; 255
      000080 01                     184 	.db #0x01	; 1
      000081 FF                     185 	.db #0xff	; 255
      000082 01                     186 	.db #0x01	; 1
      000083 FF                     187 	.db #0xff	; 255
      000084 01                     188 	.db #0x01	; 1
      000085 FF                     189 	.db #0xff	; 255
      000086 FF                     190 	.db #0xff	; 255
      000087 FF                     191 	.db #0xff	; 255
      000088 FF                     192 	.db #0xff	; 255
      000089 01                     193 	.db #0x01	; 1
      00008A FF                     194 	.db #0xff	; 255
      00008B 01                     195 	.db #0x01	; 1
      00008C FF                     196 	.db #0xff	; 255
      00008D 01                     197 	.db #0x01	; 1
      00008E FF                     198 	.db #0xff	; 255
      00008F FF                     199 	.db #0xff	; 255
      000090 00                     200 	.db #0x00	; 0
      000091 00                     201 	.db #0x00	; 0
      000092 00                     202 	.db #0x00	; 0
      000093 00                     203 	.db #0x00	; 0
      000094 00                     204 	.db #0x00	; 0
      000095 00                     205 	.db #0x00	; 0
      000096 00                     206 	.db #0x00	; 0
      000097 00                     207 	.db #0x00	; 0
      000098 01                     208 	.db #0x01	; 1
      000099 FF                     209 	.db #0xff	; 255
      00009A 01                     210 	.db #0x01	; 1
      00009B FF                     211 	.db #0xff	; 255
      00009C 01                     212 	.db #0x01	; 1
      00009D FF                     213 	.db #0xff	; 255
      00009E FF                     214 	.db #0xff	; 255
      00009F FF                     215 	.db #0xff	; 255
      0000A0 FF                     216 	.db #0xff	; 255
      0000A1 01                     217 	.db #0x01	; 1
      0000A2 81                     218 	.db #0x81	; 129
      0000A3 01                     219 	.db #0x01	; 1
      0000A4 81                     220 	.db #0x81	; 129
      0000A5 01                     221 	.db #0x01	; 1
      0000A6 FF                     222 	.db #0xff	; 255
      0000A7 FF                     223 	.db #0xff	; 255
      0000A8 01                     224 	.db #0x01	; 1
      0000A9 FF                     225 	.db #0xff	; 255
      0000AA 01                     226 	.db #0x01	; 1
      0000AB FF                     227 	.db #0xff	; 255
      0000AC 01                     228 	.db #0x01	; 1
      0000AD FF                     229 	.db #0xff	; 255
      0000AE FF                     230 	.db #0xff	; 255
      0000AF FF                     231 	.db #0xff	; 255
      0000B0 FF                     232 	.db #0xff	; 255
      0000B1 01                     233 	.db #0x01	; 1
      0000B2 FF                     234 	.db #0xff	; 255
      0000B3 01                     235 	.db #0x01	; 1
      0000B4 FF                     236 	.db #0xff	; 255
      0000B5 01                     237 	.db #0x01	; 1
      0000B6 FF                     238 	.db #0xff	; 255
      0000B7 FF                     239 	.db #0xff	; 255
      0000B8 01                     240 	.db #0x01	; 1
      0000B9 FF                     241 	.db #0xff	; 255
      0000BA 01                     242 	.db #0x01	; 1
      0000BB FF                     243 	.db #0xff	; 255
      0000BC 01                     244 	.db #0x01	; 1
      0000BD FF                     245 	.db #0xff	; 255
      0000BE FF                     246 	.db #0xff	; 255
      0000BF FF                     247 	.db #0xff	; 255
      0000C0 01                     248 	.db #0x01	; 1
      0000C1 FF                     249 	.db #0xff	; 255
      0000C2 01                     250 	.db #0x01	; 1
      0000C3 FF                     251 	.db #0xff	; 255
      0000C4 01                     252 	.db #0x01	; 1
      0000C5 FF                     253 	.db #0xff	; 255
      0000C6 FF                     254 	.db #0xff	; 255
      0000C7 FF                     255 	.db #0xff	; 255
      0000C8 01                     256 	.db #0x01	; 1
      0000C9 FF                     257 	.db #0xff	; 255
      0000CA 01                     258 	.db #0x01	; 1
      0000CB FF                     259 	.db #0xff	; 255
      0000CC 01                     260 	.db #0x01	; 1
      0000CD FF                     261 	.db #0xff	; 255
      0000CE FF                     262 	.db #0xff	; 255
      0000CF FF                     263 	.db #0xff	; 255
      0000D0 00                     264 	.db #0x00	; 0
      0000D1 00                     265 	.db #0x00	; 0
      0000D2 00                     266 	.db #0x00	; 0
      0000D3 00                     267 	.db #0x00	; 0
      0000D4 00                     268 	.db #0x00	; 0
      0000D5 00                     269 	.db #0x00	; 0
      0000D6 00                     270 	.db #0x00	; 0
      0000D7 00                     271 	.db #0x00	; 0
      0000D8 00                     272 	.db #0x00	; 0
      0000D9 00                     273 	.db #0x00	; 0
      0000DA 00                     274 	.db #0x00	; 0
      0000DB 00                     275 	.db #0x00	; 0
      0000DC 00                     276 	.db #0x00	; 0
      0000DD 00                     277 	.db #0x00	; 0
      0000DE 00                     278 	.db #0x00	; 0
      0000DF 00                     279 	.db #0x00	; 0
      0000E0 FF                     280 	.db #0xff	; 255
      0000E1 01                     281 	.db #0x01	; 1
      0000E2 81                     282 	.db #0x81	; 129
      0000E3 01                     283 	.db #0x01	; 1
      0000E4 81                     284 	.db #0x81	; 129
      0000E5 01                     285 	.db #0x01	; 1
      0000E6 FF                     286 	.db #0xff	; 255
      0000E7 FF                     287 	.db #0xff	; 255
      0000E8 00                     288 	.db #0x00	; 0
      0000E9 00                     289 	.db #0x00	; 0
      0000EA 00                     290 	.db #0x00	; 0
      0000EB 00                     291 	.db #0x00	; 0
      0000EC 00                     292 	.db #0x00	; 0
      0000ED 00                     293 	.db #0x00	; 0
      0000EE 00                     294 	.db #0x00	; 0
      0000EF 00                     295 	.db #0x00	; 0
      0000F0 FF                     296 	.db #0xff	; 255
      0000F1 01                     297 	.db #0x01	; 1
      0000F2 FF                     298 	.db #0xff	; 255
      0000F3 01                     299 	.db #0x01	; 1
      0000F4 FF                     300 	.db #0xff	; 255
      0000F5 01                     301 	.db #0x01	; 1
      0000F6 FF                     302 	.db #0xff	; 255
      0000F7 FF                     303 	.db #0xff	; 255
      0000F8 00                     304 	.db #0x00	; 0
      0000F9 00                     305 	.db #0x00	; 0
      0000FA 00                     306 	.db #0x00	; 0
      0000FB 00                     307 	.db #0x00	; 0
      0000FC 00                     308 	.db #0x00	; 0
      0000FD 00                     309 	.db #0x00	; 0
      0000FE 00                     310 	.db #0x00	; 0
      0000FF 00                     311 	.db #0x00	; 0
      000100 01                     312 	.db #0x01	; 1
      000101 FF                     313 	.db #0xff	; 255
      000102 01                     314 	.db #0x01	; 1
      000103 FF                     315 	.db #0xff	; 255
      000104 01                     316 	.db #0x01	; 1
      000105 FF                     317 	.db #0xff	; 255
      000106 FF                     318 	.db #0xff	; 255
      000107 FF                     319 	.db #0xff	; 255
      000108 01                     320 	.db #0x01	; 1
      000109 FF                     321 	.db #0xff	; 255
      00010A 3D                     322 	.db #0x3d	; 61
      00010B 83                     323 	.db #0x83	; 131
      00010C 19                     324 	.db #0x19	; 25
      00010D 87                     325 	.db #0x87	; 135
      00010E 01                     326 	.db #0x01	; 1
      00010F 8F                     327 	.db #0x8f	; 143
      000110 19                     328 	.db #0x19	; 25
      000111 9F                     329 	.db #0x9f	; 159
      000112 3D                     330 	.db #0x3d	; 61
      000113 BF                     331 	.db #0xbf	; 191
      000114 7F                     332 	.db #0x7f	; 127
      000115 FF                     333 	.db #0xff	; 255
      000116 FF                     334 	.db #0xff	; 255
      000117 FF                     335 	.db #0xff	; 255
      000118                        336 _Bricks_map:
      000118 00                     337 	.db #0x00	; 0
      000119 00                     338 	.db #0x00	; 0
      00011A 00                     339 	.db #0x00	; 0
      00011B 00                     340 	.db #0x00	; 0
      00011C 01                     341 	.db #0x01	; 1
      00011D 02                     342 	.db #0x02	; 2
      00011E 03                     343 	.db #0x03	; 3
      00011F 04                     344 	.db #0x04	; 4
      000120 05                     345 	.db #0x05	; 5
      000121 06                     346 	.db #0x06	; 6
      000122 07                     347 	.db #0x07	; 7
      000123 08                     348 	.db #0x08	; 8
      000124 09                     349 	.db #0x09	; 9
      000125 0A                     350 	.db #0x0a	; 10
      000126 0B                     351 	.db #0x0b	; 11
      000127 0C                     352 	.db #0x0c	; 12
      000128 0D                     353 	.db #0x0d	; 13
      000129 0E                     354 	.db #0x0e	; 14
      00012A 0F                     355 	.db #0x0f	; 15
      00012B 10                     356 	.db #0x10	; 16
      00012C                        357 _Bricks_map_attributes:
      00012C 00                     358 	.db #0x00	; 0
      00012D 00                     359 	.db #0x00	; 0
      00012E 00                     360 	.db #0x00	; 0
      00012F 00                     361 	.db #0x00	; 0
      000130 00                     362 	.db #0x00	; 0
      000131 00                     363 	.db #0x00	; 0
      000132 00                     364 	.db #0x00	; 0
      000133 00                     365 	.db #0x00	; 0
      000134 00                     366 	.db #0x00	; 0
      000135 00                     367 	.db #0x00	; 0
      000136 00                     368 	.db #0x00	; 0
      000137 00                     369 	.db #0x00	; 0
      000138 00                     370 	.db #0x00	; 0
      000139 00                     371 	.db #0x00	; 0
      00013A 00                     372 	.db #0x00	; 0
      00013B 00                     373 	.db #0x00	; 0
      00013C 00                     374 	.db #0x00	; 0
      00013D 00                     375 	.db #0x00	; 0
      00013E 00                     376 	.db #0x00	; 0
      00013F 00                     377 	.db #0x00	; 0
                                    378 	.area _INITIALIZER
                                    379 	.area _CABS (ABS)
