                                      1 ;--------------------------------------------------------
                                      2 ; File Created by SDCC : free open source ISO C Compiler 
                                      3 ; Version 4.3.2 #14228 (MINGW64)
                                      4 ;--------------------------------------------------------
                                      5 	.module paddle
                                      6 	.optsdcc -msm83
                                      7 	
                                      8 ;--------------------------------------------------------
                                      9 ; Public variables in this module
                                     10 ;--------------------------------------------------------
                                     11 	.globl _UpdatePaddle
                                     12 	.globl _ResetPaddle
                                     13 ;--------------------------------------------------------
                                     14 ; special function registers
                                     15 ;--------------------------------------------------------
                                     16 ;--------------------------------------------------------
                                     17 ; ram data
                                     18 ;--------------------------------------------------------
                                     19 	.area _DATA
                                     20 ;--------------------------------------------------------
                                     21 ; ram data
                                     22 ;--------------------------------------------------------
                                     23 	.area _INITIALIZED
                                     24 ;--------------------------------------------------------
                                     25 ; absolute external ram data
                                     26 ;--------------------------------------------------------
                                     27 	.area _DABS (ABS)
                                     28 ;--------------------------------------------------------
                                     29 ; global & static initialisations
                                     30 ;--------------------------------------------------------
                                     31 	.area _HOME
                                     32 	.area _GSINIT
                                     33 	.area _GSFINAL
                                     34 	.area _GSINIT
                                     35 ;--------------------------------------------------------
                                     36 ; Home
                                     37 ;--------------------------------------------------------
                                     38 	.area _HOME
                                     39 	.area _HOME
                                     40 ;--------------------------------------------------------
                                     41 ; code
                                     42 ;--------------------------------------------------------
                                     43 	.area _CODE
                                     44 ;E:\make_202008\GameBoy\WifiGameBoy\Bolcof\JunkYard\source\default\paddle.c:5: void ResetPaddle(){
                                     45 ;	---------------------------------
                                     46 ; Function ResetPaddle
                                     47 ; ---------------------------------
      000000                         48 _ResetPaddle::
                                     49 ;E:\make_202008\GameBoy\WifiGameBoy\Bolcof\JunkYard\source\default\paddle.c:8: paddleX=80<<4;
      000000 21r00r00         [12]   50 	ld	hl, #_paddleX
      000003 AF               [ 4]   51 	xor	a, a
      000004 22               [ 8]   52 	ld	(hl+), a
      000005 36 05            [12]   53 	ld	(hl), #0x05
                                     54 ;E:\make_202008\GameBoy\WifiGameBoy\Bolcof\JunkYard\source\default\paddle.c:9: paddleY=130<<4;
      000007 21r00r00         [12]   55 	ld	hl, #_paddleY
      00000A 3E 20            [ 8]   56 	ld	a, #0x20
      00000C 22               [ 8]   57 	ld	(hl+), a
      00000D 36 08            [12]   58 	ld	(hl), #0x08
                                     59 ;E:\make_202008\GameBoy\WifiGameBoy\Bolcof\JunkYard\source\default\paddle.c:10: paddleXSpeed=0;
      00000F AF               [ 4]   60 	xor	a, a
      000010 21r00r00         [12]   61 	ld	hl, #_paddleXSpeed
      000013 22               [ 8]   62 	ld	(hl+), a
      000014 77               [ 8]   63 	ld	(hl), a
                                     64 ;E:\make_202008\GameBoy\WifiGameBoy\Bolcof\JunkYard\source\default\paddle.c:12: }
      000015 C9               [16]   65 	ret
                                     66 ;E:\make_202008\GameBoy\WifiGameBoy\Bolcof\JunkYard\source\default\paddle.c:13: uint8_t UpdatePaddle(){
                                     67 ;	---------------------------------
                                     68 ; Function UpdatePaddle
                                     69 ; ---------------------------------
      000016                         70 _UpdatePaddle::
      000016 E8 F4            [16]   71 	add	sp, #-12
                                     72 ;E:\make_202008\GameBoy\WifiGameBoy\Bolcof\JunkYard\source\default\paddle.c:15: if(joypadCurrent & J_LEFT){
      000018 FAr00r00         [16]   73 	ld	a, (#_joypadCurrent)
      00001B CB 4F            [ 8]   74 	bit	1, a
      00001D 28 0A            [12]   75 	jr	Z, 00111$
                                     76 ;E:\make_202008\GameBoy\WifiGameBoy\Bolcof\JunkYard\source\default\paddle.c:16: paddleXSpeed=-500;
      00001F 21r00r00         [12]   77 	ld	hl, #_paddleXSpeed
      000022 3E 0C            [ 8]   78 	ld	a, #0x0c
      000024 22               [ 8]   79 	ld	(hl+), a
      000025 36 FE            [12]   80 	ld	(hl), #0xfe
      000027 18 6F            [12]   81 	jr	00112$
      000029                         82 00111$:
                                     83 ;E:\make_202008\GameBoy\WifiGameBoy\Bolcof\JunkYard\source\default\paddle.c:18: }else if(joypadCurrent & J_RIGHT){
      000029 0F               [ 4]   84 	rrca
      00002A 30 0A            [12]   85 	jr	NC, 00108$
                                     86 ;E:\make_202008\GameBoy\WifiGameBoy\Bolcof\JunkYard\source\default\paddle.c:19: paddleXSpeed=500;
      00002C 21r00r00         [12]   87 	ld	hl, #_paddleXSpeed
      00002F 3E F4            [ 8]   88 	ld	a, #0xf4
      000031 22               [ 8]   89 	ld	(hl+), a
      000032 36 01            [12]   90 	ld	(hl), #0x01
      000034 18 62            [12]   91 	jr	00112$
      000036                         92 00108$:
                                     93 ;E:\make_202008\GameBoy\WifiGameBoy\Bolcof\JunkYard\source\default\paddle.c:24: if(paddleXSpeed>50)paddleXSpeed-=50;
      000036 21r00r00         [12]   94 	ld	hl, #_paddleXSpeed
      000039 2A               [ 8]   95 	ld	a, (hl+)
      00003A 4F               [ 4]   96 	ld	c, a
      00003B 46               [ 8]   97 	ld	b, (hl)
      00003C 58               [ 4]   98 	ld	e, b
      00003D 16 00            [ 8]   99 	ld	d, #0x00
      00003F 3E 32            [ 8]  100 	ld	a, #0x32
      000041 B9               [ 4]  101 	cp	a, c
      000042 3E 00            [ 8]  102 	ld	a, #0x00
      000044 98               [ 4]  103 	sbc	a, b
      000045 CB 7B            [ 8]  104 	bit	7, e
      000047 28 07            [12]  105 	jr	Z, 00258$
      000049 CB 7A            [ 8]  106 	bit	7, d
      00004B 20 08            [12]  107 	jr	NZ, 00259$
      00004D BF               [ 4]  108 	cp	a, a
      00004E 18 05            [12]  109 	jr	00259$
      000050                        110 00258$:
      000050 CB 7A            [ 8]  111 	bit	7, d
      000052 28 01            [12]  112 	jr	Z, 00259$
      000054 37               [ 4]  113 	scf
      000055                        114 00259$:
      000055 30 0F            [12]  115 	jr	NC, 00105$
      000057 79               [ 4]  116 	ld	a, c
      000058 C6 CE            [ 8]  117 	add	a, #0xce
      00005A 4F               [ 4]  118 	ld	c, a
      00005B 78               [ 4]  119 	ld	a, b
      00005C CE FF            [ 8]  120 	adc	a, #0xff
      00005E 21r00r00         [12]  121 	ld	hl, #_paddleXSpeed
      000061 71               [ 8]  122 	ld	(hl), c
      000062 23               [ 8]  123 	inc	hl
      000063 77               [ 8]  124 	ld	(hl), a
      000064 18 32            [12]  125 	jr	00112$
      000066                        126 00105$:
                                    127 ;E:\make_202008\GameBoy\WifiGameBoy\Bolcof\JunkYard\source\default\paddle.c:25: else if(paddleXSpeed<-50)paddleXSpeed+=50;
      000066 21r00r00         [12]  128 	ld	hl, #_paddleXSpeed
      000069 2A               [ 8]  129 	ld	a, (hl+)
      00006A D6 CE            [ 8]  130 	sub	a, #0xce
      00006C 7E               [ 8]  131 	ld	a, (hl)
      00006D DE FF            [ 8]  132 	sbc	a, #0xff
      00006F 56               [ 8]  133 	ld	d, (hl)
      000070 3E FF            [ 8]  134 	ld	a, #0xff
      000072 CB 7F            [ 8]  135 	bit	7,a
      000074 28 07            [12]  136 	jr	Z, 00260$
      000076 CB 7A            [ 8]  137 	bit	7, d
      000078 20 08            [12]  138 	jr	NZ, 00261$
      00007A BF               [ 4]  139 	cp	a, a
      00007B 18 05            [12]  140 	jr	00261$
      00007D                        141 00260$:
      00007D CB 7A            [ 8]  142 	bit	7, d
      00007F 28 01            [12]  143 	jr	Z, 00261$
      000081 37               [ 4]  144 	scf
      000082                        145 00261$:
      000082 30 0E            [12]  146 	jr	NC, 00102$
      000084 21 32 00         [12]  147 	ld	hl, #0x0032
      000087 09               [ 8]  148 	add	hl, bc
      000088 4D               [ 4]  149 	ld	c, l
      000089 7C               [ 4]  150 	ld	a, h
      00008A 21r00r00         [12]  151 	ld	hl, #_paddleXSpeed
      00008D 71               [ 8]  152 	ld	(hl), c
      00008E 23               [ 8]  153 	inc	hl
      00008F 77               [ 8]  154 	ld	(hl), a
      000090 18 06            [12]  155 	jr	00112$
      000092                        156 00102$:
                                    157 ;E:\make_202008\GameBoy\WifiGameBoy\Bolcof\JunkYard\source\default\paddle.c:26: else paddleXSpeed=0;
      000092 AF               [ 4]  158 	xor	a, a
      000093 21r00r00         [12]  159 	ld	hl, #_paddleXSpeed
      000096 22               [ 8]  160 	ld	(hl+), a
      000097 77               [ 8]  161 	ld	(hl), a
      000098                        162 00112$:
                                    163 ;E:\make_202008\GameBoy\WifiGameBoy\Bolcof\JunkYard\source\default\paddle.c:29: paddleX=CLAMP(paddleX+(paddleXSpeed>>4),LEFT_PADDLE_LIMIT,RIGHT_PADDLE_LIMIT);
      000098 21r00r00         [12]  164 	ld	hl, #_paddleXSpeed
      00009B 2A               [ 8]  165 	ld	a, (hl+)
      00009C 4F               [ 4]  166 	ld	c, a
      00009D 46               [ 8]  167 	ld	b, (hl)
      00009E CB 28            [ 8]  168 	sra	b
      0000A0 CB 19            [ 8]  169 	rr	c
      0000A2 CB 28            [ 8]  170 	sra	b
      0000A4 CB 19            [ 8]  171 	rr	c
      0000A6 CB 28            [ 8]  172 	sra	b
      0000A8 CB 19            [ 8]  173 	rr	c
      0000AA CB 28            [ 8]  174 	sra	b
      0000AC CB 19            [ 8]  175 	rr	c
      0000AE 79               [ 4]  176 	ld	a, c
      0000AF 21r00r00         [12]  177 	ld	hl, #_paddleX
      0000B2 86               [ 8]  178 	add	a, (hl)
      0000B3 23               [ 8]  179 	inc	hl
      0000B4 4F               [ 4]  180 	ld	c, a
      0000B5 78               [ 4]  181 	ld	a, b
      0000B6 8E               [ 8]  182 	adc	a, (hl)
      0000B7 47               [ 4]  183 	ld	b, a
      0000B8 3E 80            [ 8]  184 	ld	a, #0x80
      0000BA B9               [ 4]  185 	cp	a, c
      0000BB 3E 01            [ 8]  186 	ld	a, #0x01
      0000BD 98               [ 4]  187 	sbc	a, b
      0000BE 3E 00            [ 8]  188 	ld	a, #0x00
      0000C0 17               [ 4]  189 	rla
      0000C1 5F               [ 4]  190 	ld	e, a
      0000C2 B7               [ 4]  191 	or	a, a
      0000C3 28 04            [12]  192 	jr	Z, 00123$
      0000C5 69               [ 4]  193 	ld	l, c
                                    194 ;	spillPairReg hl
                                    195 ;	spillPairReg hl
      0000C6 60               [ 4]  196 	ld	h, b
                                    197 ;	spillPairReg hl
                                    198 ;	spillPairReg hl
      0000C7 18 03            [12]  199 	jr	00124$
      0000C9                        200 00123$:
      0000C9 21 80 01         [12]  201 	ld	hl, #0x0180
      0000CC                        202 00124$:
      0000CC 7D               [ 4]  203 	ld	a, l
      0000CD D6 80            [ 8]  204 	sub	a, #0x80
      0000CF 7C               [ 4]  205 	ld	a, h
      0000D0 DE 06            [ 8]  206 	sbc	a, #0x06
      0000D2 30 09            [12]  207 	jr	NC, 00121$
      0000D4 7B               [ 4]  208 	ld	a, e
      0000D5 B7               [ 4]  209 	or	a, a
      0000D6 20 08            [12]  210 	jr	NZ, 00122$
      0000D8 01 80 01         [12]  211 	ld	bc, #0x0180
      0000DB 18 03            [12]  212 	jr	00122$
      0000DD                        213 00121$:
      0000DD 01 80 06         [12]  214 	ld	bc, #0x0680
      0000E0                        215 00122$:
      0000E0 21r00r00         [12]  216 	ld	hl, #_paddleX
      0000E3 79               [ 4]  217 	ld	a, c
      0000E4 22               [ 8]  218 	ld	(hl+), a
                                    219 ;E:\make_202008\GameBoy\WifiGameBoy\Bolcof\JunkYard\source\default\paddle.c:33: if(paddleX>=RIGHT_PADDLE_LIMIT){
      0000E5 78               [ 4]  220 	ld	a, b
      0000E6 32               [ 8]  221 	ld	(hl-), a
      0000E7 7E               [ 8]  222 	ld	a, (hl)
      0000E8 F8 0A            [12]  223 	ldhl	sp,	#10
      0000EA 77               [ 8]  224 	ld	(hl), a
      0000EB FAr01r00         [16]  225 	ld	a, (#_paddleX + 1)
      0000EE F8 0B            [12]  226 	ldhl	sp,	#11
      0000F0 77               [ 8]  227 	ld	(hl), a
                                    228 ;E:\make_202008\GameBoy\WifiGameBoy\Bolcof\JunkYard\source\default\paddle.c:24: if(paddleXSpeed>50)paddleXSpeed-=50;
      0000F1 FAr00r00         [16]  229 	ld	a, (#_paddleXSpeed)
      0000F4 F8 00            [12]  230 	ldhl	sp,	#0
      0000F6 77               [ 8]  231 	ld	(hl), a
      0000F7 FAr01r00         [16]  232 	ld	a, (#_paddleXSpeed + 1)
      0000FA F8 01            [12]  233 	ldhl	sp,	#1
      0000FC 77               [ 8]  234 	ld	(hl), a
                                    235 ;E:\make_202008\GameBoy\WifiGameBoy\Bolcof\JunkYard\source\default\paddle.c:35: paddleXSpeed=-ABS((paddleXSpeed)/4)*2;
      0000FD D1               [12]  236 	pop	de
      0000FE D5               [16]  237 	push	de
      0000FF 21 03 00         [12]  238 	ld	hl, #0x0003
      000102 19               [ 8]  239 	add	hl, de
      000103 E5               [16]  240 	push	hl
      000104 7D               [ 4]  241 	ld	a, l
      000105 F8 04            [12]  242 	ldhl	sp,	#4
      000107 77               [ 8]  243 	ld	(hl), a
      000108 E1               [12]  244 	pop	hl
      000109 7C               [ 4]  245 	ld	a, h
      00010A F8 03            [12]  246 	ldhl	sp,	#3
      00010C 77               [ 8]  247 	ld	(hl), a
      00010D AF               [ 4]  248 	xor	a, a
      00010E 21r00r00         [12]  249 	ld	hl, #_paddleXSpeed
      000111 96               [ 8]  250 	sub	a, (hl)
      000112 23               [ 8]  251 	inc	hl
      000113 4F               [ 4]  252 	ld	c, a
      000114 9F               [ 4]  253 	sbc	a, a
      000115 96               [ 8]  254 	sub	a, (hl)
      000116 47               [ 4]  255 	ld	b, a
      000117 F8 01            [12]  256 	ldhl	sp,	#1
      000119 7E               [ 8]  257 	ld	a, (hl)
      00011A 07               [ 4]  258 	rlca
      00011B E6 01            [ 8]  259 	and	a,#0x01
      00011D F8 04            [12]  260 	ldhl	sp,	#4
      00011F 22               [ 8]  261 	ld	(hl+), a
      000120 79               [ 4]  262 	ld	a, c
      000121 22               [ 8]  263 	ld	(hl+), a
      000122 70               [ 8]  264 	ld	(hl), b
      000123 2A               [ 8]  265 	ld	a, (hl+)
      000124 07               [ 4]  266 	rlca
      000125 E6 01            [ 8]  267 	and	a,#0x01
      000127 32               [ 8]  268 	ld	(hl-), a
      000128 2B               [ 8]  269 	dec	hl
      000129 2A               [ 8]  270 	ld	a, (hl+)
      00012A 5F               [ 4]  271 	ld	e, a
      00012B 56               [ 8]  272 	ld	d, (hl)
      00012C 21 03 00         [12]  273 	ld	hl, #0x0003
      00012F 19               [ 8]  274 	add	hl, de
      000130 E5               [16]  275 	push	hl
      000131 7D               [ 4]  276 	ld	a, l
      000132 F8 0A            [12]  277 	ldhl	sp,	#10
      000134 77               [ 8]  278 	ld	(hl), a
      000135 E1               [12]  279 	pop	hl
      000136 7C               [ 4]  280 	ld	a, h
      000137 F8 09            [12]  281 	ldhl	sp,	#9
                                    282 ;E:\make_202008\GameBoy\WifiGameBoy\Bolcof\JunkYard\source\default\paddle.c:33: if(paddleX>=RIGHT_PADDLE_LIMIT){
      000139 22               [ 8]  283 	ld	(hl+), a
      00013A 2A               [ 8]  284 	ld	a, (hl+)
      00013B D6 80            [ 8]  285 	sub	a, #0x80
      00013D 7E               [ 8]  286 	ld	a, (hl)
      00013E DE 06            [ 8]  287 	sbc	a, #0x06
      000140 DArC8r01         [16]  288 	jp	C, 00116$
                                    289 ;E:\make_202008\GameBoy\WifiGameBoy\Bolcof\JunkYard\source\default\paddle.c:34: paddleX=RIGHT_PADDLE_LIMIT;
      000143 21r00r00         [12]  290 	ld	hl, #_paddleX
      000146 3E 80            [ 8]  291 	ld	a, #0x80
      000148 22               [ 8]  292 	ld	(hl+), a
      000149 36 06            [12]  293 	ld	(hl), #0x06
                                    294 ;E:\make_202008\GameBoy\WifiGameBoy\Bolcof\JunkYard\source\default\paddle.c:35: paddleXSpeed=-ABS((paddleXSpeed)/4)*2;
      00014B F8 00            [12]  295 	ldhl	sp,	#0
      00014D 7E               [ 8]  296 	ld	a, (hl)
      00014E F8 0A            [12]  297 	ldhl	sp,	#10
      000150 77               [ 8]  298 	ld	(hl), a
      000151 F8 01            [12]  299 	ldhl	sp,	#1
      000153 7E               [ 8]  300 	ld	a, (hl)
      000154 F8 0B            [12]  301 	ldhl	sp,	#11
      000156 77               [ 8]  302 	ld	(hl), a
      000157 F8 04            [12]  303 	ldhl	sp,	#4
      000159 7E               [ 8]  304 	ld	a, (hl)
      00015A B7               [ 4]  305 	or	a, a
      00015B 28 0C            [12]  306 	jr	Z, 00129$
      00015D 2B               [ 8]  307 	dec	hl
      00015E 2B               [ 8]  308 	dec	hl
      00015F 7E               [ 8]  309 	ld	a, (hl)
      000160 F8 0A            [12]  310 	ldhl	sp,	#10
      000162 77               [ 8]  311 	ld	(hl), a
      000163 F8 03            [12]  312 	ldhl	sp,	#3
      000165 7E               [ 8]  313 	ld	a, (hl)
      000166 F8 0B            [12]  314 	ldhl	sp,	#11
      000168 77               [ 8]  315 	ld	(hl), a
      000169                        316 00129$:
      000169 F8 0A            [12]  317 	ldhl	sp,#10
      00016B 2A               [ 8]  318 	ld	a, (hl+)
      00016C 46               [ 8]  319 	ld	b, (hl)
      00016D CB 28            [ 8]  320 	sra	b
      00016F CB 28            [ 8]  321 	sra	b
      000171 CB 78            [ 8]  322 	bit	7, b
      000173 28 18            [12]  323 	jr	Z, 00127$
      000175 F8 05            [12]  324 	ldhl	sp,	#5
      000177 2A               [ 8]  325 	ld	a, (hl+)
      000178 5F               [ 4]  326 	ld	e, a
      000179 2A               [ 8]  327 	ld	a, (hl+)
      00017A 57               [ 4]  328 	ld	d, a
      00017B 7E               [ 8]  329 	ld	a, (hl)
      00017C B7               [ 4]  330 	or	a, a
      00017D 28 04            [12]  331 	jr	Z, 00130$
      00017F 23               [ 8]  332 	inc	hl
      000180 2A               [ 8]  333 	ld	a, (hl+)
      000181 5F               [ 4]  334 	ld	e, a
      000182 56               [ 8]  335 	ld	d, (hl)
      000183                        336 00130$:
      000183 CB 2A            [ 8]  337 	sra	d
      000185 CB 1B            [ 8]  338 	rr	e
      000187 CB 2A            [ 8]  339 	sra	d
      000189 CB 1B            [ 8]  340 	rr	e
      00018B 18 2B            [12]  341 	jr	00128$
      00018D                        342 00127$:
      00018D F8 00            [12]  343 	ldhl	sp,	#0
      00018F 7E               [ 8]  344 	ld	a, (hl)
      000190 F8 0A            [12]  345 	ldhl	sp,	#10
      000192 77               [ 8]  346 	ld	(hl), a
      000193 F8 01            [12]  347 	ldhl	sp,	#1
      000195 7E               [ 8]  348 	ld	a, (hl)
      000196 F8 0B            [12]  349 	ldhl	sp,	#11
      000198 77               [ 8]  350 	ld	(hl), a
      000199 F8 04            [12]  351 	ldhl	sp,	#4
      00019B 7E               [ 8]  352 	ld	a, (hl)
      00019C B7               [ 4]  353 	or	a, a
      00019D 28 0C            [12]  354 	jr	Z, 00131$
      00019F 2B               [ 8]  355 	dec	hl
      0001A0 2B               [ 8]  356 	dec	hl
      0001A1 7E               [ 8]  357 	ld	a, (hl)
      0001A2 F8 0A            [12]  358 	ldhl	sp,	#10
      0001A4 77               [ 8]  359 	ld	(hl), a
      0001A5 F8 03            [12]  360 	ldhl	sp,	#3
      0001A7 7E               [ 8]  361 	ld	a, (hl)
      0001A8 F8 0B            [12]  362 	ldhl	sp,	#11
      0001AA 77               [ 8]  363 	ld	(hl), a
      0001AB                        364 00131$:
      0001AB F8 0A            [12]  365 	ldhl	sp,#10
      0001AD 2A               [ 8]  366 	ld	a, (hl+)
      0001AE 5F               [ 4]  367 	ld	e, a
      0001AF 56               [ 8]  368 	ld	d, (hl)
      0001B0 CB 2A            [ 8]  369 	sra	d
      0001B2 CB 1B            [ 8]  370 	rr	e
      0001B4 CB 2A            [ 8]  371 	sra	d
      0001B6 CB 1B            [ 8]  372 	rr	e
      0001B8                        373 00128$:
      0001B8 AF               [ 4]  374 	xor	a, a
      0001B9 93               [ 4]  375 	sub	a, e
      0001BA 6F               [ 4]  376 	ld	l, a
                                    377 ;	spillPairReg hl
                                    378 ;	spillPairReg hl
      0001BB 9F               [ 4]  379 	sbc	a, a
      0001BC 92               [ 4]  380 	sub	a, d
      0001BD 67               [ 4]  381 	ld	h, a
                                    382 ;	spillPairReg hl
                                    383 ;	spillPairReg hl
      0001BE 29               [ 8]  384 	add	hl, hl
      0001BF 7D               [ 4]  385 	ld	a, l
      0001C0 4C               [ 4]  386 	ld	c, h
      0001C1 21r00r00         [12]  387 	ld	hl, #_paddleXSpeed
      0001C4 22               [ 8]  388 	ld	(hl+), a
      0001C5 71               [ 8]  389 	ld	(hl), c
      0001C6 18 5D            [12]  390 	jr	00117$
      0001C8                        391 00116$:
                                    392 ;E:\make_202008\GameBoy\WifiGameBoy\Bolcof\JunkYard\source\default\paddle.c:38: else if(paddleX<=LEFT_PADDLE_LIMIT){
      0001C8 F8 0A            [12]  393 	ldhl	sp,	#10
      0001CA 3E 80            [ 8]  394 	ld	a, #0x80
      0001CC 96               [ 8]  395 	sub	a, (hl)
      0001CD 23               [ 8]  396 	inc	hl
      0001CE 3E 01            [ 8]  397 	ld	a, #0x01
      0001D0 9E               [ 8]  398 	sbc	a, (hl)
      0001D1 38 52            [12]  399 	jr	C, 00117$
                                    400 ;E:\make_202008\GameBoy\WifiGameBoy\Bolcof\JunkYard\source\default\paddle.c:39: paddleX=LEFT_PADDLE_LIMIT;
      0001D3 21r00r00         [12]  401 	ld	hl, #_paddleX
      0001D6 3E 80            [ 8]  402 	ld	a, #0x80
      0001D8 22               [ 8]  403 	ld	(hl+), a
      0001D9 36 01            [12]  404 	ld	(hl), #0x01
                                    405 ;E:\make_202008\GameBoy\WifiGameBoy\Bolcof\JunkYard\source\default\paddle.c:40: paddleXSpeed=ABS((paddleXSpeed)/4)*2;
      0001DB C1               [12]  406 	pop	bc
      0001DC C5               [16]  407 	push	bc
      0001DD F8 04            [12]  408 	ldhl	sp,	#4
      0001DF 7E               [ 8]  409 	ld	a, (hl)
      0001E0 B7               [ 4]  410 	or	a, a
      0001E1 28 04            [12]  411 	jr	Z, 00134$
      0001E3 2B               [ 8]  412 	dec	hl
      0001E4 2B               [ 8]  413 	dec	hl
      0001E5 2A               [ 8]  414 	ld	a, (hl+)
      0001E6 46               [ 8]  415 	ld	b, (hl)
      0001E7                        416 00134$:
      0001E7 CB 28            [ 8]  417 	sra	b
      0001E9 CB 28            [ 8]  418 	sra	b
      0001EB CB 78            [ 8]  419 	bit	7, b
      0001ED 28 18            [12]  420 	jr	Z, 00132$
      0001EF F8 05            [12]  421 	ldhl	sp,	#5
      0001F1 2A               [ 8]  422 	ld	a, (hl+)
      0001F2 5F               [ 4]  423 	ld	e, a
      0001F3 2A               [ 8]  424 	ld	a, (hl+)
      0001F4 57               [ 4]  425 	ld	d, a
      0001F5 7E               [ 8]  426 	ld	a, (hl)
      0001F6 B7               [ 4]  427 	or	a, a
      0001F7 28 04            [12]  428 	jr	Z, 00135$
      0001F9 23               [ 8]  429 	inc	hl
      0001FA 2A               [ 8]  430 	ld	a, (hl+)
      0001FB 5F               [ 4]  431 	ld	e, a
      0001FC 56               [ 8]  432 	ld	d, (hl)
      0001FD                        433 00135$:
      0001FD CB 2A            [ 8]  434 	sra	d
      0001FF CB 1B            [ 8]  435 	rr	e
      000201 CB 2A            [ 8]  436 	sra	d
      000203 CB 1B            [ 8]  437 	rr	e
      000205 18 15            [12]  438 	jr	00133$
      000207                        439 00132$:
      000207 D1               [12]  440 	pop	de
      000208 D5               [16]  441 	push	de
      000209 F8 04            [12]  442 	ldhl	sp,	#4
      00020B 7E               [ 8]  443 	ld	a, (hl)
      00020C B7               [ 4]  444 	or	a, a
      00020D 28 05            [12]  445 	jr	Z, 00136$
      00020F 2B               [ 8]  446 	dec	hl
      000210 2B               [ 8]  447 	dec	hl
      000211 2A               [ 8]  448 	ld	a, (hl+)
      000212 5F               [ 4]  449 	ld	e, a
      000213 56               [ 8]  450 	ld	d, (hl)
      000214                        451 00136$:
      000214 CB 2A            [ 8]  452 	sra	d
      000216 CB 1B            [ 8]  453 	rr	e
      000218 CB 2A            [ 8]  454 	sra	d
      00021A CB 1B            [ 8]  455 	rr	e
      00021C                        456 00133$:
      00021C 7B               [ 4]  457 	ld	a, e
      00021D 87               [ 4]  458 	add	a, a
      00021E CB 12            [ 8]  459 	rl	d
      000220 21r00r00         [12]  460 	ld	hl, #_paddleXSpeed
      000223 22               [ 8]  461 	ld	(hl+), a
      000224 72               [ 8]  462 	ld	(hl), d
      000225                        463 00117$:
                                    464 ;E:\make_202008\GameBoy\WifiGameBoy\Bolcof\JunkYard\source\default\paddle.c:42: return move_metasprite(paddle_metasprites[0],0,0,(paddleX>>4)+8,(paddleY>>4)+16);
      000225 21r00r00         [12]  465 	ld	hl, #_paddleY
      000228 2A               [ 8]  466 	ld	a, (hl+)
      000229 4F               [ 4]  467 	ld	c, a
      00022A 46               [ 8]  468 	ld	b, (hl)
      00022B CB 38            [ 8]  469 	srl	b
      00022D CB 19            [ 8]  470 	rr	c
      00022F CB 38            [ 8]  471 	srl	b
      000231 CB 19            [ 8]  472 	rr	c
      000233 CB 38            [ 8]  473 	srl	b
      000235 CB 19            [ 8]  474 	rr	c
      000237 CB 38            [ 8]  475 	srl	b
      000239 CB 19            [ 8]  476 	rr	c
      00023B 79               [ 4]  477 	ld	a, c
      00023C C6 10            [ 8]  478 	add	a, #0x10
      00023E 47               [ 4]  479 	ld	b, a
      00023F 21r00r00         [12]  480 	ld	hl, #_paddleX
      000242 2A               [ 8]  481 	ld	a, (hl+)
      000243 4F               [ 4]  482 	ld	c, a
      000244 5E               [ 8]  483 	ld	e, (hl)
      000245 CB 3B            [ 8]  484 	srl	e
      000247 CB 19            [ 8]  485 	rr	c
      000249 CB 3B            [ 8]  486 	srl	e
      00024B CB 19            [ 8]  487 	rr	c
      00024D CB 3B            [ 8]  488 	srl	e
      00024F CB 19            [ 8]  489 	rr	c
      000251 CB 3B            [ 8]  490 	srl	e
      000253 CB 19            [ 8]  491 	rr	c
      000255 79               [ 4]  492 	ld	a, c
      000256 C6 08            [ 8]  493 	add	a, #0x08
      000258 4F               [ 4]  494 	ld	c, a
      000259 21r00r00         [12]  495 	ld	hl, #_paddle_metasprites
      00025C 2A               [ 8]  496 	ld	a,	(hl+)
      00025D 66               [ 8]  497 	ld	h, (hl)
                                    498 ;	spillPairReg hl
                                    499 ;	spillPairReg hl
                                    500 ;	spillPairReg hl
                                    501 ;e:\make_202008\gameboy\gbdk-win64\gbdk\include\gb\metasprites.h:160: __current_metasprite = metasprite;
      00025E 5F               [ 4]  502 	ld	e, a
      00025F 54               [ 4]  503 	ld	d, h
      000260 21r00r00         [12]  504 	ld	hl, #___current_metasprite
      000263 7B               [ 4]  505 	ld	a, e
      000264 22               [ 8]  506 	ld	(hl+), a
      000265 72               [ 8]  507 	ld	(hl), d
                                    508 ;e:\make_202008\gameboy\gbdk-win64\gbdk\include\gb\metasprites.h:161: __current_base_tile = base_tile;
      000266 21r00r00         [12]  509 	ld	hl, #___current_base_tile
      000269 36 00            [12]  510 	ld	(hl), #0x00
                                    511 ;e:\make_202008\gameboy\gbdk-win64\gbdk\include\gb\metasprites.h:162: __current_base_prop = 0;
      00026B 21r00r00         [12]  512 	ld	hl, #___current_base_prop
      00026E 36 00            [12]  513 	ld	(hl), #0x00
                                    514 ;e:\make_202008\gameboy\gbdk-win64\gbdk\include\gb\metasprites.h:163: return __move_metasprite(base_sprite, (y << 8) | (uint8_t)x);
      000270 50               [ 4]  515 	ld	d, b
      000271 AF               [ 4]  516 	xor	a, a
      000272 B1               [ 4]  517 	or	a, c
      000273 5F               [ 4]  518 	ld	e, a
      000274 AF               [ 4]  519 	xor	a, a
      000275 CDr00r00         [24]  520 	call	___move_metasprite
                                    521 ;E:\make_202008\GameBoy\WifiGameBoy\Bolcof\JunkYard\source\default\paddle.c:42: return move_metasprite(paddle_metasprites[0],0,0,(paddleX>>4)+8,(paddleY>>4)+16);
                                    522 ;E:\make_202008\GameBoy\WifiGameBoy\Bolcof\JunkYard\source\default\paddle.c:43: }
      000278 E8 0C            [16]  523 	add	sp, #12
      00027A C9               [16]  524 	ret
                                    525 	.area _CODE
                                    526 	.area _INITIALIZER
                                    527 	.area _CABS (ABS)
