                                      1 ;--------------------------------------------------------
                                      2 ; File Created by SDCC : free open source ISO C Compiler 
                                      3 ; Version 4.3.2 #14228 (MINGW64)
                                      4 ;--------------------------------------------------------
                                      5 	.module userinterface
                                      6 	.optsdcc -msm83
                                      7 	
                                      8 ;--------------------------------------------------------
                                      9 ; Public variables in this module
                                     10 ;--------------------------------------------------------
                                     11 	.globl _IncreaseScore
                                     12 	.globl _ResetUserInterface
                                     13 	.globl _UpdateScore
                                     14 	.globl _DrawNumber
                                     15 	.globl _strlen
                                     16 	.globl _uitoa
                                     17 	.globl _set_bkg_tile_xy
                                     18 	.globl _set_bkg_tiles
                                     19 ;--------------------------------------------------------
                                     20 ; special function registers
                                     21 ;--------------------------------------------------------
                                     22 ;--------------------------------------------------------
                                     23 ; ram data
                                     24 ;--------------------------------------------------------
                                     25 	.area _DATA
                                     26 ;--------------------------------------------------------
                                     27 ; ram data
                                     28 ;--------------------------------------------------------
                                     29 	.area _INITIALIZED
                                     30 ;--------------------------------------------------------
                                     31 ; absolute external ram data
                                     32 ;--------------------------------------------------------
                                     33 	.area _DABS (ABS)
                                     34 ;--------------------------------------------------------
                                     35 ; global & static initialisations
                                     36 ;--------------------------------------------------------
                                     37 	.area _HOME
                                     38 	.area _GSINIT
                                     39 	.area _GSFINAL
                                     40 	.area _GSINIT
                                     41 ;--------------------------------------------------------
                                     42 ; Home
                                     43 ;--------------------------------------------------------
                                     44 	.area _HOME
                                     45 	.area _HOME
                                     46 ;--------------------------------------------------------
                                     47 ; code
                                     48 ;--------------------------------------------------------
                                     49 	.area _CODE
                                     50 ;E:\make_202008\GameBoy\GameBoy01\JunkYard\source\default\userinterface.c:9: void DrawNumber(uint8_t x,uint8_t y, uint16_t number,uint8_t digits){
                                     51 ;	---------------------------------
                                     52 ; Function DrawNumber
                                     53 ; ---------------------------------
      000000                         54 _DrawNumber::
      000000 E8 EF            [16]   55 	add	sp, #-17
      000002 47               [ 4]   56 	ld	b, a
      000003 4B               [ 4]   57 	ld	c, e
                                     58 ;E:\make_202008\GameBoy\GameBoy01\JunkYard\source\default\userinterface.c:11: unsigned char buffer[]="00000000";
      000004 F8 00            [12]   59 	ldhl	sp,	#0
      000006 3E 30            [ 8]   60 	ld	a,#0x30
      000008 22               [ 8]   61 	ld	(hl+),a
      000009 22               [ 8]   62 	ld	(hl+), a
      00000A 3E 30            [ 8]   63 	ld	a,#0x30
      00000C 22               [ 8]   64 	ld	(hl+),a
      00000D 22               [ 8]   65 	ld	(hl+), a
      00000E 3E 30            [ 8]   66 	ld	a,#0x30
      000010 22               [ 8]   67 	ld	(hl+),a
      000011 22               [ 8]   68 	ld	(hl+), a
      000012 3E 30            [ 8]   69 	ld	a,#0x30
      000014 22               [ 8]   70 	ld	(hl+),a
      000015 22               [ 8]   71 	ld	(hl+), a
      000016 36 00            [12]   72 	ld	(hl), #0x00
                                     73 ;E:\make_202008\GameBoy\GameBoy01\JunkYard\source\default\userinterface.c:14: uitoa(number, buffer, 10);
      000018 F8 13            [12]   74 	ldhl	sp,	#19
      00001A 2A               [ 8]   75 	ld	a, (hl+)
      00001B 5F               [ 4]   76 	ld	e, a
      00001C 56               [ 8]   77 	ld	d, (hl)
      00001D C5               [16]   78 	push	bc
      00001E 3E 0A            [ 8]   79 	ld	a, #0x0a
      000020 F5               [16]   80 	push	af
      000021 33               [ 8]   81 	inc	sp
      000022 21 03 00         [12]   82 	ld	hl, #3
      000025 39               [ 8]   83 	add	hl, sp
      000026 E5               [16]   84 	push	hl
      000027 D5               [16]   85 	push	de
      000028 CDr00r00         [24]   86 	call	_uitoa
      00002B E8 05            [16]   87 	add	sp, #5
      00002D C1               [12]   88 	pop	bc
                                     89 ;E:\make_202008\GameBoy\GameBoy01\JunkYard\source\default\userinterface.c:17: uint8_t len =strlen(buffer);
      00002E 21 00 00         [12]   90 	ld	hl, #0
      000031 39               [ 8]   91 	add	hl, sp
      000032 E5               [16]   92 	push	hl
      000033 CDr00r00         [24]   93 	call	_strlen
      000036 E1               [12]   94 	pop	hl
      000037 F8 09            [12]   95 	ldhl	sp,	#9
      000039 73               [ 8]   96 	ld	(hl), e
                                     97 ;E:\make_202008\GameBoy\GameBoy01\JunkYard\source\default\userinterface.c:22: for(uint8_t i=0;i<digits-len;i++){
      00003A F8 10            [12]   98 	ldhl	sp,	#16
      00003C 70               [ 8]   99 	ld	(hl), b
      00003D 06 00            [ 8]  100 	ld	b, #0x00
      00003F                        101 00104$:
      00003F F8 15            [12]  102 	ldhl	sp,	#21
      000041 7E               [ 8]  103 	ld	a, (hl)
      000042 F8 0A            [12]  104 	ldhl	sp,	#10
      000044 22               [ 8]  105 	ld	(hl+), a
      000045 AF               [ 4]  106 	xor	a, a
      000046 32               [ 8]  107 	ld	(hl-), a
      000047 2B               [ 8]  108 	dec	hl
      000048 7E               [ 8]  109 	ld	a, (hl)
      000049 F8 0C            [12]  110 	ldhl	sp,	#12
      00004B 22               [ 8]  111 	ld	(hl+), a
      00004C AF               [ 4]  112 	xor	a, a
      00004D 32               [ 8]  113 	ld	(hl-), a
      00004E 2B               [ 8]  114 	dec	hl
      00004F 2B               [ 8]  115 	dec	hl
      000050 2A               [ 8]  116 	ld	a, (hl+)
      000051 5F               [ 4]  117 	ld	e, a
      000052 2A               [ 8]  118 	ld	a, (hl+)
      000053 57               [ 4]  119 	ld	d, a
      000054 2A               [ 8]  120 	ld	a,	(hl+)
      000055 66               [ 8]  121 	ld	h, (hl)
      000056 6F               [ 4]  122 	ld	l, a
      000057 7B               [ 4]  123 	ld	a, e
      000058 95               [ 4]  124 	sub	a, l
      000059 5F               [ 4]  125 	ld	e, a
      00005A 7A               [ 4]  126 	ld	a, d
      00005B 9C               [ 4]  127 	sbc	a, h
      00005C F8 0F            [12]  128 	ldhl	sp,	#15
      00005E 32               [ 8]  129 	ld	(hl-), a
      00005F 7B               [ 4]  130 	ld	a, e
      000060 32               [ 8]  131 	ld	(hl-), a
      000061 2B               [ 8]  132 	dec	hl
      000062 78               [ 4]  133 	ld	a, b
      000063 22               [ 8]  134 	ld	(hl+), a
      000064 36 00            [12]  135 	ld	(hl), #0x00
      000066 F8 0C            [12]  136 	ldhl	sp,	#12
      000068 5D               [ 4]  137 	ld	e, l
      000069 54               [ 4]  138 	ld	d, h
      00006A F8 0E            [12]  139 	ldhl	sp,	#14
      00006C 1A               [ 8]  140 	ld	a, (de)
      00006D 13               [ 8]  141 	inc	de
      00006E 96               [ 8]  142 	sub	a, (hl)
      00006F 23               [ 8]  143 	inc	hl
      000070 1A               [ 8]  144 	ld	a, (de)
      000071 9E               [ 8]  145 	sbc	a, (hl)
      000072 1A               [ 8]  146 	ld	a, (de)
      000073 57               [ 4]  147 	ld	d, a
      000074 CB 7E            [12]  148 	bit	7, (hl)
      000076 28 07            [12]  149 	jr	Z, 00141$
      000078 CB 7A            [ 8]  150 	bit	7, d
      00007A 20 08            [12]  151 	jr	NZ, 00142$
      00007C BF               [ 4]  152 	cp	a, a
      00007D 18 05            [12]  153 	jr	00142$
      00007F                        154 00141$:
      00007F CB 7A            [ 8]  155 	bit	7, d
      000081 28 01            [12]  156 	jr	Z, 00142$
      000083 37               [ 4]  157 	scf
      000084                        158 00142$:
      000084 30 2C            [12]  159 	jr	NC, 00101$
                                    160 ;E:\make_202008\GameBoy\GameBoy01\JunkYard\source\default\userinterface.c:23: VBK_REG=1; set_bkg_tile_xy(x,y,0);
      000086 3E 01            [ 8]  161 	ld	a, #0x01
      000088 E0r00            [12]  162 	ldh	(_VBK_REG + 0), a
      00008A AF               [ 4]  163 	xor	a, a
      00008B F5               [16]  164 	push	af
      00008C 33               [ 8]  165 	inc	sp
      00008D 79               [ 4]  166 	ld	a, c
      00008E F5               [16]  167 	push	af
      00008F 33               [ 8]  168 	inc	sp
      000090 F8 12            [12]  169 	ldhl	sp,	#18
      000092 7E               [ 8]  170 	ld	a, (hl)
      000093 F5               [16]  171 	push	af
      000094 33               [ 8]  172 	inc	sp
      000095 CDr00r00         [24]  173 	call	_set_bkg_tile_xy
      000098 E8 03            [16]  174 	add	sp, #3
                                    175 ;E:\make_202008\GameBoy\GameBoy01\JunkYard\source\default\userinterface.c:24: VBK_REG=0;set_bkg_tile_xy(x++,y,USERINTERFACE_TILES_START+42);
      00009A AF               [ 4]  176 	xor	a, a
      00009B E0r00            [12]  177 	ldh	(_VBK_REG + 0), a
      00009D F8 10            [12]  178 	ldhl	sp,	#16
      00009F 7E               [ 8]  179 	ld	a, (hl)
      0000A0 34               [12]  180 	inc	(hl)
      0000A1 26 3B            [ 8]  181 	ld	h, #0x3b
                                    182 ;	spillPairReg hl
                                    183 ;	spillPairReg hl
      0000A3 E5               [16]  184 	push	hl
      0000A4 33               [ 8]  185 	inc	sp
      0000A5 61               [ 4]  186 	ld	h, c
                                    187 ;	spillPairReg hl
                                    188 ;	spillPairReg hl
      0000A6 E5               [16]  189 	push	hl
      0000A7 33               [ 8]  190 	inc	sp
      0000A8 F5               [16]  191 	push	af
      0000A9 33               [ 8]  192 	inc	sp
      0000AA CDr00r00         [24]  193 	call	_set_bkg_tile_xy
      0000AD E8 03            [16]  194 	add	sp, #3
                                    195 ;E:\make_202008\GameBoy\GameBoy01\JunkYard\source\default\userinterface.c:22: for(uint8_t i=0;i<digits-len;i++){
      0000AF 04               [ 4]  196 	inc	b
      0000B0 18 8D            [12]  197 	jr	00104$
      0000B2                        198 00101$:
                                    199 ;E:\make_202008\GameBoy\GameBoy01\JunkYard\source\default\userinterface.c:29: for(uint8_t i=0;i<len;i++){
      0000B2 F8 10            [12]  200 	ldhl	sp,	#16
      0000B4 46               [ 8]  201 	ld	b, (hl)
      0000B5 1E 00            [ 8]  202 	ld	e, #0x00
      0000B7                        203 00107$:
      0000B7 7B               [ 4]  204 	ld	a, e
      0000B8 F8 09            [12]  205 	ldhl	sp,	#9
      0000BA 96               [ 8]  206 	sub	a, (hl)
      0000BB 30 35            [12]  207 	jr	NC, 00109$
                                    208 ;E:\make_202008\GameBoy\GameBoy01\JunkYard\source\default\userinterface.c:31: VBK_REG=1;set_bkg_tile_xy(x,y,0);
      0000BD 3E 01            [ 8]  209 	ld	a, #0x01
      0000BF E0r00            [12]  210 	ldh	(_VBK_REG + 0), a
      0000C1 D5               [16]  211 	push	de
      0000C2 AF               [ 4]  212 	xor	a, a
      0000C3 F5               [16]  213 	push	af
      0000C4 33               [ 8]  214 	inc	sp
      0000C5 79               [ 4]  215 	ld	a, c
      0000C6 F5               [16]  216 	push	af
      0000C7 33               [ 8]  217 	inc	sp
      0000C8 C5               [16]  218 	push	bc
      0000C9 33               [ 8]  219 	inc	sp
      0000CA CDr00r00         [24]  220 	call	_set_bkg_tile_xy
      0000CD E8 03            [16]  221 	add	sp, #3
      0000CF D1               [12]  222 	pop	de
                                    223 ;E:\make_202008\GameBoy\GameBoy01\JunkYard\source\default\userinterface.c:32: VBK_REG=0;set_bkg_tile_xy(x++,y,(buffer[i]-'0')+USERINTERFACE_TILES_START+42);
      0000D0 AF               [ 4]  224 	xor	a, a
      0000D1 E0r00            [12]  225 	ldh	(_VBK_REG + 0), a
      0000D3 D5               [16]  226 	push	de
      0000D4 16 00            [ 8]  227 	ld	d, #0x00
      0000D6 21 02 00         [12]  228 	ld	hl, #2
      0000D9 39               [ 8]  229 	add	hl, sp
      0000DA 19               [ 8]  230 	add	hl, de
      0000DB D1               [12]  231 	pop	de
      0000DC 7E               [ 8]  232 	ld	a, (hl)
      0000DD C6 0B            [ 8]  233 	add	a, #0x0b
      0000DF 50               [ 4]  234 	ld	d, b
      0000E0 04               [ 4]  235 	inc	b
      0000E1 D5               [16]  236 	push	de
      0000E2 F5               [16]  237 	push	af
      0000E3 33               [ 8]  238 	inc	sp
      0000E4 79               [ 4]  239 	ld	a, c
      0000E5 F5               [16]  240 	push	af
      0000E6 33               [ 8]  241 	inc	sp
      0000E7 D5               [16]  242 	push	de
      0000E8 33               [ 8]  243 	inc	sp
      0000E9 CDr00r00         [24]  244 	call	_set_bkg_tile_xy
      0000EC E8 03            [16]  245 	add	sp, #3
      0000EE D1               [12]  246 	pop	de
                                    247 ;E:\make_202008\GameBoy\GameBoy01\JunkYard\source\default\userinterface.c:29: for(uint8_t i=0;i<len;i++){
      0000EF 1C               [ 4]  248 	inc	e
      0000F0 18 C5            [12]  249 	jr	00107$
      0000F2                        250 00109$:
                                    251 ;E:\make_202008\GameBoy\GameBoy01\JunkYard\source\default\userinterface.c:34: }
      0000F2 E8 11            [16]  252 	add	sp, #17
      0000F4 E1               [12]  253 	pop	hl
      0000F5 E8 03            [16]  254 	add	sp, #3
      0000F7 E9               [ 4]  255 	jp	(hl)
                                    256 ;E:\make_202008\GameBoy\GameBoy01\JunkYard\source\default\userinterface.c:37: void UpdateScore(){
                                    257 ;	---------------------------------
                                    258 ; Function UpdateScore
                                    259 ; ---------------------------------
      0000F8                        260 _UpdateScore::
                                    261 ;E:\make_202008\GameBoy\GameBoy01\JunkYard\source\default\userinterface.c:39: DrawNumber(16,2,topScore,4);
      0000F8 3E 04            [ 8]  262 	ld	a, #0x04
      0000FA F5               [16]  263 	push	af
      0000FB 33               [ 8]  264 	inc	sp
      0000FC 21r00r00         [12]  265 	ld	hl, #_topScore
      0000FF 2A               [ 8]  266 	ld	a, (hl+)
      000100 5F               [ 4]  267 	ld	e, a
      000101 56               [ 8]  268 	ld	d, (hl)
      000102 D5               [16]  269 	push	de
      000103 1E 02            [ 8]  270 	ld	e, #0x02
      000105 3E 10            [ 8]  271 	ld	a, #0x10
      000107 CDr00r00         [24]  272 	call	_DrawNumber
                                    273 ;E:\make_202008\GameBoy\GameBoy01\JunkYard\source\default\userinterface.c:40: DrawNumber(16,5,score,4);
      00010A 3E 04            [ 8]  274 	ld	a, #0x04
      00010C F5               [16]  275 	push	af
      00010D 33               [ 8]  276 	inc	sp
      00010E 21r00r00         [12]  277 	ld	hl, #_score
      000111 2A               [ 8]  278 	ld	a, (hl+)
      000112 5F               [ 4]  279 	ld	e, a
      000113 56               [ 8]  280 	ld	d, (hl)
      000114 D5               [16]  281 	push	de
      000115 1E 05            [ 8]  282 	ld	e, #0x05
      000117 3E 10            [ 8]  283 	ld	a, #0x10
      000119 CDr00r00         [24]  284 	call	_DrawNumber
                                    285 ;E:\make_202008\GameBoy\GameBoy01\JunkYard\source\default\userinterface.c:41: DrawNumber(17,10,stage+1,2);
      00011C 21r00r00         [12]  286 	ld	hl, #_stage
      00011F 4E               [ 8]  287 	ld	c, (hl)
      000120 06 00            [ 8]  288 	ld	b, #0x00
      000122 03               [ 8]  289 	inc	bc
      000123 3E 02            [ 8]  290 	ld	a, #0x02
      000125 F5               [16]  291 	push	af
      000126 33               [ 8]  292 	inc	sp
      000127 C5               [16]  293 	push	bc
      000128 1E 0A            [ 8]  294 	ld	e, #0x0a
      00012A 3E 11            [ 8]  295 	ld	a, #0x11
      00012C CDr00r00         [24]  296 	call	_DrawNumber
                                    297 ;E:\make_202008\GameBoy\GameBoy01\JunkYard\source\default\userinterface.c:42: }
      00012F C9               [16]  298 	ret
                                    299 ;E:\make_202008\GameBoy\GameBoy01\JunkYard\source\default\userinterface.c:44: void ResetUserInterface(){
                                    300 ;	---------------------------------
                                    301 ; Function ResetUserInterface
                                    302 ; ---------------------------------
      000130                        303 _ResetUserInterface::
                                    304 ;E:\make_202008\GameBoy\GameBoy01\JunkYard\source\default\userinterface.c:47: set_bkg_based_tiles(0,0,20,18,UserInterface_map,USERINTERFACE_TILES_START);
                                    305 ;e:\make_202008\gameboy\gbdk-win64\gbdk\include\gb\gb.h:1099: _map_tile_offset = base_tile;
      000130 21r00r00         [12]  306 	ld	hl, #__map_tile_offset
      000133 36 11            [12]  307 	ld	(hl), #0x11
                                    308 ;e:\make_202008\gameboy\gbdk-win64\gbdk\include\gb\gb.h:1100: set_bkg_tiles(x, y, w, h, tiles);
      000135 11r00r00         [12]  309 	ld	de, #_UserInterface_map
      000138 D5               [16]  310 	push	de
      000139 21 14 12         [12]  311 	ld	hl, #0x1214
      00013C E5               [16]  312 	push	hl
      00013D AF               [ 4]  313 	xor	a, a
      00013E 0F               [ 4]  314 	rrca
      00013F F5               [16]  315 	push	af
      000140 AF               [ 4]  316 	xor	a, a
      000141 CDr00r00         [24]  317 	call	_set_bkg_tiles
      000144 E8 06            [16]  318 	add	sp, #6
                                    319 ;e:\make_202008\gameboy\gbdk-win64\gbdk\include\gb\gb.h:1101: _map_tile_offset = 0;
      000146 21r00r00         [12]  320 	ld	hl, #__map_tile_offset
      000149 36 00            [12]  321 	ld	(hl), #0x00
                                    322 ;E:\make_202008\GameBoy\GameBoy01\JunkYard\source\default\userinterface.c:49: UpdateScore();
                                    323 ;E:\make_202008\GameBoy\GameBoy01\JunkYard\source\default\userinterface.c:50: }
      00014B C3rF8r00         [16]  324 	jp	_UpdateScore
                                    325 ;E:\make_202008\GameBoy\GameBoy01\JunkYard\source\default\userinterface.c:52: void IncreaseScore(uint16_t amount){
                                    326 ;	---------------------------------
                                    327 ; Function IncreaseScore
                                    328 ; ---------------------------------
      00014E                        329 _IncreaseScore::
                                    330 ;E:\make_202008\GameBoy\GameBoy01\JunkYard\source\default\userinterface.c:53: score+=amount;
      00014E 21r00r00         [12]  331 	ld	hl, #_score
      000151 7E               [ 8]  332 	ld	a, (hl)
      000152 83               [ 4]  333 	add	a, e
      000153 22               [ 8]  334 	ld	(hl+), a
      000154 7E               [ 8]  335 	ld	a, (hl)
      000155 8A               [ 4]  336 	adc	a, d
      000156 77               [ 8]  337 	ld	(hl), a
                                    338 ;E:\make_202008\GameBoy\GameBoy01\JunkYard\source\default\userinterface.c:54: topScore =MAX(topScore,score);
      000157 11r00r00         [12]  339 	ld	de, #_score
      00015A 21r00r00         [12]  340 	ld	hl, #_topScore
      00015D 1A               [ 8]  341 	ld	a, (de)
      00015E 13               [ 8]  342 	inc	de
      00015F 96               [ 8]  343 	sub	a, (hl)
      000160 23               [ 8]  344 	inc	hl
      000161 1A               [ 8]  345 	ld	a, (de)
      000162 9E               [ 8]  346 	sbc	a, (hl)
      000163 30 07            [12]  347 	jr	NC, 00103$
      000165 21r00r00         [12]  348 	ld	hl, #_topScore
      000168 2A               [ 8]  349 	ld	a, (hl+)
      000169 4E               [ 8]  350 	ld	c, (hl)
      00016A 18 05            [12]  351 	jr	00104$
      00016C                        352 00103$:
      00016C 21r00r00         [12]  353 	ld	hl, #_score
      00016F 2A               [ 8]  354 	ld	a, (hl+)
      000170 4E               [ 8]  355 	ld	c, (hl)
      000171                        356 00104$:
      000171 21r00r00         [12]  357 	ld	hl, #_topScore
      000174 22               [ 8]  358 	ld	(hl+), a
      000175 71               [ 8]  359 	ld	(hl), c
                                    360 ;E:\make_202008\GameBoy\GameBoy01\JunkYard\source\default\userinterface.c:55: UpdateScore();
                                    361 ;E:\make_202008\GameBoy\GameBoy01\JunkYard\source\default\userinterface.c:56: }
      000176 C3rF8r00         [16]  362 	jp	_UpdateScore
                                    363 	.area _CODE
                                    364 	.area _INITIALIZER
                                    365 	.area _CABS (ABS)
