                                      1 ;--------------------------------------------------------
                                      2 ; File Created by SDCC : free open source ISO C Compiler 
                                      3 ; Version 4.3.2 #14228 (MINGW64)
                                      4 ;--------------------------------------------------------
                                      5 	.module ball
                                      6 	.optsdcc -msm83
                                      7 	
                                      8 ;--------------------------------------------------------
                                      9 ; Public variables in this module
                                     10 ;--------------------------------------------------------
                                     11 	.globl _UpdateBall
                                     12 	.globl _ResetBall
                                     13 	.globl _DrawNumber2
                                     14 	.globl _strlen
                                     15 	.globl _uitoa
                                     16 	.globl _set_bkg_tile_xy
                                     17 ;--------------------------------------------------------
                                     18 ; special function registers
                                     19 ;--------------------------------------------------------
                                     20 ;--------------------------------------------------------
                                     21 ; ram data
                                     22 ;--------------------------------------------------------
                                     23 	.area _DATA
                                     24 ;--------------------------------------------------------
                                     25 ; ram data
                                     26 ;--------------------------------------------------------
                                     27 	.area _INITIALIZED
                                     28 ;--------------------------------------------------------
                                     29 ; absolute external ram data
                                     30 ;--------------------------------------------------------
                                     31 	.area _DABS (ABS)
                                     32 ;--------------------------------------------------------
                                     33 ; global & static initialisations
                                     34 ;--------------------------------------------------------
                                     35 	.area _HOME
                                     36 	.area _GSINIT
                                     37 	.area _GSFINAL
                                     38 	.area _GSINIT
                                     39 ;--------------------------------------------------------
                                     40 ; Home
                                     41 ;--------------------------------------------------------
                                     42 	.area _HOME
                                     43 	.area _HOME
                                     44 ;--------------------------------------------------------
                                     45 ; code
                                     46 ;--------------------------------------------------------
                                     47 	.area _CODE
                                     48 ;E:\make_202008\GameBoy\GameBoy01\Production\source\default\ball.c:12: void DrawNumber2(uint8_t x,uint8_t y, uint16_t number,uint8_t digits){
                                     49 ;	---------------------------------
                                     50 ; Function DrawNumber2
                                     51 ; ---------------------------------
      000000                         52 _DrawNumber2::
      000000 E8 EF            [16]   53 	add	sp, #-17
      000002 47               [ 4]   54 	ld	b, a
      000003 4B               [ 4]   55 	ld	c, e
                                     56 ;E:\make_202008\GameBoy\GameBoy01\Production\source\default\ball.c:14: unsigned char buffer[]="00000000";
      000004 F8 00            [12]   57 	ldhl	sp,	#0
      000006 3E 30            [ 8]   58 	ld	a,#0x30
      000008 22               [ 8]   59 	ld	(hl+),a
      000009 22               [ 8]   60 	ld	(hl+), a
      00000A 3E 30            [ 8]   61 	ld	a,#0x30
      00000C 22               [ 8]   62 	ld	(hl+),a
      00000D 22               [ 8]   63 	ld	(hl+), a
      00000E 3E 30            [ 8]   64 	ld	a,#0x30
      000010 22               [ 8]   65 	ld	(hl+),a
      000011 22               [ 8]   66 	ld	(hl+), a
      000012 3E 30            [ 8]   67 	ld	a,#0x30
      000014 22               [ 8]   68 	ld	(hl+),a
      000015 22               [ 8]   69 	ld	(hl+), a
      000016 36 00            [12]   70 	ld	(hl), #0x00
                                     71 ;E:\make_202008\GameBoy\GameBoy01\Production\source\default\ball.c:17: uitoa(number, buffer, 10);
      000018 F8 13            [12]   72 	ldhl	sp,	#19
      00001A 2A               [ 8]   73 	ld	a, (hl+)
      00001B 5F               [ 4]   74 	ld	e, a
      00001C 56               [ 8]   75 	ld	d, (hl)
      00001D C5               [16]   76 	push	bc
      00001E 3E 0A            [ 8]   77 	ld	a, #0x0a
      000020 F5               [16]   78 	push	af
      000021 33               [ 8]   79 	inc	sp
      000022 21 03 00         [12]   80 	ld	hl, #3
      000025 39               [ 8]   81 	add	hl, sp
      000026 E5               [16]   82 	push	hl
      000027 D5               [16]   83 	push	de
      000028 CDr00r00         [24]   84 	call	_uitoa
      00002B E8 05            [16]   85 	add	sp, #5
      00002D C1               [12]   86 	pop	bc
                                     87 ;E:\make_202008\GameBoy\GameBoy01\Production\source\default\ball.c:20: uint8_t len =strlen(buffer);
      00002E 21 00 00         [12]   88 	ld	hl, #0
      000031 39               [ 8]   89 	add	hl, sp
      000032 E5               [16]   90 	push	hl
      000033 CDr00r00         [24]   91 	call	_strlen
      000036 E1               [12]   92 	pop	hl
      000037 F8 09            [12]   93 	ldhl	sp,	#9
      000039 73               [ 8]   94 	ld	(hl), e
                                     95 ;E:\make_202008\GameBoy\GameBoy01\Production\source\default\ball.c:25: for(uint8_t i=0;i<digits-len;i++){
      00003A F8 10            [12]   96 	ldhl	sp,	#16
      00003C 70               [ 8]   97 	ld	(hl), b
      00003D 06 00            [ 8]   98 	ld	b, #0x00
      00003F                         99 00104$:
      00003F F8 15            [12]  100 	ldhl	sp,	#21
      000041 7E               [ 8]  101 	ld	a, (hl)
      000042 F8 0A            [12]  102 	ldhl	sp,	#10
      000044 22               [ 8]  103 	ld	(hl+), a
      000045 AF               [ 4]  104 	xor	a, a
      000046 32               [ 8]  105 	ld	(hl-), a
      000047 2B               [ 8]  106 	dec	hl
      000048 7E               [ 8]  107 	ld	a, (hl)
      000049 F8 0C            [12]  108 	ldhl	sp,	#12
      00004B 22               [ 8]  109 	ld	(hl+), a
      00004C AF               [ 4]  110 	xor	a, a
      00004D 32               [ 8]  111 	ld	(hl-), a
      00004E 2B               [ 8]  112 	dec	hl
      00004F 2B               [ 8]  113 	dec	hl
      000050 2A               [ 8]  114 	ld	a, (hl+)
      000051 5F               [ 4]  115 	ld	e, a
      000052 2A               [ 8]  116 	ld	a, (hl+)
      000053 57               [ 4]  117 	ld	d, a
      000054 2A               [ 8]  118 	ld	a,	(hl+)
      000055 66               [ 8]  119 	ld	h, (hl)
      000056 6F               [ 4]  120 	ld	l, a
      000057 7B               [ 4]  121 	ld	a, e
      000058 95               [ 4]  122 	sub	a, l
      000059 5F               [ 4]  123 	ld	e, a
      00005A 7A               [ 4]  124 	ld	a, d
      00005B 9C               [ 4]  125 	sbc	a, h
      00005C F8 0F            [12]  126 	ldhl	sp,	#15
      00005E 32               [ 8]  127 	ld	(hl-), a
      00005F 7B               [ 4]  128 	ld	a, e
      000060 32               [ 8]  129 	ld	(hl-), a
      000061 2B               [ 8]  130 	dec	hl
      000062 78               [ 4]  131 	ld	a, b
      000063 22               [ 8]  132 	ld	(hl+), a
      000064 36 00            [12]  133 	ld	(hl), #0x00
      000066 F8 0C            [12]  134 	ldhl	sp,	#12
      000068 5D               [ 4]  135 	ld	e, l
      000069 54               [ 4]  136 	ld	d, h
      00006A F8 0E            [12]  137 	ldhl	sp,	#14
      00006C 1A               [ 8]  138 	ld	a, (de)
      00006D 13               [ 8]  139 	inc	de
      00006E 96               [ 8]  140 	sub	a, (hl)
      00006F 23               [ 8]  141 	inc	hl
      000070 1A               [ 8]  142 	ld	a, (de)
      000071 9E               [ 8]  143 	sbc	a, (hl)
      000072 1A               [ 8]  144 	ld	a, (de)
      000073 57               [ 4]  145 	ld	d, a
      000074 CB 7E            [12]  146 	bit	7, (hl)
      000076 28 07            [12]  147 	jr	Z, 00141$
      000078 CB 7A            [ 8]  148 	bit	7, d
      00007A 20 08            [12]  149 	jr	NZ, 00142$
      00007C BF               [ 4]  150 	cp	a, a
      00007D 18 05            [12]  151 	jr	00142$
      00007F                        152 00141$:
      00007F CB 7A            [ 8]  153 	bit	7, d
      000081 28 01            [12]  154 	jr	Z, 00142$
      000083 37               [ 4]  155 	scf
      000084                        156 00142$:
      000084 30 2C            [12]  157 	jr	NC, 00101$
                                    158 ;E:\make_202008\GameBoy\GameBoy01\Production\source\default\ball.c:26: VBK_REG=1;set_bkg_tile_xy(x,y,0);
      000086 3E 01            [ 8]  159 	ld	a, #0x01
      000088 E0r00            [12]  160 	ldh	(_VBK_REG + 0), a
      00008A AF               [ 4]  161 	xor	a, a
      00008B F5               [16]  162 	push	af
      00008C 33               [ 8]  163 	inc	sp
      00008D 79               [ 4]  164 	ld	a, c
      00008E F5               [16]  165 	push	af
      00008F 33               [ 8]  166 	inc	sp
      000090 F8 12            [12]  167 	ldhl	sp,	#18
      000092 7E               [ 8]  168 	ld	a, (hl)
      000093 F5               [16]  169 	push	af
      000094 33               [ 8]  170 	inc	sp
      000095 CDr00r00         [24]  171 	call	_set_bkg_tile_xy
      000098 E8 03            [16]  172 	add	sp, #3
                                    173 ;E:\make_202008\GameBoy\GameBoy01\Production\source\default\ball.c:27: VBK_REG=0;set_bkg_tile_xy(x++,y,USERINTERFACE_TILES_START+42);
      00009A AF               [ 4]  174 	xor	a, a
      00009B E0r00            [12]  175 	ldh	(_VBK_REG + 0), a
      00009D F8 10            [12]  176 	ldhl	sp,	#16
      00009F 7E               [ 8]  177 	ld	a, (hl)
      0000A0 34               [12]  178 	inc	(hl)
      0000A1 26 3B            [ 8]  179 	ld	h, #0x3b
                                    180 ;	spillPairReg hl
                                    181 ;	spillPairReg hl
      0000A3 E5               [16]  182 	push	hl
      0000A4 33               [ 8]  183 	inc	sp
      0000A5 61               [ 4]  184 	ld	h, c
                                    185 ;	spillPairReg hl
                                    186 ;	spillPairReg hl
      0000A6 E5               [16]  187 	push	hl
      0000A7 33               [ 8]  188 	inc	sp
      0000A8 F5               [16]  189 	push	af
      0000A9 33               [ 8]  190 	inc	sp
      0000AA CDr00r00         [24]  191 	call	_set_bkg_tile_xy
      0000AD E8 03            [16]  192 	add	sp, #3
                                    193 ;E:\make_202008\GameBoy\GameBoy01\Production\source\default\ball.c:25: for(uint8_t i=0;i<digits-len;i++){
      0000AF 04               [ 4]  194 	inc	b
      0000B0 18 8D            [12]  195 	jr	00104$
      0000B2                        196 00101$:
                                    197 ;E:\make_202008\GameBoy\GameBoy01\Production\source\default\ball.c:32: for(uint8_t i=0;i<len;i++){
      0000B2 F8 10            [12]  198 	ldhl	sp,	#16
      0000B4 46               [ 8]  199 	ld	b, (hl)
      0000B5 1E 00            [ 8]  200 	ld	e, #0x00
      0000B7                        201 00107$:
      0000B7 7B               [ 4]  202 	ld	a, e
      0000B8 F8 09            [12]  203 	ldhl	sp,	#9
      0000BA 96               [ 8]  204 	sub	a, (hl)
      0000BB 30 35            [12]  205 	jr	NC, 00109$
                                    206 ;E:\make_202008\GameBoy\GameBoy01\Production\source\default\ball.c:34: VBK_REG=1;set_bkg_tile_xy(x,y,0);
      0000BD 3E 01            [ 8]  207 	ld	a, #0x01
      0000BF E0r00            [12]  208 	ldh	(_VBK_REG + 0), a
      0000C1 D5               [16]  209 	push	de
      0000C2 AF               [ 4]  210 	xor	a, a
      0000C3 F5               [16]  211 	push	af
      0000C4 33               [ 8]  212 	inc	sp
      0000C5 79               [ 4]  213 	ld	a, c
      0000C6 F5               [16]  214 	push	af
      0000C7 33               [ 8]  215 	inc	sp
      0000C8 C5               [16]  216 	push	bc
      0000C9 33               [ 8]  217 	inc	sp
      0000CA CDr00r00         [24]  218 	call	_set_bkg_tile_xy
      0000CD E8 03            [16]  219 	add	sp, #3
      0000CF D1               [12]  220 	pop	de
                                    221 ;E:\make_202008\GameBoy\GameBoy01\Production\source\default\ball.c:35: VBK_REG=0;set_bkg_tile_xy(x++,y,(buffer[i]-'0')+USERINTERFACE_TILES_START+42);
      0000D0 AF               [ 4]  222 	xor	a, a
      0000D1 E0r00            [12]  223 	ldh	(_VBK_REG + 0), a
      0000D3 D5               [16]  224 	push	de
      0000D4 16 00            [ 8]  225 	ld	d, #0x00
      0000D6 21 02 00         [12]  226 	ld	hl, #2
      0000D9 39               [ 8]  227 	add	hl, sp
      0000DA 19               [ 8]  228 	add	hl, de
      0000DB D1               [12]  229 	pop	de
      0000DC 7E               [ 8]  230 	ld	a, (hl)
      0000DD C6 0B            [ 8]  231 	add	a, #0x0b
      0000DF 50               [ 4]  232 	ld	d, b
      0000E0 04               [ 4]  233 	inc	b
      0000E1 D5               [16]  234 	push	de
      0000E2 F5               [16]  235 	push	af
      0000E3 33               [ 8]  236 	inc	sp
      0000E4 79               [ 4]  237 	ld	a, c
      0000E5 F5               [16]  238 	push	af
      0000E6 33               [ 8]  239 	inc	sp
      0000E7 D5               [16]  240 	push	de
      0000E8 33               [ 8]  241 	inc	sp
      0000E9 CDr00r00         [24]  242 	call	_set_bkg_tile_xy
      0000EC E8 03            [16]  243 	add	sp, #3
      0000EE D1               [12]  244 	pop	de
                                    245 ;E:\make_202008\GameBoy\GameBoy01\Production\source\default\ball.c:32: for(uint8_t i=0;i<len;i++){
      0000EF 1C               [ 4]  246 	inc	e
      0000F0 18 C5            [12]  247 	jr	00107$
      0000F2                        248 00109$:
                                    249 ;E:\make_202008\GameBoy\GameBoy01\Production\source\default\ball.c:37: }
      0000F2 E8 11            [16]  250 	add	sp, #17
      0000F4 E1               [12]  251 	pop	hl
      0000F5 E8 03            [16]  252 	add	sp, #3
      0000F7 E9               [ 4]  253 	jp	(hl)
                                    254 ;E:\make_202008\GameBoy\GameBoy01\Production\source\default\ball.c:39: void ResetBall(){
                                    255 ;	---------------------------------
                                    256 ; Function ResetBall
                                    257 ; ---------------------------------
      0000F8                        258 _ResetBall::
                                    259 ;E:\make_202008\GameBoy\GameBoy01\Production\source\default\ball.c:41: ballX=BALLSTART_X;
      0000F8 21r00r00         [12]  260 	ld	hl, #_ballX
      0000FB AF               [ 4]  261 	xor	a, a
      0000FC 22               [ 8]  262 	ld	(hl+), a
      0000FD 36 04            [12]  263 	ld	(hl), #0x04
                                    264 ;E:\make_202008\GameBoy\GameBoy01\Production\source\default\ball.c:42: ballY=BALLSTART_Y;
      0000FF 21r00r00         [12]  265 	ld	hl, #_ballY
      000102 3E 80            [ 8]  266 	ld	a, #0x80
      000104 22               [ 8]  267 	ld	(hl+), a
      000105 36 06            [12]  268 	ld	(hl), #0x06
                                    269 ;E:\make_202008\GameBoy\GameBoy01\Production\source\default\ball.c:43: ballVelocityX=0;
      000107 AF               [ 4]  270 	xor	a, a
      000108 21r00r00         [12]  271 	ld	hl, #_ballVelocityX
      00010B 22               [ 8]  272 	ld	(hl+), a
      00010C 77               [ 8]  273 	ld	(hl), a
                                    274 ;E:\make_202008\GameBoy\GameBoy01\Production\source\default\ball.c:44: ballVelocityY=0;
      00010D AF               [ 4]  275 	xor	a, a
      00010E 21r00r00         [12]  276 	ld	hl, #_ballVelocityY
      000111 22               [ 8]  277 	ld	(hl+), a
      000112 77               [ 8]  278 	ld	(hl), a
                                    279 ;E:\make_202008\GameBoy\GameBoy01\Production\source\default\ball.c:45: }
      000113 C9               [16]  280 	ret
                                    281 ;E:\make_202008\GameBoy\GameBoy01\Production\source\default\ball.c:47: uint8_t UpdateBall(uint8_t lastSprite){
                                    282 ;	---------------------------------
                                    283 ; Function UpdateBall
                                    284 ; ---------------------------------
      000114                        285 _UpdateBall::
      000114 3B               [ 8]  286 	dec	sp
      000115 3B               [ 8]  287 	dec	sp
      000116 F8 01            [12]  288 	ldhl	sp,	#1
      000118 77               [ 8]  289 	ld	(hl), a
                                    290 ;E:\make_202008\GameBoy\GameBoy01\Production\source\default\ball.c:50: ballX+=ballVelocityX>>4;
      000119 21r00r00         [12]  291 	ld	hl, #_ballVelocityX
      00011C 2A               [ 8]  292 	ld	a, (hl+)
      00011D 4F               [ 4]  293 	ld	c, a
      00011E 46               [ 8]  294 	ld	b, (hl)
      00011F CB 28            [ 8]  295 	sra	b
      000121 CB 19            [ 8]  296 	rr	c
      000123 CB 28            [ 8]  297 	sra	b
      000125 CB 19            [ 8]  298 	rr	c
      000127 CB 28            [ 8]  299 	sra	b
      000129 CB 19            [ 8]  300 	rr	c
      00012B CB 28            [ 8]  301 	sra	b
      00012D CB 19            [ 8]  302 	rr	c
      00012F 21r00r00         [12]  303 	ld	hl, #_ballX
      000132 7E               [ 8]  304 	ld	a, (hl)
      000133 81               [ 4]  305 	add	a, c
      000134 22               [ 8]  306 	ld	(hl+), a
      000135 7E               [ 8]  307 	ld	a, (hl)
      000136 88               [ 4]  308 	adc	a, b
      000137 77               [ 8]  309 	ld	(hl), a
                                    310 ;E:\make_202008\GameBoy\GameBoy01\Production\source\default\ball.c:51: ballY+=ballVelocityY>>4;
      000138 21r00r00         [12]  311 	ld	hl, #_ballVelocityY
      00013B 2A               [ 8]  312 	ld	a, (hl+)
      00013C 4F               [ 4]  313 	ld	c, a
      00013D 46               [ 8]  314 	ld	b, (hl)
      00013E CB 28            [ 8]  315 	sra	b
      000140 CB 19            [ 8]  316 	rr	c
      000142 CB 28            [ 8]  317 	sra	b
      000144 CB 19            [ 8]  318 	rr	c
      000146 CB 28            [ 8]  319 	sra	b
      000148 CB 19            [ 8]  320 	rr	c
      00014A CB 28            [ 8]  321 	sra	b
      00014C CB 19            [ 8]  322 	rr	c
      00014E 21r00r00         [12]  323 	ld	hl, #_ballY
      000151 7E               [ 8]  324 	ld	a, (hl)
      000152 81               [ 4]  325 	add	a, c
      000153 22               [ 8]  326 	ld	(hl+), a
      000154 7E               [ 8]  327 	ld	a, (hl)
      000155 88               [ 4]  328 	adc	a, b
                                    329 ;E:\make_202008\GameBoy\GameBoy01\Production\source\default\ball.c:55: if((ballY>>4)>144){
      000156 32               [ 8]  330 	ld	(hl-), a
      000157 2A               [ 8]  331 	ld	a, (hl+)
      000158 4F               [ 4]  332 	ld	c, a
      000159 46               [ 8]  333 	ld	b, (hl)
      00015A CB 38            [ 8]  334 	srl	b
      00015C CB 19            [ 8]  335 	rr	c
      00015E CB 38            [ 8]  336 	srl	b
      000160 CB 19            [ 8]  337 	rr	c
      000162 CB 38            [ 8]  338 	srl	b
      000164 CB 19            [ 8]  339 	rr	c
      000166 CB 38            [ 8]  340 	srl	b
      000168 CB 19            [ 8]  341 	rr	c
      00016A 59               [ 4]  342 	ld	e, c
      00016B 50               [ 4]  343 	ld	d, b
      00016C 3E 90            [ 8]  344 	ld	a, #0x90
      00016E BB               [ 4]  345 	cp	a, e
      00016F 3E 00            [ 8]  346 	ld	a, #0x00
      000171 9A               [ 4]  347 	sbc	a, d
      000172 30 03            [12]  348 	jr	NC, 00102$
                                    349 ;E:\make_202008\GameBoy\GameBoy01\Production\source\default\ball.c:58: return 0;
      000174 AF               [ 4]  350 	xor	a, a
      000175 18 44            [12]  351 	jr	00104$
      000177                        352 00102$:
                                    353 ;E:\make_202008\GameBoy\GameBoy01\Production\source\default\ball.c:61: lastSprite = move_metasprite(ball_metasprites[0],paddle_TILE_COUNT,lastSprite,(ballX>>4)+7,(ballY>>4)+15);
      000177 79               [ 4]  354 	ld	a, c
      000178 C6 0F            [ 8]  355 	add	a, #0x0f
      00017A F8 00            [12]  356 	ldhl	sp,	#0
      00017C 77               [ 8]  357 	ld	(hl), a
      00017D 21r00r00         [12]  358 	ld	hl, #_ballX
      000180 2A               [ 8]  359 	ld	a, (hl+)
      000181 4F               [ 4]  360 	ld	c, a
      000182 46               [ 8]  361 	ld	b, (hl)
      000183 CB 38            [ 8]  362 	srl	b
      000185 CB 19            [ 8]  363 	rr	c
      000187 CB 38            [ 8]  364 	srl	b
      000189 CB 19            [ 8]  365 	rr	c
      00018B CB 38            [ 8]  366 	srl	b
      00018D CB 19            [ 8]  367 	rr	c
      00018F CB 38            [ 8]  368 	srl	b
      000191 CB 19            [ 8]  369 	rr	c
      000193 79               [ 4]  370 	ld	a, c
      000194 C6 07            [ 8]  371 	add	a, #0x07
      000196 4F               [ 4]  372 	ld	c, a
      000197 21r00r00         [12]  373 	ld	hl, #_ball_metasprites
      00019A 2A               [ 8]  374 	ld	a,	(hl+)
      00019B 66               [ 8]  375 	ld	h, (hl)
                                    376 ;	spillPairReg hl
                                    377 ;	spillPairReg hl
                                    378 ;	spillPairReg hl
                                    379 ;e:\make_202008\gameboy\gbdk-win64\gbdk\include\gb\metasprites.h:160: __current_metasprite = metasprite;
      00019C 5F               [ 4]  380 	ld	e, a
      00019D 54               [ 4]  381 	ld	d, h
      00019E 21r00r00         [12]  382 	ld	hl, #___current_metasprite
      0001A1 7B               [ 4]  383 	ld	a, e
      0001A2 22               [ 8]  384 	ld	(hl+), a
      0001A3 72               [ 8]  385 	ld	(hl), d
                                    386 ;e:\make_202008\gameboy\gbdk-win64\gbdk\include\gb\metasprites.h:161: __current_base_tile = base_tile;
      0001A4 21r00r00         [12]  387 	ld	hl, #___current_base_tile
      0001A7 36 03            [12]  388 	ld	(hl), #0x03
                                    389 ;e:\make_202008\gameboy\gbdk-win64\gbdk\include\gb\metasprites.h:162: __current_base_prop = 0;
      0001A9 21r00r00         [12]  390 	ld	hl, #___current_base_prop
      0001AC 36 00            [12]  391 	ld	(hl), #0x00
                                    392 ;e:\make_202008\gameboy\gbdk-win64\gbdk\include\gb\metasprites.h:163: return __move_metasprite(base_sprite, (y << 8) | (uint8_t)x);
      0001AE F8 00            [12]  393 	ldhl	sp,	#0
      0001B0 2A               [ 8]  394 	ld	a, (hl+)
      0001B1 57               [ 4]  395 	ld	d, a
      0001B2 AF               [ 4]  396 	xor	a, a
      0001B3 B1               [ 4]  397 	or	a, c
      0001B4 5F               [ 4]  398 	ld	e, a
      0001B5 7E               [ 8]  399 	ld	a, (hl)
      0001B6 CDr00r00         [24]  400 	call	___move_metasprite
                                    401 ;E:\make_202008\GameBoy\GameBoy01\Production\source\default\ball.c:63: return 1;
      0001B9 3E 01            [ 8]  402 	ld	a, #0x01
      0001BB                        403 00104$:
                                    404 ;E:\make_202008\GameBoy\GameBoy01\Production\source\default\ball.c:64: }
      0001BB 33               [ 8]  405 	inc	sp
      0001BC 33               [ 8]  406 	inc	sp
      0001BD C9               [16]  407 	ret
                                    408 	.area _CODE
                                    409 	.area _INITIALIZER
                                    410 	.area _CABS (ABS)
