                                      1 ;--------------------------------------------------------
                                      2 ; File Created by SDCC : free open source ISO C Compiler 
                                      3 ; Version 4.3.2 #14228 (MINGW64)
                                      4 ;--------------------------------------------------------
                                      5 	.module ball
                                      6 	.optsdcc -msm83
                                      7 	
                                      8 ;--------------------------------------------------------
                                      9 ; Public variables in this module
                                     10 ;--------------------------------------------------------
                                     11 	.globl _ball_metasprites
                                     12 	.globl _ball_metasprite0
                                     13 	.globl _ball_tiles
                                     14 	.globl _ball_palettes
                                     15 	.globl b___func_ball
                                     16 	.globl ___func_ball
                                     17 ;--------------------------------------------------------
                                     18 ; special function registers
                                     19 ;--------------------------------------------------------
                                     20 ;--------------------------------------------------------
                                     21 ; ram data
                                     22 ;--------------------------------------------------------
                                     23 	.area _DATA
                                     24 ;--------------------------------------------------------
                                     25 ; ram data
                                     26 ;--------------------------------------------------------
                                     27 	.area _INITIALIZED
                                     28 ;--------------------------------------------------------
                                     29 ; absolute external ram data
                                     30 ;--------------------------------------------------------
                                     31 	.area _DABS (ABS)
                                     32 ;--------------------------------------------------------
                                     33 ; global & static initialisations
                                     34 ;--------------------------------------------------------
                                     35 	.area _HOME
                                     36 	.area _GSINIT
                                     37 	.area _GSFINAL
                                     38 	.area _GSINIT
                                     39 ;--------------------------------------------------------
                                     40 ; Home
                                     41 ;--------------------------------------------------------
                                     42 	.area _HOME
                                     43 	.area _HOME
                                     44 ;--------------------------------------------------------
                                     45 ; code
                                     46 ;--------------------------------------------------------
                                     47 	.area _CODE
                                     48 ;E:\make_202008\GameBoy\GameBoy01\Production\source\gen\graphics\ball.c:7: BANKREF(ball)
                                     49 ;	---------------------------------
                                     50 ; Function __func_ball
                                     51 ; ---------------------------------
                           000000    52 	b___func_ball	= 0
      000000                         53 ___func_ball::
                                     54 	.local b___func_ball 
                           000000    55 	___bank_ball = b___func_ball 
                                     56 	.globl ___bank_ball 
                                     57 	.area _CODE
      000000                         58 _ball_palettes:
      000000 FF 7F                   59 	.dw #0x7fff
      000002 B5 56                   60 	.dw #0x56b5
      000004 8C 31                   61 	.dw #0x318c
      000006 00 00                   62 	.dw #0x0000
      000008                         63 _ball_tiles:
      000008 00                      64 	.db #0x00	; 0
      000009 00                      65 	.db #0x00	; 0
      00000A 00                      66 	.db #0x00	; 0
      00000B 00                      67 	.db #0x00	; 0
      00000C 1C                      68 	.db #0x1c	; 28
      00000D 1C                      69 	.db #0x1c	; 28
      00000E 26                      70 	.db #0x26	; 38
      00000F 26                      71 	.db #0x26	; 38
      000010 3E                      72 	.db #0x3e	; 62
      000011 3E                      73 	.db #0x3e	; 62
      000012 3E                      74 	.db #0x3e	; 62
      000013 3E                      75 	.db #0x3e	; 62
      000014 1C                      76 	.db #0x1c	; 28
      000015 1C                      77 	.db #0x1c	; 28
      000016 00                      78 	.db #0x00	; 0
      000017 00                      79 	.db #0x00	; 0
      000018                         80 _ball_metasprite0:
      000018 FC                      81 	.db #0xfc	; -4
      000019 FC                      82 	.db #0xfc	; -4
      00001A 00                      83 	.db #0x00	; 0
      00001B 00                      84 	.db #0x00	; 0
      00001C 80                      85 	.db #0x80	; -128
      00001D 00                      86 	.db #0x00	;  0
      00001E 00                      87 	.db #0x00	; 0
      00001F 00                      88 	.db #0x00	; 0
      000020                         89 _ball_metasprites:
      000020r18r00                   90 	.dw _ball_metasprite0
                                     91 	.area _INITIALIZER
                                     92 	.area _CABS (ABS)
