                                      1 ;--------------------------------------------------------
                                      2 ; File Created by SDCC : free open source ISO C Compiler 
                                      3 ; Version 4.3.2 #14228 (MINGW64)
                                      4 ;--------------------------------------------------------
                                      5 	.module Font
                                      6 	.optsdcc -msm83
                                      7 	
                                      8 ;--------------------------------------------------------
                                      9 ; Public variables in this module
                                     10 ;--------------------------------------------------------
                                     11 	.globl _Font_map_attributes
                                     12 	.globl _Font_map
                                     13 	.globl _Font_tiles
                                     14 	.globl _Font_palettes
                                     15 	.globl b___func_Font
                                     16 	.globl ___func_Font
                                     17 ;--------------------------------------------------------
                                     18 ; special function registers
                                     19 ;--------------------------------------------------------
                                     20 ;--------------------------------------------------------
                                     21 ; ram data
                                     22 ;--------------------------------------------------------
                                     23 	.area _DATA
                                     24 ;--------------------------------------------------------
                                     25 ; ram data
                                     26 ;--------------------------------------------------------
                                     27 	.area _INITIALIZED
                                     28 ;--------------------------------------------------------
                                     29 ; absolute external ram data
                                     30 ;--------------------------------------------------------
                                     31 	.area _DABS (ABS)
                                     32 ;--------------------------------------------------------
                                     33 ; global & static initialisations
                                     34 ;--------------------------------------------------------
                                     35 	.area _HOME
                                     36 	.area _GSINIT
                                     37 	.area _GSFINAL
                                     38 	.area _GSINIT
                                     39 ;--------------------------------------------------------
                                     40 ; Home
                                     41 ;--------------------------------------------------------
                                     42 	.area _HOME
                                     43 	.area _HOME
                                     44 ;--------------------------------------------------------
                                     45 ; code
                                     46 ;--------------------------------------------------------
                                     47 	.area _CODE
                                     48 ;E:\make_202008\GameBoy\GameBoy01\Production\source\gen\graphics\Font.c:7: BANKREF(Font)
                                     49 ;	---------------------------------
                                     50 ; Function __func_Font
                                     51 ; ---------------------------------
                           000000    52 	b___func_Font	= 0
      000000                         53 ___func_Font::
                                     54 	.local b___func_Font 
                           000000    55 	___bank_Font = b___func_Font 
                                     56 	.globl ___bank_Font 
                                     57 	.area _CODE
      000000                         58 _Font_palettes:
      000000 FF 7F                   59 	.dw #0x7fff
      000002 B5 56                   60 	.dw #0x56b5
      000004 8C 31                   61 	.dw #0x318c
      000006 00 00                   62 	.dw #0x0000
      000008                         63 _Font_tiles:
      000008 00                      64 	.db #0x00	; 0
      000009 00                      65 	.db #0x00	; 0
      00000A 18                      66 	.db #0x18	; 24
      00000B 18                      67 	.db #0x18	; 24
      00000C 3C                      68 	.db #0x3c	; 60
      00000D 3C                      69 	.db #0x3c	; 60
      00000E 66                      70 	.db #0x66	; 102	'f'
      00000F 66                      71 	.db #0x66	; 102	'f'
      000010 7E                      72 	.db #0x7e	; 126
      000011 7E                      73 	.db #0x7e	; 126
      000012 66                      74 	.db #0x66	; 102	'f'
      000013 66                      75 	.db #0x66	; 102	'f'
      000014 66                      76 	.db #0x66	; 102	'f'
      000015 66                      77 	.db #0x66	; 102	'f'
      000016 00                      78 	.db #0x00	; 0
      000017 00                      79 	.db #0x00	; 0
      000018 00                      80 	.db #0x00	; 0
      000019 00                      81 	.db #0x00	; 0
      00001A 7C                      82 	.db #0x7c	; 124
      00001B 7C                      83 	.db #0x7c	; 124
      00001C 66                      84 	.db #0x66	; 102	'f'
      00001D 66                      85 	.db #0x66	; 102	'f'
      00001E 7C                      86 	.db #0x7c	; 124
      00001F 7C                      87 	.db #0x7c	; 124
      000020 66                      88 	.db #0x66	; 102	'f'
      000021 66                      89 	.db #0x66	; 102	'f'
      000022 66                      90 	.db #0x66	; 102	'f'
      000023 66                      91 	.db #0x66	; 102	'f'
      000024 7E                      92 	.db #0x7e	; 126
      000025 7E                      93 	.db #0x7e	; 126
      000026 00                      94 	.db #0x00	; 0
      000027 00                      95 	.db #0x00	; 0
      000028 00                      96 	.db #0x00	; 0
      000029 00                      97 	.db #0x00	; 0
      00002A 3C                      98 	.db #0x3c	; 60
      00002B 3C                      99 	.db #0x3c	; 60
      00002C 66                     100 	.db #0x66	; 102	'f'
      00002D 66                     101 	.db #0x66	; 102	'f'
      00002E 60                     102 	.db #0x60	; 96
      00002F 60                     103 	.db #0x60	; 96
      000030 60                     104 	.db #0x60	; 96
      000031 60                     105 	.db #0x60	; 96
      000032 66                     106 	.db #0x66	; 102	'f'
      000033 66                     107 	.db #0x66	; 102	'f'
      000034 3C                     108 	.db #0x3c	; 60
      000035 3C                     109 	.db #0x3c	; 60
      000036 00                     110 	.db #0x00	; 0
      000037 00                     111 	.db #0x00	; 0
      000038 00                     112 	.db #0x00	; 0
      000039 00                     113 	.db #0x00	; 0
      00003A 7C                     114 	.db #0x7c	; 124
      00003B 7C                     115 	.db #0x7c	; 124
      00003C 66                     116 	.db #0x66	; 102	'f'
      00003D 66                     117 	.db #0x66	; 102	'f'
      00003E 66                     118 	.db #0x66	; 102	'f'
      00003F 66                     119 	.db #0x66	; 102	'f'
      000040 66                     120 	.db #0x66	; 102	'f'
      000041 66                     121 	.db #0x66	; 102	'f'
      000042 66                     122 	.db #0x66	; 102	'f'
      000043 66                     123 	.db #0x66	; 102	'f'
      000044 7C                     124 	.db #0x7c	; 124
      000045 7C                     125 	.db #0x7c	; 124
      000046 00                     126 	.db #0x00	; 0
      000047 00                     127 	.db #0x00	; 0
      000048 00                     128 	.db #0x00	; 0
      000049 00                     129 	.db #0x00	; 0
      00004A 7E                     130 	.db #0x7e	; 126
      00004B 7E                     131 	.db #0x7e	; 126
      00004C 60                     132 	.db #0x60	; 96
      00004D 60                     133 	.db #0x60	; 96
      00004E 7C                     134 	.db #0x7c	; 124
      00004F 7C                     135 	.db #0x7c	; 124
      000050 60                     136 	.db #0x60	; 96
      000051 60                     137 	.db #0x60	; 96
      000052 60                     138 	.db #0x60	; 96
      000053 60                     139 	.db #0x60	; 96
      000054 7E                     140 	.db #0x7e	; 126
      000055 7E                     141 	.db #0x7e	; 126
      000056 00                     142 	.db #0x00	; 0
      000057 00                     143 	.db #0x00	; 0
      000058 00                     144 	.db #0x00	; 0
      000059 00                     145 	.db #0x00	; 0
      00005A 7E                     146 	.db #0x7e	; 126
      00005B 7E                     147 	.db #0x7e	; 126
      00005C 60                     148 	.db #0x60	; 96
      00005D 60                     149 	.db #0x60	; 96
      00005E 7C                     150 	.db #0x7c	; 124
      00005F 7C                     151 	.db #0x7c	; 124
      000060 60                     152 	.db #0x60	; 96
      000061 60                     153 	.db #0x60	; 96
      000062 60                     154 	.db #0x60	; 96
      000063 60                     155 	.db #0x60	; 96
      000064 60                     156 	.db #0x60	; 96
      000065 60                     157 	.db #0x60	; 96
      000066 00                     158 	.db #0x00	; 0
      000067 00                     159 	.db #0x00	; 0
      000068 00                     160 	.db #0x00	; 0
      000069 00                     161 	.db #0x00	; 0
      00006A 3C                     162 	.db #0x3c	; 60
      00006B 3C                     163 	.db #0x3c	; 60
      00006C 66                     164 	.db #0x66	; 102	'f'
      00006D 66                     165 	.db #0x66	; 102	'f'
      00006E 60                     166 	.db #0x60	; 96
      00006F 60                     167 	.db #0x60	; 96
      000070 6E                     168 	.db #0x6e	; 110	'n'
      000071 6E                     169 	.db #0x6e	; 110	'n'
      000072 66                     170 	.db #0x66	; 102	'f'
      000073 66                     171 	.db #0x66	; 102	'f'
      000074 3E                     172 	.db #0x3e	; 62
      000075 3E                     173 	.db #0x3e	; 62
      000076 00                     174 	.db #0x00	; 0
      000077 00                     175 	.db #0x00	; 0
      000078 00                     176 	.db #0x00	; 0
      000079 00                     177 	.db #0x00	; 0
      00007A 66                     178 	.db #0x66	; 102	'f'
      00007B 66                     179 	.db #0x66	; 102	'f'
      00007C 66                     180 	.db #0x66	; 102	'f'
      00007D 66                     181 	.db #0x66	; 102	'f'
      00007E 7E                     182 	.db #0x7e	; 126
      00007F 7E                     183 	.db #0x7e	; 126
      000080 66                     184 	.db #0x66	; 102	'f'
      000081 66                     185 	.db #0x66	; 102	'f'
      000082 66                     186 	.db #0x66	; 102	'f'
      000083 66                     187 	.db #0x66	; 102	'f'
      000084 66                     188 	.db #0x66	; 102	'f'
      000085 66                     189 	.db #0x66	; 102	'f'
      000086 00                     190 	.db #0x00	; 0
      000087 00                     191 	.db #0x00	; 0
      000088 00                     192 	.db #0x00	; 0
      000089 00                     193 	.db #0x00	; 0
      00008A 3C                     194 	.db #0x3c	; 60
      00008B 3C                     195 	.db #0x3c	; 60
      00008C 18                     196 	.db #0x18	; 24
      00008D 18                     197 	.db #0x18	; 24
      00008E 18                     198 	.db #0x18	; 24
      00008F 18                     199 	.db #0x18	; 24
      000090 18                     200 	.db #0x18	; 24
      000091 18                     201 	.db #0x18	; 24
      000092 18                     202 	.db #0x18	; 24
      000093 18                     203 	.db #0x18	; 24
      000094 3C                     204 	.db #0x3c	; 60
      000095 3C                     205 	.db #0x3c	; 60
      000096 00                     206 	.db #0x00	; 0
      000097 00                     207 	.db #0x00	; 0
      000098 00                     208 	.db #0x00	; 0
      000099 00                     209 	.db #0x00	; 0
      00009A 1E                     210 	.db #0x1e	; 30
      00009B 1E                     211 	.db #0x1e	; 30
      00009C 0C                     212 	.db #0x0c	; 12
      00009D 0C                     213 	.db #0x0c	; 12
      00009E 0C                     214 	.db #0x0c	; 12
      00009F 0C                     215 	.db #0x0c	; 12
      0000A0 0C                     216 	.db #0x0c	; 12
      0000A1 0C                     217 	.db #0x0c	; 12
      0000A2 6C                     218 	.db #0x6c	; 108	'l'
      0000A3 6C                     219 	.db #0x6c	; 108	'l'
      0000A4 38                     220 	.db #0x38	; 56	'8'
      0000A5 38                     221 	.db #0x38	; 56	'8'
      0000A6 00                     222 	.db #0x00	; 0
      0000A7 00                     223 	.db #0x00	; 0
      0000A8 00                     224 	.db #0x00	; 0
      0000A9 00                     225 	.db #0x00	; 0
      0000AA 66                     226 	.db #0x66	; 102	'f'
      0000AB 66                     227 	.db #0x66	; 102	'f'
      0000AC 6C                     228 	.db #0x6c	; 108	'l'
      0000AD 6C                     229 	.db #0x6c	; 108	'l'
      0000AE 78                     230 	.db #0x78	; 120	'x'
      0000AF 78                     231 	.db #0x78	; 120	'x'
      0000B0 7C                     232 	.db #0x7c	; 124
      0000B1 7C                     233 	.db #0x7c	; 124
      0000B2 6E                     234 	.db #0x6e	; 110	'n'
      0000B3 6E                     235 	.db #0x6e	; 110	'n'
      0000B4 66                     236 	.db #0x66	; 102	'f'
      0000B5 66                     237 	.db #0x66	; 102	'f'
      0000B6 00                     238 	.db #0x00	; 0
      0000B7 00                     239 	.db #0x00	; 0
      0000B8 00                     240 	.db #0x00	; 0
      0000B9 00                     241 	.db #0x00	; 0
      0000BA 60                     242 	.db #0x60	; 96
      0000BB 60                     243 	.db #0x60	; 96
      0000BC 60                     244 	.db #0x60	; 96
      0000BD 60                     245 	.db #0x60	; 96
      0000BE 60                     246 	.db #0x60	; 96
      0000BF 60                     247 	.db #0x60	; 96
      0000C0 60                     248 	.db #0x60	; 96
      0000C1 60                     249 	.db #0x60	; 96
      0000C2 60                     250 	.db #0x60	; 96
      0000C3 60                     251 	.db #0x60	; 96
      0000C4 7E                     252 	.db #0x7e	; 126
      0000C5 7E                     253 	.db #0x7e	; 126
      0000C6 00                     254 	.db #0x00	; 0
      0000C7 00                     255 	.db #0x00	; 0
      0000C8 00                     256 	.db #0x00	; 0
      0000C9 00                     257 	.db #0x00	; 0
      0000CA 62                     258 	.db #0x62	; 98	'b'
      0000CB 62                     259 	.db #0x62	; 98	'b'
      0000CC 76                     260 	.db #0x76	; 118	'v'
      0000CD 76                     261 	.db #0x76	; 118	'v'
      0000CE 7E                     262 	.db #0x7e	; 126
      0000CF 7E                     263 	.db #0x7e	; 126
      0000D0 6A                     264 	.db #0x6a	; 106	'j'
      0000D1 6A                     265 	.db #0x6a	; 106	'j'
      0000D2 62                     266 	.db #0x62	; 98	'b'
      0000D3 62                     267 	.db #0x62	; 98	'b'
      0000D4 62                     268 	.db #0x62	; 98	'b'
      0000D5 62                     269 	.db #0x62	; 98	'b'
      0000D6 00                     270 	.db #0x00	; 0
      0000D7 00                     271 	.db #0x00	; 0
      0000D8 00                     272 	.db #0x00	; 0
      0000D9 00                     273 	.db #0x00	; 0
      0000DA 66                     274 	.db #0x66	; 102	'f'
      0000DB 66                     275 	.db #0x66	; 102	'f'
      0000DC 76                     276 	.db #0x76	; 118	'v'
      0000DD 76                     277 	.db #0x76	; 118	'v'
      0000DE 7E                     278 	.db #0x7e	; 126
      0000DF 7E                     279 	.db #0x7e	; 126
      0000E0 6E                     280 	.db #0x6e	; 110	'n'
      0000E1 6E                     281 	.db #0x6e	; 110	'n'
      0000E2 66                     282 	.db #0x66	; 102	'f'
      0000E3 66                     283 	.db #0x66	; 102	'f'
      0000E4 66                     284 	.db #0x66	; 102	'f'
      0000E5 66                     285 	.db #0x66	; 102	'f'
      0000E6 00                     286 	.db #0x00	; 0
      0000E7 00                     287 	.db #0x00	; 0
      0000E8 00                     288 	.db #0x00	; 0
      0000E9 00                     289 	.db #0x00	; 0
      0000EA 3C                     290 	.db #0x3c	; 60
      0000EB 3C                     291 	.db #0x3c	; 60
      0000EC 66                     292 	.db #0x66	; 102	'f'
      0000ED 66                     293 	.db #0x66	; 102	'f'
      0000EE 66                     294 	.db #0x66	; 102	'f'
      0000EF 66                     295 	.db #0x66	; 102	'f'
      0000F0 66                     296 	.db #0x66	; 102	'f'
      0000F1 66                     297 	.db #0x66	; 102	'f'
      0000F2 66                     298 	.db #0x66	; 102	'f'
      0000F3 66                     299 	.db #0x66	; 102	'f'
      0000F4 3C                     300 	.db #0x3c	; 60
      0000F5 3C                     301 	.db #0x3c	; 60
      0000F6 00                     302 	.db #0x00	; 0
      0000F7 00                     303 	.db #0x00	; 0
      0000F8 00                     304 	.db #0x00	; 0
      0000F9 00                     305 	.db #0x00	; 0
      0000FA 7C                     306 	.db #0x7c	; 124
      0000FB 7C                     307 	.db #0x7c	; 124
      0000FC 66                     308 	.db #0x66	; 102	'f'
      0000FD 66                     309 	.db #0x66	; 102	'f'
      0000FE 66                     310 	.db #0x66	; 102	'f'
      0000FF 66                     311 	.db #0x66	; 102	'f'
      000100 7C                     312 	.db #0x7c	; 124
      000101 7C                     313 	.db #0x7c	; 124
      000102 60                     314 	.db #0x60	; 96
      000103 60                     315 	.db #0x60	; 96
      000104 60                     316 	.db #0x60	; 96
      000105 60                     317 	.db #0x60	; 96
      000106 00                     318 	.db #0x00	; 0
      000107 00                     319 	.db #0x00	; 0
      000108 00                     320 	.db #0x00	; 0
      000109 00                     321 	.db #0x00	; 0
      00010A 3C                     322 	.db #0x3c	; 60
      00010B 3C                     323 	.db #0x3c	; 60
      00010C 66                     324 	.db #0x66	; 102	'f'
      00010D 66                     325 	.db #0x66	; 102	'f'
      00010E 66                     326 	.db #0x66	; 102	'f'
      00010F 66                     327 	.db #0x66	; 102	'f'
      000110 7E                     328 	.db #0x7e	; 126
      000111 7E                     329 	.db #0x7e	; 126
      000112 64                     330 	.db #0x64	; 100	'd'
      000113 64                     331 	.db #0x64	; 100	'd'
      000114 3A                     332 	.db #0x3a	; 58
      000115 3A                     333 	.db #0x3a	; 58
      000116 00                     334 	.db #0x00	; 0
      000117 00                     335 	.db #0x00	; 0
      000118 00                     336 	.db #0x00	; 0
      000119 00                     337 	.db #0x00	; 0
      00011A 7C                     338 	.db #0x7c	; 124
      00011B 7C                     339 	.db #0x7c	; 124
      00011C 66                     340 	.db #0x66	; 102	'f'
      00011D 66                     341 	.db #0x66	; 102	'f'
      00011E 66                     342 	.db #0x66	; 102	'f'
      00011F 66                     343 	.db #0x66	; 102	'f'
      000120 7C                     344 	.db #0x7c	; 124
      000121 7C                     345 	.db #0x7c	; 124
      000122 66                     346 	.db #0x66	; 102	'f'
      000123 66                     347 	.db #0x66	; 102	'f'
      000124 66                     348 	.db #0x66	; 102	'f'
      000125 66                     349 	.db #0x66	; 102	'f'
      000126 00                     350 	.db #0x00	; 0
      000127 00                     351 	.db #0x00	; 0
      000128 00                     352 	.db #0x00	; 0
      000129 00                     353 	.db #0x00	; 0
      00012A 3C                     354 	.db #0x3c	; 60
      00012B 3C                     355 	.db #0x3c	; 60
      00012C 66                     356 	.db #0x66	; 102	'f'
      00012D 66                     357 	.db #0x66	; 102	'f'
      00012E 38                     358 	.db #0x38	; 56	'8'
      00012F 38                     359 	.db #0x38	; 56	'8'
      000130 0C                     360 	.db #0x0c	; 12
      000131 0C                     361 	.db #0x0c	; 12
      000132 66                     362 	.db #0x66	; 102	'f'
      000133 66                     363 	.db #0x66	; 102	'f'
      000134 3C                     364 	.db #0x3c	; 60
      000135 3C                     365 	.db #0x3c	; 60
      000136 00                     366 	.db #0x00	; 0
      000137 00                     367 	.db #0x00	; 0
      000138 00                     368 	.db #0x00	; 0
      000139 00                     369 	.db #0x00	; 0
      00013A 7E                     370 	.db #0x7e	; 126
      00013B 7E                     371 	.db #0x7e	; 126
      00013C 18                     372 	.db #0x18	; 24
      00013D 18                     373 	.db #0x18	; 24
      00013E 18                     374 	.db #0x18	; 24
      00013F 18                     375 	.db #0x18	; 24
      000140 18                     376 	.db #0x18	; 24
      000141 18                     377 	.db #0x18	; 24
      000142 18                     378 	.db #0x18	; 24
      000143 18                     379 	.db #0x18	; 24
      000144 18                     380 	.db #0x18	; 24
      000145 18                     381 	.db #0x18	; 24
      000146 00                     382 	.db #0x00	; 0
      000147 00                     383 	.db #0x00	; 0
      000148 00                     384 	.db #0x00	; 0
      000149 00                     385 	.db #0x00	; 0
      00014A 66                     386 	.db #0x66	; 102	'f'
      00014B 66                     387 	.db #0x66	; 102	'f'
      00014C 66                     388 	.db #0x66	; 102	'f'
      00014D 66                     389 	.db #0x66	; 102	'f'
      00014E 66                     390 	.db #0x66	; 102	'f'
      00014F 66                     391 	.db #0x66	; 102	'f'
      000150 66                     392 	.db #0x66	; 102	'f'
      000151 66                     393 	.db #0x66	; 102	'f'
      000152 66                     394 	.db #0x66	; 102	'f'
      000153 66                     395 	.db #0x66	; 102	'f'
      000154 3C                     396 	.db #0x3c	; 60
      000155 3C                     397 	.db #0x3c	; 60
      000156 00                     398 	.db #0x00	; 0
      000157 00                     399 	.db #0x00	; 0
      000158 00                     400 	.db #0x00	; 0
      000159 00                     401 	.db #0x00	; 0
      00015A 62                     402 	.db #0x62	; 98	'b'
      00015B 62                     403 	.db #0x62	; 98	'b'
      00015C 62                     404 	.db #0x62	; 98	'b'
      00015D 62                     405 	.db #0x62	; 98	'b'
      00015E 62                     406 	.db #0x62	; 98	'b'
      00015F 62                     407 	.db #0x62	; 98	'b'
      000160 62                     408 	.db #0x62	; 98	'b'
      000161 62                     409 	.db #0x62	; 98	'b'
      000162 34                     410 	.db #0x34	; 52	'4'
      000163 34                     411 	.db #0x34	; 52	'4'
      000164 18                     412 	.db #0x18	; 24
      000165 18                     413 	.db #0x18	; 24
      000166 00                     414 	.db #0x00	; 0
      000167 00                     415 	.db #0x00	; 0
      000168 00                     416 	.db #0x00	; 0
      000169 00                     417 	.db #0x00	; 0
      00016A 62                     418 	.db #0x62	; 98	'b'
      00016B 62                     419 	.db #0x62	; 98	'b'
      00016C 6A                     420 	.db #0x6a	; 106	'j'
      00016D 6A                     421 	.db #0x6a	; 106	'j'
      00016E 6A                     422 	.db #0x6a	; 106	'j'
      00016F 6A                     423 	.db #0x6a	; 106	'j'
      000170 6A                     424 	.db #0x6a	; 106	'j'
      000171 6A                     425 	.db #0x6a	; 106	'j'
      000172 7E                     426 	.db #0x7e	; 126
      000173 7E                     427 	.db #0x7e	; 126
      000174 34                     428 	.db #0x34	; 52	'4'
      000175 34                     429 	.db #0x34	; 52	'4'
      000176 00                     430 	.db #0x00	; 0
      000177 00                     431 	.db #0x00	; 0
      000178 00                     432 	.db #0x00	; 0
      000179 00                     433 	.db #0x00	; 0
      00017A 62                     434 	.db #0x62	; 98	'b'
      00017B 62                     435 	.db #0x62	; 98	'b'
      00017C 74                     436 	.db #0x74	; 116	't'
      00017D 74                     437 	.db #0x74	; 116	't'
      00017E 38                     438 	.db #0x38	; 56	'8'
      00017F 38                     439 	.db #0x38	; 56	'8'
      000180 1C                     440 	.db #0x1c	; 28
      000181 1C                     441 	.db #0x1c	; 28
      000182 2E                     442 	.db #0x2e	; 46
      000183 2E                     443 	.db #0x2e	; 46
      000184 46                     444 	.db #0x46	; 70	'F'
      000185 46                     445 	.db #0x46	; 70	'F'
      000186 00                     446 	.db #0x00	; 0
      000187 00                     447 	.db #0x00	; 0
      000188 00                     448 	.db #0x00	; 0
      000189 00                     449 	.db #0x00	; 0
      00018A 62                     450 	.db #0x62	; 98	'b'
      00018B 62                     451 	.db #0x62	; 98	'b'
      00018C 76                     452 	.db #0x76	; 118	'v'
      00018D 76                     453 	.db #0x76	; 118	'v'
      00018E 3C                     454 	.db #0x3c	; 60
      00018F 3C                     455 	.db #0x3c	; 60
      000190 18                     456 	.db #0x18	; 24
      000191 18                     457 	.db #0x18	; 24
      000192 18                     458 	.db #0x18	; 24
      000193 18                     459 	.db #0x18	; 24
      000194 18                     460 	.db #0x18	; 24
      000195 18                     461 	.db #0x18	; 24
      000196 00                     462 	.db #0x00	; 0
      000197 00                     463 	.db #0x00	; 0
      000198 00                     464 	.db #0x00	; 0
      000199 00                     465 	.db #0x00	; 0
      00019A 7E                     466 	.db #0x7e	; 126
      00019B 7E                     467 	.db #0x7e	; 126
      00019C 0C                     468 	.db #0x0c	; 12
      00019D 0C                     469 	.db #0x0c	; 12
      00019E 18                     470 	.db #0x18	; 24
      00019F 18                     471 	.db #0x18	; 24
      0001A0 30                     472 	.db #0x30	; 48	'0'
      0001A1 30                     473 	.db #0x30	; 48	'0'
      0001A2 60                     474 	.db #0x60	; 96
      0001A3 60                     475 	.db #0x60	; 96
      0001A4 7E                     476 	.db #0x7e	; 126
      0001A5 7E                     477 	.db #0x7e	; 126
      0001A6 00                     478 	.db #0x00	; 0
      0001A7 00                     479 	.db #0x00	; 0
      0001A8 00                     480 	.db #0x00	; 0
      0001A9 00                     481 	.db #0x00	; 0
      0001AA 3C                     482 	.db #0x3c	; 60
      0001AB 3C                     483 	.db #0x3c	; 60
      0001AC 66                     484 	.db #0x66	; 102	'f'
      0001AD 66                     485 	.db #0x66	; 102	'f'
      0001AE 76                     486 	.db #0x76	; 118	'v'
      0001AF 76                     487 	.db #0x76	; 118	'v'
      0001B0 6E                     488 	.db #0x6e	; 110	'n'
      0001B1 6E                     489 	.db #0x6e	; 110	'n'
      0001B2 66                     490 	.db #0x66	; 102	'f'
      0001B3 66                     491 	.db #0x66	; 102	'f'
      0001B4 3C                     492 	.db #0x3c	; 60
      0001B5 3C                     493 	.db #0x3c	; 60
      0001B6 00                     494 	.db #0x00	; 0
      0001B7 00                     495 	.db #0x00	; 0
      0001B8 00                     496 	.db #0x00	; 0
      0001B9 00                     497 	.db #0x00	; 0
      0001BA 18                     498 	.db #0x18	; 24
      0001BB 18                     499 	.db #0x18	; 24
      0001BC 38                     500 	.db #0x38	; 56	'8'
      0001BD 38                     501 	.db #0x38	; 56	'8'
      0001BE 18                     502 	.db #0x18	; 24
      0001BF 18                     503 	.db #0x18	; 24
      0001C0 18                     504 	.db #0x18	; 24
      0001C1 18                     505 	.db #0x18	; 24
      0001C2 18                     506 	.db #0x18	; 24
      0001C3 18                     507 	.db #0x18	; 24
      0001C4 3C                     508 	.db #0x3c	; 60
      0001C5 3C                     509 	.db #0x3c	; 60
      0001C6 00                     510 	.db #0x00	; 0
      0001C7 00                     511 	.db #0x00	; 0
      0001C8 00                     512 	.db #0x00	; 0
      0001C9 00                     513 	.db #0x00	; 0
      0001CA 3C                     514 	.db #0x3c	; 60
      0001CB 3C                     515 	.db #0x3c	; 60
      0001CC 66                     516 	.db #0x66	; 102	'f'
      0001CD 66                     517 	.db #0x66	; 102	'f'
      0001CE 0C                     518 	.db #0x0c	; 12
      0001CF 0C                     519 	.db #0x0c	; 12
      0001D0 38                     520 	.db #0x38	; 56	'8'
      0001D1 38                     521 	.db #0x38	; 56	'8'
      0001D2 60                     522 	.db #0x60	; 96
      0001D3 60                     523 	.db #0x60	; 96
      0001D4 7E                     524 	.db #0x7e	; 126
      0001D5 7E                     525 	.db #0x7e	; 126
      0001D6 00                     526 	.db #0x00	; 0
      0001D7 00                     527 	.db #0x00	; 0
      0001D8 00                     528 	.db #0x00	; 0
      0001D9 00                     529 	.db #0x00	; 0
      0001DA 7E                     530 	.db #0x7e	; 126
      0001DB 7E                     531 	.db #0x7e	; 126
      0001DC 08                     532 	.db #0x08	; 8
      0001DD 08                     533 	.db #0x08	; 8
      0001DE 3C                     534 	.db #0x3c	; 60
      0001DF 3C                     535 	.db #0x3c	; 60
      0001E0 06                     536 	.db #0x06	; 6
      0001E1 06                     537 	.db #0x06	; 6
      0001E2 66                     538 	.db #0x66	; 102	'f'
      0001E3 66                     539 	.db #0x66	; 102	'f'
      0001E4 3C                     540 	.db #0x3c	; 60
      0001E5 3C                     541 	.db #0x3c	; 60
      0001E6 00                     542 	.db #0x00	; 0
      0001E7 00                     543 	.db #0x00	; 0
      0001E8 00                     544 	.db #0x00	; 0
      0001E9 00                     545 	.db #0x00	; 0
      0001EA 1C                     546 	.db #0x1c	; 28
      0001EB 1C                     547 	.db #0x1c	; 28
      0001EC 2C                     548 	.db #0x2c	; 44
      0001ED 2C                     549 	.db #0x2c	; 44
      0001EE 4C                     550 	.db #0x4c	; 76	'L'
      0001EF 4C                     551 	.db #0x4c	; 76	'L'
      0001F0 7E                     552 	.db #0x7e	; 126
      0001F1 7E                     553 	.db #0x7e	; 126
      0001F2 0C                     554 	.db #0x0c	; 12
      0001F3 0C                     555 	.db #0x0c	; 12
      0001F4 0C                     556 	.db #0x0c	; 12
      0001F5 0C                     557 	.db #0x0c	; 12
      0001F6 00                     558 	.db #0x00	; 0
      0001F7 00                     559 	.db #0x00	; 0
      0001F8 00                     560 	.db #0x00	; 0
      0001F9 00                     561 	.db #0x00	; 0
      0001FA 7C                     562 	.db #0x7c	; 124
      0001FB 7C                     563 	.db #0x7c	; 124
      0001FC 40                     564 	.db #0x40	; 64
      0001FD 40                     565 	.db #0x40	; 64
      0001FE 7C                     566 	.db #0x7c	; 124
      0001FF 7C                     567 	.db #0x7c	; 124
      000200 06                     568 	.db #0x06	; 6
      000201 06                     569 	.db #0x06	; 6
      000202 66                     570 	.db #0x66	; 102	'f'
      000203 66                     571 	.db #0x66	; 102	'f'
      000204 3C                     572 	.db #0x3c	; 60
      000205 3C                     573 	.db #0x3c	; 60
      000206 00                     574 	.db #0x00	; 0
      000207 00                     575 	.db #0x00	; 0
      000208 00                     576 	.db #0x00	; 0
      000209 00                     577 	.db #0x00	; 0
      00020A 3C                     578 	.db #0x3c	; 60
      00020B 3C                     579 	.db #0x3c	; 60
      00020C 60                     580 	.db #0x60	; 96
      00020D 60                     581 	.db #0x60	; 96
      00020E 7C                     582 	.db #0x7c	; 124
      00020F 7C                     583 	.db #0x7c	; 124
      000210 66                     584 	.db #0x66	; 102	'f'
      000211 66                     585 	.db #0x66	; 102	'f'
      000212 66                     586 	.db #0x66	; 102	'f'
      000213 66                     587 	.db #0x66	; 102	'f'
      000214 3C                     588 	.db #0x3c	; 60
      000215 3C                     589 	.db #0x3c	; 60
      000216 00                     590 	.db #0x00	; 0
      000217 00                     591 	.db #0x00	; 0
      000218 00                     592 	.db #0x00	; 0
      000219 00                     593 	.db #0x00	; 0
      00021A 7E                     594 	.db #0x7e	; 126
      00021B 7E                     595 	.db #0x7e	; 126
      00021C 66                     596 	.db #0x66	; 102	'f'
      00021D 66                     597 	.db #0x66	; 102	'f'
      00021E 0C                     598 	.db #0x0c	; 12
      00021F 0C                     599 	.db #0x0c	; 12
      000220 18                     600 	.db #0x18	; 24
      000221 18                     601 	.db #0x18	; 24
      000222 18                     602 	.db #0x18	; 24
      000223 18                     603 	.db #0x18	; 24
      000224 18                     604 	.db #0x18	; 24
      000225 18                     605 	.db #0x18	; 24
      000226 00                     606 	.db #0x00	; 0
      000227 00                     607 	.db #0x00	; 0
      000228 00                     608 	.db #0x00	; 0
      000229 00                     609 	.db #0x00	; 0
      00022A 3C                     610 	.db #0x3c	; 60
      00022B 3C                     611 	.db #0x3c	; 60
      00022C 66                     612 	.db #0x66	; 102	'f'
      00022D 66                     613 	.db #0x66	; 102	'f'
      00022E 3C                     614 	.db #0x3c	; 60
      00022F 3C                     615 	.db #0x3c	; 60
      000230 66                     616 	.db #0x66	; 102	'f'
      000231 66                     617 	.db #0x66	; 102	'f'
      000232 66                     618 	.db #0x66	; 102	'f'
      000233 66                     619 	.db #0x66	; 102	'f'
      000234 3C                     620 	.db #0x3c	; 60
      000235 3C                     621 	.db #0x3c	; 60
      000236 00                     622 	.db #0x00	; 0
      000237 00                     623 	.db #0x00	; 0
      000238 00                     624 	.db #0x00	; 0
      000239 00                     625 	.db #0x00	; 0
      00023A 3C                     626 	.db #0x3c	; 60
      00023B 3C                     627 	.db #0x3c	; 60
      00023C 66                     628 	.db #0x66	; 102	'f'
      00023D 66                     629 	.db #0x66	; 102	'f'
      00023E 66                     630 	.db #0x66	; 102	'f'
      00023F 66                     631 	.db #0x66	; 102	'f'
      000240 3E                     632 	.db #0x3e	; 62
      000241 3E                     633 	.db #0x3e	; 62
      000242 06                     634 	.db #0x06	; 6
      000243 06                     635 	.db #0x06	; 6
      000244 3C                     636 	.db #0x3c	; 60
      000245 3C                     637 	.db #0x3c	; 60
      000246 00                     638 	.db #0x00	; 0
      000247 00                     639 	.db #0x00	; 0
      000248 00                     640 	.db #0x00	; 0
      000249 00                     641 	.db #0x00	; 0
      00024A 00                     642 	.db #0x00	; 0
      00024B 00                     643 	.db #0x00	; 0
      00024C 44                     644 	.db #0x44	; 68	'D'
      00024D 44                     645 	.db #0x44	; 68	'D'
      00024E 28                     646 	.db #0x28	; 40
      00024F 28                     647 	.db #0x28	; 40
      000250 10                     648 	.db #0x10	; 16
      000251 10                     649 	.db #0x10	; 16
      000252 28                     650 	.db #0x28	; 40
      000253 28                     651 	.db #0x28	; 40
      000254 44                     652 	.db #0x44	; 68	'D'
      000255 44                     653 	.db #0x44	; 68	'D'
      000256 00                     654 	.db #0x00	; 0
      000257 00                     655 	.db #0x00	; 0
      000258 00                     656 	.db #0x00	; 0
      000259 00                     657 	.db #0x00	; 0
      00025A 00                     658 	.db #0x00	; 0
      00025B 00                     659 	.db #0x00	; 0
      00025C 3C                     660 	.db #0x3c	; 60
      00025D 3C                     661 	.db #0x3c	; 60
      00025E 00                     662 	.db #0x00	; 0
      00025F 00                     663 	.db #0x00	; 0
      000260 3C                     664 	.db #0x3c	; 60
      000261 3C                     665 	.db #0x3c	; 60
      000262 00                     666 	.db #0x00	; 0
      000263 00                     667 	.db #0x00	; 0
      000264 00                     668 	.db #0x00	; 0
      000265 00                     669 	.db #0x00	; 0
      000266 00                     670 	.db #0x00	; 0
      000267 00                     671 	.db #0x00	; 0
      000268 00                     672 	.db #0x00	; 0
      000269 00                     673 	.db #0x00	; 0
      00026A 00                     674 	.db #0x00	; 0
      00026B 00                     675 	.db #0x00	; 0
      00026C 00                     676 	.db #0x00	; 0
      00026D 00                     677 	.db #0x00	; 0
      00026E 00                     678 	.db #0x00	; 0
      00026F 00                     679 	.db #0x00	; 0
      000270 00                     680 	.db #0x00	; 0
      000271 00                     681 	.db #0x00	; 0
      000272 30                     682 	.db #0x30	; 48	'0'
      000273 30                     683 	.db #0x30	; 48	'0'
      000274 30                     684 	.db #0x30	; 48	'0'
      000275 30                     685 	.db #0x30	; 48	'0'
      000276 00                     686 	.db #0x00	; 0
      000277 00                     687 	.db #0x00	; 0
      000278 18                     688 	.db #0x18	; 24
      000279 18                     689 	.db #0x18	; 24
      00027A 18                     690 	.db #0x18	; 24
      00027B 18                     691 	.db #0x18	; 24
      00027C 18                     692 	.db #0x18	; 24
      00027D 18                     693 	.db #0x18	; 24
      00027E 10                     694 	.db #0x10	; 16
      00027F 10                     695 	.db #0x10	; 16
      000280 10                     696 	.db #0x10	; 16
      000281 10                     697 	.db #0x10	; 16
      000282 00                     698 	.db #0x00	; 0
      000283 00                     699 	.db #0x00	; 0
      000284 30                     700 	.db #0x30	; 48	'0'
      000285 30                     701 	.db #0x30	; 48	'0'
      000286 00                     702 	.db #0x00	; 0
      000287 00                     703 	.db #0x00	; 0
      000288 38                     704 	.db #0x38	; 56	'8'
      000289 38                     705 	.db #0x38	; 56	'8'
      00028A 44                     706 	.db #0x44	; 68	'D'
      00028B 44                     707 	.db #0x44	; 68	'D'
      00028C BA                     708 	.db #0xba	; 186
      00028D BA                     709 	.db #0xba	; 186
      00028E A2                     710 	.db #0xa2	; 162
      00028F A2                     711 	.db #0xa2	; 162
      000290 BA                     712 	.db #0xba	; 186
      000291 BA                     713 	.db #0xba	; 186
      000292 44                     714 	.db #0x44	; 68	'D'
      000293 44                     715 	.db #0x44	; 68	'D'
      000294 38                     716 	.db #0x38	; 56	'8'
      000295 38                     717 	.db #0x38	; 56	'8'
      000296 00                     718 	.db #0x00	; 0
      000297 00                     719 	.db #0x00	; 0
      000298 00                     720 	.db #0x00	; 0
      000299 00                     721 	.db #0x00	; 0
      00029A 00                     722 	.db #0x00	; 0
      00029B 00                     723 	.db #0x00	; 0
      00029C 00                     724 	.db #0x00	; 0
      00029D 00                     725 	.db #0x00	; 0
      00029E 00                     726 	.db #0x00	; 0
      00029F 00                     727 	.db #0x00	; 0
      0002A0 00                     728 	.db #0x00	; 0
      0002A1 00                     729 	.db #0x00	; 0
      0002A2 00                     730 	.db #0x00	; 0
      0002A3 00                     731 	.db #0x00	; 0
      0002A4 00                     732 	.db #0x00	; 0
      0002A5 00                     733 	.db #0x00	; 0
      0002A6 00                     734 	.db #0x00	; 0
      0002A7 00                     735 	.db #0x00	; 0
      0002A8                        736 _Font_map:
      0002A8 00                     737 	.db #0x00	; 0
      0002A9 01                     738 	.db #0x01	; 1
      0002AA 02                     739 	.db #0x02	; 2
      0002AB 03                     740 	.db #0x03	; 3
      0002AC 04                     741 	.db #0x04	; 4
      0002AD 05                     742 	.db #0x05	; 5
      0002AE 06                     743 	.db #0x06	; 6
      0002AF 07                     744 	.db #0x07	; 7
      0002B0 08                     745 	.db #0x08	; 8
      0002B1 09                     746 	.db #0x09	; 9
      0002B2 0A                     747 	.db #0x0a	; 10
      0002B3 0B                     748 	.db #0x0b	; 11
      0002B4 0C                     749 	.db #0x0c	; 12
      0002B5 0D                     750 	.db #0x0d	; 13
      0002B6 0E                     751 	.db #0x0e	; 14
      0002B7 0F                     752 	.db #0x0f	; 15
      0002B8 10                     753 	.db #0x10	; 16
      0002B9 11                     754 	.db #0x11	; 17
      0002BA 12                     755 	.db #0x12	; 18
      0002BB 13                     756 	.db #0x13	; 19
      0002BC 14                     757 	.db #0x14	; 20
      0002BD 15                     758 	.db #0x15	; 21
      0002BE 16                     759 	.db #0x16	; 22
      0002BF 17                     760 	.db #0x17	; 23
      0002C0 18                     761 	.db #0x18	; 24
      0002C1 19                     762 	.db #0x19	; 25
      0002C2 1A                     763 	.db #0x1a	; 26
      0002C3 1B                     764 	.db #0x1b	; 27
      0002C4 1C                     765 	.db #0x1c	; 28
      0002C5 1D                     766 	.db #0x1d	; 29
      0002C6 1E                     767 	.db #0x1e	; 30
      0002C7 1F                     768 	.db #0x1f	; 31
      0002C8 20                     769 	.db #0x20	; 32
      0002C9 21                     770 	.db #0x21	; 33
      0002CA 22                     771 	.db #0x22	; 34
      0002CB 23                     772 	.db #0x23	; 35
      0002CC 24                     773 	.db #0x24	; 36
      0002CD 25                     774 	.db #0x25	; 37
      0002CE 26                     775 	.db #0x26	; 38
      0002CF 27                     776 	.db #0x27	; 39
      0002D0 28                     777 	.db #0x28	; 40
      0002D1 29                     778 	.db #0x29	; 41
      0002D2 29                     779 	.db #0x29	; 41
      0002D3 29                     780 	.db #0x29	; 41
      0002D4 29                     781 	.db #0x29	; 41
      0002D5 29                     782 	.db #0x29	; 41
      0002D6 29                     783 	.db #0x29	; 41
      0002D7 29                     784 	.db #0x29	; 41
      0002D8 29                     785 	.db #0x29	; 41
      0002D9 29                     786 	.db #0x29	; 41
      0002DA 29                     787 	.db #0x29	; 41
      0002DB 29                     788 	.db #0x29	; 41
      0002DC                        789 _Font_map_attributes:
      0002DC 00                     790 	.db #0x00	; 0
      0002DD 00                     791 	.db #0x00	; 0
      0002DE 00                     792 	.db #0x00	; 0
      0002DF 00                     793 	.db #0x00	; 0
      0002E0 00                     794 	.db #0x00	; 0
      0002E1 00                     795 	.db #0x00	; 0
      0002E2 00                     796 	.db #0x00	; 0
      0002E3 00                     797 	.db #0x00	; 0
      0002E4 00                     798 	.db #0x00	; 0
      0002E5 00                     799 	.db #0x00	; 0
      0002E6 00                     800 	.db #0x00	; 0
      0002E7 00                     801 	.db #0x00	; 0
      0002E8 00                     802 	.db #0x00	; 0
      0002E9 00                     803 	.db #0x00	; 0
      0002EA 00                     804 	.db #0x00	; 0
      0002EB 00                     805 	.db #0x00	; 0
      0002EC 00                     806 	.db #0x00	; 0
      0002ED 00                     807 	.db #0x00	; 0
      0002EE 00                     808 	.db #0x00	; 0
      0002EF 00                     809 	.db #0x00	; 0
      0002F0 00                     810 	.db #0x00	; 0
      0002F1 00                     811 	.db #0x00	; 0
      0002F2 00                     812 	.db #0x00	; 0
      0002F3 00                     813 	.db #0x00	; 0
      0002F4 00                     814 	.db #0x00	; 0
      0002F5 00                     815 	.db #0x00	; 0
      0002F6 00                     816 	.db #0x00	; 0
      0002F7 00                     817 	.db #0x00	; 0
      0002F8 00                     818 	.db #0x00	; 0
      0002F9 00                     819 	.db #0x00	; 0
      0002FA 00                     820 	.db #0x00	; 0
      0002FB 00                     821 	.db #0x00	; 0
      0002FC 00                     822 	.db #0x00	; 0
      0002FD 00                     823 	.db #0x00	; 0
      0002FE 00                     824 	.db #0x00	; 0
      0002FF 00                     825 	.db #0x00	; 0
      000300 00                     826 	.db #0x00	; 0
      000301 00                     827 	.db #0x00	; 0
      000302 00                     828 	.db #0x00	; 0
      000303 00                     829 	.db #0x00	; 0
      000304 00                     830 	.db #0x00	; 0
      000305 00                     831 	.db #0x00	; 0
      000306 00                     832 	.db #0x00	; 0
      000307 00                     833 	.db #0x00	; 0
      000308 00                     834 	.db #0x00	; 0
      000309 00                     835 	.db #0x00	; 0
      00030A 00                     836 	.db #0x00	; 0
      00030B 00                     837 	.db #0x00	; 0
      00030C 00                     838 	.db #0x00	; 0
      00030D 00                     839 	.db #0x00	; 0
      00030E 00                     840 	.db #0x00	; 0
      00030F 00                     841 	.db #0x00	; 0
                                    842 	.area _INITIALIZER
                                    843 	.area _CABS (ABS)
