                                      1 ;--------------------------------------------------------
                                      2 ; File Created by SDCC : free open source ISO C Compiler 
                                      3 ; Version 4.3.2 #14228 (MINGW64)
                                      4 ;--------------------------------------------------------
                                      5 	.module brick
                                      6 	.optsdcc -msm83
                                      7 	
                                      8 ;--------------------------------------------------------
                                      9 ; Public variables in this module
                                     10 ;--------------------------------------------------------
                                     11 	.globl _DrawLevelBricks
                                     12 	.globl _UpdateBrick
                                     13 	.globl _CheckTopOrBottomBrick
                                     14 	.globl _get_bkg_tile_xy
                                     15 	.globl _set_bkg_tile_xy
                                     16 ;--------------------------------------------------------
                                     17 ; special function registers
                                     18 ;--------------------------------------------------------
                                     19 ;--------------------------------------------------------
                                     20 ; ram data
                                     21 ;--------------------------------------------------------
                                     22 	.area _DATA
                                     23 ;--------------------------------------------------------
                                     24 ; ram data
                                     25 ;--------------------------------------------------------
                                     26 	.area _INITIALIZED
                                     27 ;--------------------------------------------------------
                                     28 ; absolute external ram data
                                     29 ;--------------------------------------------------------
                                     30 	.area _DABS (ABS)
                                     31 ;--------------------------------------------------------
                                     32 ; global & static initialisations
                                     33 ;--------------------------------------------------------
                                     34 	.area _HOME
                                     35 	.area _GSINIT
                                     36 	.area _GSFINAL
                                     37 	.area _GSINIT
                                     38 ;--------------------------------------------------------
                                     39 ; Home
                                     40 ;--------------------------------------------------------
                                     41 	.area _HOME
                                     42 	.area _HOME
                                     43 ;--------------------------------------------------------
                                     44 ; code
                                     45 ;--------------------------------------------------------
                                     46 	.area _CODE
                                     47 ;E:\make_202008\GameBoy\GameBoy01\JunkYard\source\default\brick.c:7: uint8_t CheckTopOrBottomBrick(uint8_t x, uint8_t  y){
                                     48 ;	---------------------------------
                                     49 ; Function CheckTopOrBottomBrick
                                     50 ; ---------------------------------
      000000                         51 _CheckTopOrBottomBrick::
      000000 E8 F6            [16]   52 	add	sp, #-10
      000002 F8 09            [12]   53 	ldhl	sp,	#9
      000004 32               [ 8]   54 	ld	(hl-), a
                                     55 ;E:\make_202008\GameBoy\GameBoy01\JunkYard\source\default\brick.c:9: if(x<=8) return WALL;
      000005 7B               [ 4]   56 	ld	a, e
      000006 22               [ 8]   57 	ld	(hl+), a
      000007 3E 08            [ 8]   58 	ld	a, #0x08
      000009 96               [ 8]   59 	sub	a, (hl)
      00000A 38 05            [12]   60 	jr	C, 00102$
      00000C 3E 03            [ 8]   61 	ld	a, #0x03
      00000E C3r2Ar01         [16]   62 	jp	00115$
      000011                         63 00102$:
                                     64 ;E:\make_202008\GameBoy\GameBoy01\JunkYard\source\default\brick.c:12: if(x>=120) return WALL;
      000011 F8 09            [12]   65 	ldhl	sp,	#9
      000013 7E               [ 8]   66 	ld	a, (hl)
      000014 D6 78            [ 8]   67 	sub	a, #0x78
      000016 38 05            [12]   68 	jr	C, 00104$
      000018 3E 03            [ 8]   69 	ld	a, #0x03
      00001A C3r2Ar01         [16]   70 	jp	00115$
      00001D                         71 00104$:
                                     72 ;E:\make_202008\GameBoy\GameBoy01\JunkYard\source\default\brick.c:15: uint8_t brick =get_bkg_tile_xy(x/8,y/8);
      00001D F8 08            [12]   73 	ldhl	sp,	#8
      00001F 7E               [ 8]   74 	ld	a, (hl)
      000020 F8 00            [12]   75 	ldhl	sp,	#0
      000022 22               [ 8]   76 	ld	(hl+), a
      000023 AF               [ 4]   77 	xor	a, a
      000024 32               [ 8]   78 	ld	(hl-), a
      000025 7E               [ 8]   79 	ld	a, (hl)
      000026 F8 06            [12]   80 	ldhl	sp,	#6
      000028 22               [ 8]   81 	ld	(hl+), a
      000029 36 00            [12]   82 	ld	(hl), #0x00
      00002B CB 2E            [16]   83 	sra	(hl)
      00002D 2B               [ 8]   84 	dec	hl
      00002E CB 1E            [16]   85 	rr	(hl)
      000030 23               [ 8]   86 	inc	hl
      000031 CB 2E            [16]   87 	sra	(hl)
      000033 2B               [ 8]   88 	dec	hl
      000034 CB 1E            [16]   89 	rr	(hl)
      000036 23               [ 8]   90 	inc	hl
      000037 CB 2E            [16]   91 	sra	(hl)
      000039 2B               [ 8]   92 	dec	hl
      00003A CB 1E            [16]   93 	rr	(hl)
      00003C 3A               [ 8]   94 	ld	a, (hl-)
      00003D 77               [ 8]   95 	ld	(hl), a
      00003E F8 09            [12]   96 	ldhl	sp,	#9
      000040 7E               [ 8]   97 	ld	a, (hl)
      000041 F8 06            [12]   98 	ldhl	sp,	#6
      000043 22               [ 8]   99 	ld	(hl+), a
      000044 36 00            [12]  100 	ld	(hl), #0x00
      000046 CB 2E            [16]  101 	sra	(hl)
      000048 2B               [ 8]  102 	dec	hl
      000049 CB 1E            [16]  103 	rr	(hl)
      00004B 23               [ 8]  104 	inc	hl
      00004C CB 2E            [16]  105 	sra	(hl)
      00004E 2B               [ 8]  106 	dec	hl
      00004F CB 1E            [16]  107 	rr	(hl)
      000051 23               [ 8]  108 	inc	hl
      000052 CB 2E            [16]  109 	sra	(hl)
      000054 2B               [ 8]  110 	dec	hl
      000055 CB 1E            [16]  111 	rr	(hl)
      000057 3A               [ 8]  112 	ld	a, (hl-)
      000058 66               [ 8]  113 	ld	h, (hl)
                                    114 ;	spillPairReg hl
                                    115 ;	spillPairReg hl
      000059 E5               [16]  116 	push	hl
      00005A 33               [ 8]  117 	inc	sp
      00005B F5               [16]  118 	push	af
      00005C 33               [ 8]  119 	inc	sp
      00005D CDr00r00         [24]  120 	call	_get_bkg_tile_xy
      000060 E1               [12]  121 	pop	hl
                                    122 ;E:\make_202008\GameBoy\GameBoy01\JunkYard\source\default\brick.c:19: if(brick==0) return 0;
      000061 F8 02            [12]  123 	ldhl	sp,#2
      000063 73               [ 8]  124 	ld	(hl), e
      000064 7E               [ 8]  125 	ld	a, (hl)
      000065 B7               [ 4]  126 	or	a,a
                                    127 ;E:\make_202008\GameBoy\GameBoy01\JunkYard\source\default\brick.c:22: uint8_t mid = (y/8)*8+4;
      000066 CAr2Ar01         [16]  128 	jp	Z,00115$
                                    129 ;E:\make_202008\GameBoy\GameBoy01\JunkYard\source\default\brick.c:24: uint8_t bottomMissing = brick==4||brick==8||brick==0x0C;
      000069 F8 02            [12]  130 	ldhl	sp,	#2
      00006B 7E               [ 8]  131 	ld	a, (hl)
      00006C D6 04            [ 8]  132 	sub	a, #0x04
      00006E 28 14            [12]  133 	jr	Z, 00121$
      000070 F8 02            [12]  134 	ldhl	sp,	#2
      000072 7E               [ 8]  135 	ld	a, (hl)
      000073 D6 08            [ 8]  136 	sub	a, #0x08
      000075 28 0D            [12]  137 	jr	Z, 00121$
      000077 F8 02            [12]  138 	ldhl	sp,	#2
      000079 7E               [ 8]  139 	ld	a, (hl)
      00007A D6 0C            [ 8]  140 	sub	a, #0x0c
      00007C 28 06            [12]  141 	jr	Z, 00121$
      00007E F8 07            [12]  142 	ldhl	sp,	#7
      000080 36 00            [12]  143 	ld	(hl), #0x00
      000082 18 04            [12]  144 	jr	00122$
      000084                        145 00121$:
      000084 F8 07            [12]  146 	ldhl	sp,	#7
      000086 36 01            [12]  147 	ld	(hl), #0x01
      000088                        148 00122$:
      000088 F8 07            [12]  149 	ldhl	sp,	#7
      00008A 7E               [ 8]  150 	ld	a, (hl)
      00008B F8 03            [12]  151 	ldhl	sp,	#3
                                    152 ;E:\make_202008\GameBoy\GameBoy01\JunkYard\source\default\brick.c:25: uint8_t topMissing = (brick-1)>=12&&(brick-1)<15; 
      00008D 32               [ 8]  153 	ld	(hl-), a
      00008E 2A               [ 8]  154 	ld	a, (hl+)
      00008F 23               [ 8]  155 	inc	hl
      000090 22               [ 8]  156 	ld	(hl+), a
      000091 AF               [ 4]  157 	xor	a, a
      000092 32               [ 8]  158 	ld	(hl-), a
      000093 2A               [ 8]  159 	ld	a, (hl+)
      000094 5F               [ 4]  160 	ld	e, a
      000095 56               [ 8]  161 	ld	d, (hl)
      000096 21 01 00         [12]  162 	ld	hl, #0x0001
      000099 7B               [ 4]  163 	ld	a, e
      00009A 95               [ 4]  164 	sub	a, l
      00009B 5F               [ 4]  165 	ld	e, a
      00009C 7A               [ 4]  166 	ld	a, d
      00009D 9C               [ 4]  167 	sbc	a, h
      00009E F8 07            [12]  168 	ldhl	sp,	#7
      0000A0 32               [ 8]  169 	ld	(hl-), a
      0000A1 73               [ 8]  170 	ld	(hl), e
      0000A2 2A               [ 8]  171 	ld	a, (hl+)
      0000A3 D6 0C            [ 8]  172 	sub	a, #0x0c
      0000A5 7E               [ 8]  173 	ld	a, (hl)
      0000A6 DE 00            [ 8]  174 	sbc	a, #0x00
      0000A8 56               [ 8]  175 	ld	d, (hl)
      0000A9 3E 00            [ 8]  176 	ld	a, #0x00
      0000AB CB 7F            [ 8]  177 	bit	7,a
      0000AD 28 07            [12]  178 	jr	Z, 00227$
      0000AF CB 7A            [ 8]  179 	bit	7, d
      0000B1 20 08            [12]  180 	jr	NZ, 00228$
      0000B3 BF               [ 4]  181 	cp	a, a
      0000B4 18 05            [12]  182 	jr	00228$
      0000B6                        183 00227$:
      0000B6 CB 7A            [ 8]  184 	bit	7, d
      0000B8 28 01            [12]  185 	jr	Z, 00228$
      0000BA 37               [ 4]  186 	scf
      0000BB                        187 00228$:
      0000BB 38 1D            [12]  188 	jr	C, 00126$
      0000BD F8 06            [12]  189 	ldhl	sp,	#6
      0000BF 2A               [ 8]  190 	ld	a, (hl+)
      0000C0 D6 0F            [ 8]  191 	sub	a, #0x0f
      0000C2 7E               [ 8]  192 	ld	a, (hl)
      0000C3 DE 00            [ 8]  193 	sbc	a, #0x00
      0000C5 56               [ 8]  194 	ld	d, (hl)
      0000C6 3E 00            [ 8]  195 	ld	a, #0x00
      0000C8 CB 7F            [ 8]  196 	bit	7,a
      0000CA 28 07            [12]  197 	jr	Z, 00229$
      0000CC CB 7A            [ 8]  198 	bit	7, d
      0000CE 20 08            [12]  199 	jr	NZ, 00230$
      0000D0 BF               [ 4]  200 	cp	a, a
      0000D1 18 05            [12]  201 	jr	00230$
      0000D3                        202 00229$:
      0000D3 CB 7A            [ 8]  203 	bit	7, d
      0000D5 28 01            [12]  204 	jr	Z, 00230$
      0000D7 37               [ 4]  205 	scf
      0000D8                        206 00230$:
      0000D8 38 03            [12]  207 	jr	C, 00127$
      0000DA                        208 00126$:
      0000DA AF               [ 4]  209 	xor	a, a
      0000DB 18 02            [12]  210 	jr	00128$
      0000DD                        211 00127$:
      0000DD 3E 01            [ 8]  212 	ld	a, #0x01
      0000DF                        213 00128$:
      0000DF F8 07            [12]  214 	ldhl	sp,	#7
      0000E1 77               [ 8]  215 	ld	(hl), a
                                    216 ;E:\make_202008\GameBoy\GameBoy01\JunkYard\source\default\brick.c:28: if((y/4)%2!=0 && !bottomMissing)return BOTTOM;
      0000E2 D1               [12]  217 	pop	de
      0000E3 D5               [16]  218 	push	de
      0000E4 CB 2A            [ 8]  219 	sra	d
      0000E6 CB 1B            [ 8]  220 	rr	e
      0000E8 CB 2A            [ 8]  221 	sra	d
      0000EA CB 1B            [ 8]  222 	rr	e
      0000EC 01 02 00         [12]  223 	ld	bc, #0x0002
      0000EF CDr00r00         [24]  224 	call	__modsint
      0000F2 78               [ 4]  225 	ld	a, b
      0000F3 B1               [ 4]  226 	or	a, c
      0000F4 28 0A            [12]  227 	jr	Z, 00108$
      0000F6 F8 03            [12]  228 	ldhl	sp,	#3
      0000F8 7E               [ 8]  229 	ld	a, (hl)
      0000F9 B7               [ 4]  230 	or	a, a
      0000FA 20 04            [12]  231 	jr	NZ, 00108$
      0000FC 3E 01            [ 8]  232 	ld	a, #0x01
      0000FE 18 2A            [12]  233 	jr	00115$
      000100                        234 00108$:
                                    235 ;E:\make_202008\GameBoy\GameBoy01\JunkYard\source\default\brick.c:29: if((y/4)%2==0  && !topMissing)return TOP;
      000100 D1               [12]  236 	pop	de
      000101 D5               [16]  237 	push	de
      000102 CB 2A            [ 8]  238 	sra	d
      000104 CB 1B            [ 8]  239 	rr	e
      000106 CB 2A            [ 8]  240 	sra	d
      000108 CB 1B            [ 8]  241 	rr	e
      00010A 01 02 00         [12]  242 	ld	bc, #0x0002
      00010D CDr00r00         [24]  243 	call	__modsint
      000110 78               [ 4]  244 	ld	a, b
      000111 B1               [ 4]  245 	or	a, c
      000112 20 0A            [12]  246 	jr	NZ, 00111$
      000114 F8 07            [12]  247 	ldhl	sp,	#7
      000116 7E               [ 8]  248 	ld	a, (hl)
      000117 B7               [ 4]  249 	or	a, a
      000118 20 04            [12]  250 	jr	NZ, 00111$
      00011A 3E 02            [ 8]  251 	ld	a, #0x02
      00011C 18 0C            [12]  252 	jr	00115$
      00011E                        253 00111$:
                                    254 ;E:\make_202008\GameBoy\GameBoy01\JunkYard\source\default\brick.c:31: if(brick>=0x10)return WALL;
      00011E F8 02            [12]  255 	ldhl	sp,	#2
      000120 7E               [ 8]  256 	ld	a, (hl)
      000121 D6 10            [ 8]  257 	sub	a, #0x10
      000123 38 04            [12]  258 	jr	C, 00114$
      000125 3E 03            [ 8]  259 	ld	a, #0x03
      000127 18 01            [12]  260 	jr	00115$
      000129                        261 00114$:
                                    262 ;E:\make_202008\GameBoy\GameBoy01\JunkYard\source\default\brick.c:34: return 0;
      000129 AF               [ 4]  263 	xor	a, a
      00012A                        264 00115$:
                                    265 ;E:\make_202008\GameBoy\GameBoy01\JunkYard\source\default\brick.c:36: }
      00012A E8 0A            [16]  266 	add	sp, #10
      00012C C9               [16]  267 	ret
                                    268 ;E:\make_202008\GameBoy\GameBoy01\JunkYard\source\default\brick.c:39: void UpdateBrick(uint8_t side, uint8_t x, uint8_t  y){
                                    269 ;	---------------------------------
                                    270 ; Function UpdateBrick
                                    271 ; ---------------------------------
      00012D                        272 _UpdateBrick::
      00012D E8 F6            [16]  273 	add	sp, #-10
      00012F F8 09            [12]  274 	ldhl	sp,	#9
      000131 32               [ 8]  275 	ld	(hl-), a
      000132 73               [ 8]  276 	ld	(hl), e
                                    277 ;E:\make_202008\GameBoy\GameBoy01\JunkYard\source\default\brick.c:41: uint8_t column=x/8;
      000133 3A               [ 8]  278 	ld	a, (hl-)
      000134 2B               [ 8]  279 	dec	hl
      000135 22               [ 8]  280 	ld	(hl+), a
      000136 36 00            [12]  281 	ld	(hl), #0x00
      000138 CB 2E            [16]  282 	sra	(hl)
      00013A 2B               [ 8]  283 	dec	hl
      00013B CB 1E            [16]  284 	rr	(hl)
      00013D 23               [ 8]  285 	inc	hl
      00013E CB 2E            [16]  286 	sra	(hl)
      000140 2B               [ 8]  287 	dec	hl
      000141 CB 1E            [16]  288 	rr	(hl)
      000143 23               [ 8]  289 	inc	hl
      000144 CB 2E            [16]  290 	sra	(hl)
      000146 2B               [ 8]  291 	dec	hl
      000147 CB 1E            [16]  292 	rr	(hl)
      000149 7E               [ 8]  293 	ld	a, (hl)
      00014A F8 00            [12]  294 	ldhl	sp,	#0
      00014C 77               [ 8]  295 	ld	(hl), a
                                    296 ;E:\make_202008\GameBoy\GameBoy01\JunkYard\source\default\brick.c:42: uint8_t row=y/8;
      00014D F8 0C            [12]  297 	ldhl	sp,	#12
      00014F 7E               [ 8]  298 	ld	a, (hl)
      000150 F8 06            [12]  299 	ldhl	sp,	#6
      000152 22               [ 8]  300 	ld	(hl+), a
      000153 AF               [ 4]  301 	xor	a, a
      000154 32               [ 8]  302 	ld	(hl-), a
      000155 3A               [ 8]  303 	ld	a, (hl-)
      000156 2B               [ 8]  304 	dec	hl
      000157 22               [ 8]  305 	ld	(hl+), a
      000158 36 00            [12]  306 	ld	(hl), #0x00
      00015A CB 2E            [16]  307 	sra	(hl)
      00015C 2B               [ 8]  308 	dec	hl
      00015D CB 1E            [16]  309 	rr	(hl)
      00015F 23               [ 8]  310 	inc	hl
      000160 CB 2E            [16]  311 	sra	(hl)
      000162 2B               [ 8]  312 	dec	hl
      000163 CB 1E            [16]  313 	rr	(hl)
      000165 23               [ 8]  314 	inc	hl
      000166 CB 2E            [16]  315 	sra	(hl)
      000168 2B               [ 8]  316 	dec	hl
      000169 CB 1E            [16]  317 	rr	(hl)
      00016B 7E               [ 8]  318 	ld	a, (hl)
      00016C F8 01            [12]  319 	ldhl	sp,	#1
                                    320 ;E:\make_202008\GameBoy\GameBoy01\JunkYard\source\default\brick.c:45: uint8_t brick =get_bkg_tile_xy(column,row);
      00016E 32               [ 8]  321 	ld	(hl-), a
      00016F 57               [ 4]  322 	ld	d, a
      000170 5E               [ 8]  323 	ld	e, (hl)
      000171 D5               [16]  324 	push	de
      000172 CDr00r00         [24]  325 	call	_get_bkg_tile_xy
      000175 E1               [12]  326 	pop	hl
                                    327 ;E:\make_202008\GameBoy\GameBoy01\JunkYard\source\default\brick.c:48: if(brick==0) return;
      000176 F8 02            [12]  328 	ldhl	sp,#2
      000178 73               [ 8]  329 	ld	(hl), e
      000179 7E               [ 8]  330 	ld	a, (hl)
      00017A B7               [ 4]  331 	or	a, a
      00017B CArB4r02         [16]  332 	jp	Z,00142$
                                    333 ;E:\make_202008\GameBoy\GameBoy01\JunkYard\source\default\brick.c:49: if(brick>=USERINTERFACE_TILES_START)return;
      00017E F8 02            [12]  334 	ldhl	sp,	#2
      000180 7E               [ 8]  335 	ld	a, (hl)
      000181 D6 11            [ 8]  336 	sub	a, #0x11
      000183 D2rB4r02         [16]  337 	jp	NC,00142$
                                    338 ;E:\make_202008\GameBoy\GameBoy01\JunkYard\source\default\brick.c:53: side = (y/4)%2==0?TOP:BOTTOM;
      000186 F8 06            [12]  339 	ldhl	sp,	#6
      000188 5E               [ 8]  340 	ld	e, (hl)
      000189 16 00            [ 8]  341 	ld	d, #0x00
      00018B CB 2A            [ 8]  342 	sra	d
      00018D CB 1B            [ 8]  343 	rr	e
      00018F CB 2A            [ 8]  344 	sra	d
      000191 CB 1B            [ 8]  345 	rr	e
      000193 01 02 00         [12]  346 	ld	bc, #0x0002
      000196 CDr00r00         [24]  347 	call	__modsint
      000199 F8 06            [12]  348 	ldhl	sp,	#6
      00019B 79               [ 4]  349 	ld	a, c
      00019C 22               [ 8]  350 	ld	(hl+), a
      00019D 70               [ 8]  351 	ld	(hl), b
      00019E F8 07            [12]  352 	ldhl	sp,	#7
      0001A0 3A               [ 8]  353 	ld	a, (hl-)
      0001A1 B6               [ 8]  354 	or	a, (hl)
      0001A2 20 05            [12]  355 	jr	NZ, 00146$
      0001A4 23               [ 8]  356 	inc	hl
      0001A5 36 02            [12]  357 	ld	(hl), #0x02
      0001A7 18 04            [12]  358 	jr	00147$
      0001A9                        359 00146$:
      0001A9 F8 07            [12]  360 	ldhl	sp,	#7
      0001AB 36 01            [12]  361 	ld	(hl), #0x01
      0001AD                        362 00147$:
      0001AD F8 07            [12]  363 	ldhl	sp,	#7
      0001AF 2A               [ 8]  364 	ld	a, (hl+)
      0001B0 23               [ 8]  365 	inc	hl
                                    366 ;E:\make_202008\GameBoy\GameBoy01\JunkYard\source\default\brick.c:57: if((brick==4||brick==8||brick==12)&&side==TOP)set_bkg_tile_xy(column,row,0);
      0001B1 77               [ 8]  367 	ld	(hl), a
      0001B2 D6 02            [ 8]  368 	sub	a, #0x02
      0001B4 3E 01            [ 8]  369 	ld	a, #0x01
      0001B6 28 01            [12]  370 	jr	Z, 00310$
      0001B8 AF               [ 4]  371 	xor	a, a
      0001B9                        372 00310$:
      0001B9 4F               [ 4]  373 	ld	c, a
      0001BA F8 02            [12]  374 	ldhl	sp,	#2
      0001BC 7E               [ 8]  375 	ld	a, (hl)
      0001BD D6 04            [ 8]  376 	sub	a, #0x04
      0001BF 28 0E            [12]  377 	jr	Z, 00141$
      0001C1 F8 02            [12]  378 	ldhl	sp,	#2
      0001C3 7E               [ 8]  379 	ld	a, (hl)
      0001C4 D6 08            [ 8]  380 	sub	a, #0x08
      0001C6 28 07            [12]  381 	jr	Z, 00141$
      0001C8 F8 02            [12]  382 	ldhl	sp,	#2
      0001CA 7E               [ 8]  383 	ld	a, (hl)
      0001CB D6 0C            [ 8]  384 	sub	a, #0x0c
      0001CD 20 16            [12]  385 	jr	NZ, 00137$
      0001CF                        386 00141$:
      0001CF 79               [ 4]  387 	ld	a, c
      0001D0 B7               [ 4]  388 	or	a, a
      0001D1 28 12            [12]  389 	jr	Z, 00137$
      0001D3 AF               [ 4]  390 	xor	a, a
      0001D4 F5               [16]  391 	push	af
      0001D5 33               [ 8]  392 	inc	sp
      0001D6 F8 02            [12]  393 	ldhl	sp,	#2
      0001D8 3A               [ 8]  394 	ld	a, (hl-)
      0001D9 57               [ 4]  395 	ld	d, a
      0001DA 7E               [ 8]  396 	ld	a, (hl)
      0001DB 5F               [ 4]  397 	ld	e, a
      0001DC D5               [16]  398 	push	de
      0001DD CDr00r00         [24]  399 	call	_set_bkg_tile_xy
      0001E0 E8 03            [16]  400 	add	sp, #3
      0001E2 C3rB4r02         [16]  401 	jp	00142$
      0001E5                        402 00137$:
                                    403 ;E:\make_202008\GameBoy\GameBoy01\JunkYard\source\default\brick.c:58: else if(brick>=13&&side==BOTTOM)set_bkg_tile_xy(column,row,0);
      0001E5 F8 09            [12]  404 	ldhl	sp,	#9
      0001E7 7E               [ 8]  405 	ld	a, (hl)
      0001E8 3D               [ 4]  406 	dec	a
      0001E9 3E 01            [ 8]  407 	ld	a, #0x01
      0001EB 28 01            [12]  408 	jr	Z, 00316$
      0001ED AF               [ 4]  409 	xor	a, a
      0001EE                        410 00316$:
      0001EE F8 03            [12]  411 	ldhl	sp,	#3
      0001F0 32               [ 8]  412 	ld	(hl-), a
      0001F1 7E               [ 8]  413 	ld	a, (hl)
      0001F2 D6 0D            [ 8]  414 	sub	a, #0x0d
      0001F4 38 17            [12]  415 	jr	C, 00133$
      0001F6 23               [ 8]  416 	inc	hl
      0001F7 7E               [ 8]  417 	ld	a, (hl)
      0001F8 B7               [ 4]  418 	or	a, a
      0001F9 28 12            [12]  419 	jr	Z, 00133$
      0001FB 2B               [ 8]  420 	dec	hl
      0001FC 2B               [ 8]  421 	dec	hl
      0001FD AF               [ 4]  422 	xor	a, a
      0001FE F5               [16]  423 	push	af
      0001FF 33               [ 8]  424 	inc	sp
      000200 3A               [ 8]  425 	ld	a, (hl-)
      000201 57               [ 4]  426 	ld	d, a
      000202 7E               [ 8]  427 	ld	a, (hl)
      000203 5F               [ 4]  428 	ld	e, a
      000204 D5               [16]  429 	push	de
      000205 CDr00r00         [24]  430 	call	_set_bkg_tile_xy
      000208 E8 03            [16]  431 	add	sp, #3
      00020A C3rB4r02         [16]  432 	jp	00142$
      00020D                        433 00133$:
                                    434 ;E:\make_202008\GameBoy\GameBoy01\JunkYard\source\default\brick.c:61: uint8_t nextTile=brick;
      00020D F8 02            [12]  435 	ldhl	sp,	#2
                                    436 ;E:\make_202008\GameBoy\GameBoy01\JunkYard\source\default\brick.c:63: if(brick>=1&&brick<=3)nextTile=4;
      00020F 7E               [ 8]  437 	ld	a,(hl)
      000210 5F               [ 4]  438 	ld	e,a
      000211 D6 01            [ 8]  439 	sub	a, #0x01
      000213 3E 00            [ 8]  440 	ld	a, #0x00
      000215 17               [ 4]  441 	rla
      000216 47               [ 4]  442 	ld	b, a
      000217 3E 03            [ 8]  443 	ld	a, #0x03
      000219 96               [ 8]  444 	sub	a, (hl)
      00021A 23               [ 8]  445 	inc	hl
      00021B 23               [ 8]  446 	inc	hl
      00021C 3E 00            [ 8]  447 	ld	a, #0x00
      00021E 17               [ 4]  448 	rla
                                    449 ;E:\make_202008\GameBoy\GameBoy01\JunkYard\source\default\brick.c:64: else if(brick>=5&&brick<=7)nextTile=8;
      00021F 32               [ 8]  450 	ld	(hl-), a
      000220 2B               [ 8]  451 	dec	hl
      000221 7E               [ 8]  452 	ld	a, (hl)
      000222 D6 05            [ 8]  453 	sub	a, #0x05
      000224 3E 00            [ 8]  454 	ld	a, #0x00
      000226 17               [ 4]  455 	rla
      000227 F8 05            [12]  456 	ldhl	sp,	#5
      000229 77               [ 8]  457 	ld	(hl), a
      00022A 3E 07            [ 8]  458 	ld	a, #0x07
      00022C F8 02            [12]  459 	ldhl	sp,	#2
      00022E 96               [ 8]  460 	sub	a, (hl)
      00022F 3E 00            [ 8]  461 	ld	a, #0x00
      000231 17               [ 4]  462 	rla
      000232 F8 06            [12]  463 	ldhl	sp,	#6
      000234 77               [ 8]  464 	ld	(hl), a
                                    465 ;E:\make_202008\GameBoy\GameBoy01\JunkYard\source\default\brick.c:65: else if(brick>=9&&brick<=11)nextTile=12;
      000235 F8 02            [12]  466 	ldhl	sp,	#2
      000237 7E               [ 8]  467 	ld	a, (hl)
      000238 D6 09            [ 8]  468 	sub	a, #0x09
      00023A 3E 00            [ 8]  469 	ld	a, #0x00
      00023C 17               [ 4]  470 	rla
      00023D F8 07            [12]  471 	ldhl	sp,	#7
      00023F 77               [ 8]  472 	ld	(hl), a
      000240 3E 0B            [ 8]  473 	ld	a, #0x0b
      000242 F8 02            [12]  474 	ldhl	sp,	#2
      000244 96               [ 8]  475 	sub	a, (hl)
                                    476 ;E:\make_202008\GameBoy\GameBoy01\JunkYard\source\default\brick.c:62: if(side==BOTTOM){
      000245 23               [ 8]  477 	inc	hl
      000246 3E 00            [ 8]  478 	ld	a, #0x00
      000248 17               [ 4]  479 	rla
      000249 57               [ 4]  480 	ld	d, a
      00024A 7E               [ 8]  481 	ld	a, (hl)
      00024B B7               [ 4]  482 	or	a, a
      00024C 28 2A            [12]  483 	jr	Z, 00130$
                                    484 ;E:\make_202008\GameBoy\GameBoy01\JunkYard\source\default\brick.c:63: if(brick>=1&&brick<=3)nextTile=4;
      00024E CB 40            [ 8]  485 	bit	0, b
      000250 20 09            [12]  486 	jr	NZ, 00113$
      000252 23               [ 8]  487 	inc	hl
      000253 CB 46            [12]  488 	bit	0, (hl)
      000255 20 04            [12]  489 	jr	NZ, 00113$
      000257 1E 04            [ 8]  490 	ld	e, #0x04
      000259 18 4A            [12]  491 	jr	00131$
      00025B                        492 00113$:
                                    493 ;E:\make_202008\GameBoy\GameBoy01\JunkYard\source\default\brick.c:64: else if(brick>=5&&brick<=7)nextTile=8;
      00025B F8 05            [12]  494 	ldhl	sp,	#5
      00025D CB 46            [12]  495 	bit	0, (hl)
      00025F 20 09            [12]  496 	jr	NZ, 00109$
      000261 23               [ 8]  497 	inc	hl
      000262 CB 46            [12]  498 	bit	0, (hl)
      000264 20 04            [12]  499 	jr	NZ, 00109$
      000266 1E 08            [ 8]  500 	ld	e, #0x08
      000268 18 3B            [12]  501 	jr	00131$
      00026A                        502 00109$:
                                    503 ;E:\make_202008\GameBoy\GameBoy01\JunkYard\source\default\brick.c:65: else if(brick>=9&&brick<=11)nextTile=12;
      00026A F8 07            [12]  504 	ldhl	sp,	#7
      00026C CB 46            [12]  505 	bit	0, (hl)
      00026E 20 35            [12]  506 	jr	NZ, 00131$
      000270 CB 42            [ 8]  507 	bit	0, d
      000272 20 31            [12]  508 	jr	NZ, 00131$
      000274 1E 0C            [ 8]  509 	ld	e, #0x0c
      000276 18 2D            [12]  510 	jr	00131$
      000278                        511 00130$:
                                    512 ;E:\make_202008\GameBoy\GameBoy01\JunkYard\source\default\brick.c:67: else if(side==TOP){
      000278 79               [ 4]  513 	ld	a, c
      000279 B7               [ 4]  514 	or	a, a
      00027A 28 29            [12]  515 	jr	Z, 00131$
                                    516 ;E:\make_202008\GameBoy\GameBoy01\JunkYard\source\default\brick.c:68: if(brick>=1&&brick<=3)nextTile=13;
      00027C CB 40            [ 8]  517 	bit	0, b
      00027E 20 0A            [12]  518 	jr	NZ, 00124$
      000280 F8 04            [12]  519 	ldhl	sp,	#4
      000282 CB 46            [12]  520 	bit	0, (hl)
      000284 20 04            [12]  521 	jr	NZ, 00124$
      000286 1E 0D            [ 8]  522 	ld	e, #0x0d
      000288 18 1B            [12]  523 	jr	00131$
      00028A                        524 00124$:
                                    525 ;E:\make_202008\GameBoy\GameBoy01\JunkYard\source\default\brick.c:69: else if(brick>=5&&brick<=7)nextTile=14;
      00028A F8 05            [12]  526 	ldhl	sp,	#5
      00028C CB 46            [12]  527 	bit	0, (hl)
      00028E 20 09            [12]  528 	jr	NZ, 00120$
      000290 23               [ 8]  529 	inc	hl
      000291 CB 46            [12]  530 	bit	0, (hl)
      000293 20 04            [12]  531 	jr	NZ, 00120$
      000295 1E 0E            [ 8]  532 	ld	e, #0x0e
      000297 18 0C            [12]  533 	jr	00131$
      000299                        534 00120$:
                                    535 ;E:\make_202008\GameBoy\GameBoy01\JunkYard\source\default\brick.c:70: else if(brick>=9&&brick<=11)nextTile=15;
      000299 F8 07            [12]  536 	ldhl	sp,	#7
      00029B CB 46            [12]  537 	bit	0, (hl)
      00029D 20 06            [12]  538 	jr	NZ, 00131$
      00029F CB 42            [ 8]  539 	bit	0, d
      0002A1 20 02            [12]  540 	jr	NZ, 00131$
      0002A3 1E 0F            [ 8]  541 	ld	e, #0x0f
      0002A5                        542 00131$:
                                    543 ;E:\make_202008\GameBoy\GameBoy01\JunkYard\source\default\brick.c:73: set_bkg_tile_xy(column,row,nextTile);
      0002A5 7B               [ 4]  544 	ld	a, e
      0002A6 F5               [16]  545 	push	af
      0002A7 33               [ 8]  546 	inc	sp
      0002A8 F8 02            [12]  547 	ldhl	sp,	#2
      0002AA 3A               [ 8]  548 	ld	a, (hl-)
      0002AB 57               [ 4]  549 	ld	d, a
      0002AC 7E               [ 8]  550 	ld	a, (hl)
      0002AD 5F               [ 4]  551 	ld	e, a
      0002AE D5               [16]  552 	push	de
      0002AF CDr00r00         [24]  553 	call	_set_bkg_tile_xy
      0002B2 E8 03            [16]  554 	add	sp, #3
      0002B4                        555 00142$:
                                    556 ;E:\make_202008\GameBoy\GameBoy01\JunkYard\source\default\brick.c:77: }
      0002B4 E8 0A            [16]  557 	add	sp, #10
      0002B6 E1               [12]  558 	pop	hl
      0002B7 33               [ 8]  559 	inc	sp
      0002B8 E9               [ 4]  560 	jp	(hl)
                                    561 ;E:\make_202008\GameBoy\GameBoy01\JunkYard\source\default\brick.c:80: void DrawLevelBricks(uint8_t *level){
                                    562 ;	---------------------------------
                                    563 ; Function DrawLevelBricks
                                    564 ; ---------------------------------
      0002B9                        565 _DrawLevelBricks::
      0002B9 E8 F6            [16]  566 	add	sp, #-10
      0002BB F8 06            [12]  567 	ldhl	sp,	#6
      0002BD 7B               [ 4]  568 	ld	a, e
      0002BE 22               [ 8]  569 	ld	(hl+), a
      0002BF 72               [ 8]  570 	ld	(hl), d
                                    571 ;E:\make_202008\GameBoy\GameBoy01\JunkYard\source\default\brick.c:84: blocksLeft=0;
      0002C0 AF               [ 4]  572 	xor	a, a
      0002C1 21r00r00         [12]  573 	ld	hl, #_blocksLeft
      0002C4 22               [ 8]  574 	ld	(hl+), a
      0002C5 77               [ 8]  575 	ld	(hl), a
                                    576 ;E:\make_202008\GameBoy\GameBoy01\JunkYard\source\default\brick.c:86: for(uint8_t i=0;i<AREA_HEIGHT;i++){
      0002C6 F8 08            [12]  577 	ldhl	sp,	#8
      0002C8 36 00            [12]  578 	ld	(hl), #0x00
      0002CA                        579 00110$:
      0002CA F8 08            [12]  580 	ldhl	sp,	#8
      0002CC 7E               [ 8]  581 	ld	a, (hl)
      0002CD D6 11            [ 8]  582 	sub	a, #0x11
      0002CF D2rACr03         [16]  583 	jp	NC, 00112$
                                    584 ;E:\make_202008\GameBoy\GameBoy01\JunkYard\source\default\brick.c:87: for(uint8_t j=0;j<AREA_WIDTH;j++){
      0002D2 23               [ 8]  585 	inc	hl
      0002D3 36 00            [12]  586 	ld	(hl), #0x00
      0002D5                        587 00107$:
      0002D5 F8 09            [12]  588 	ldhl	sp,	#9
      0002D7 7E               [ 8]  589 	ld	a, (hl)
      0002D8 D6 0E            [ 8]  590 	sub	a, #0x0e
      0002DA D2rA6r03         [16]  591 	jp	NC, 00111$
                                    592 ;E:\make_202008\GameBoy\GameBoy01\JunkYard\source\default\brick.c:89: uint8_t brick = level[i*AREA_WIDTH+j];
      0002DD 2B               [ 8]  593 	dec	hl
      0002DE 4E               [ 8]  594 	ld	c, (hl)
      0002DF 06 00            [ 8]  595 	ld	b, #0x00
      0002E1 69               [ 4]  596 	ld	l, c
      0002E2 60               [ 4]  597 	ld	h, b
      0002E3 29               [ 8]  598 	add	hl, hl
      0002E4 09               [ 8]  599 	add	hl, bc
      0002E5 29               [ 8]  600 	add	hl, hl
      0002E6 09               [ 8]  601 	add	hl, bc
      0002E7 29               [ 8]  602 	add	hl, hl
      0002E8 33               [ 8]  603 	inc	sp
      0002E9 33               [ 8]  604 	inc	sp
      0002EA E5               [16]  605 	push	hl
      0002EB F8 09            [12]  606 	ldhl	sp,	#9
      0002ED 7E               [ 8]  607 	ld	a, (hl)
      0002EE F8 04            [12]  608 	ldhl	sp,	#4
      0002F0 22               [ 8]  609 	ld	(hl+), a
      0002F1 AF               [ 4]  610 	xor	a, a
      0002F2 32               [ 8]  611 	ld	(hl-), a
      0002F3 2A               [ 8]  612 	ld	a, (hl+)
      0002F4 5F               [ 4]  613 	ld	e, a
      0002F5 56               [ 8]  614 	ld	d, (hl)
      0002F6 E1               [12]  615 	pop	hl
      0002F7 E5               [16]  616 	push	hl
      0002F8 19               [ 8]  617 	add	hl, de
      0002F9 E5               [16]  618 	push	hl
      0002FA 7D               [ 4]  619 	ld	a, l
      0002FB F8 04            [12]  620 	ldhl	sp,	#4
      0002FD 77               [ 8]  621 	ld	(hl), a
      0002FE E1               [12]  622 	pop	hl
      0002FF 7C               [ 4]  623 	ld	a, h
      000300 F8 03            [12]  624 	ldhl	sp,	#3
      000302 32               [ 8]  625 	ld	(hl-), a
      000303 2A               [ 8]  626 	ld	a, (hl+)
      000304 5F               [ 4]  627 	ld	e, a
      000305 56               [ 8]  628 	ld	d, (hl)
      000306 F8 06            [12]  629 	ldhl	sp,	#6
      000308 2A               [ 8]  630 	ld	a,	(hl+)
      000309 66               [ 8]  631 	ld	h, (hl)
      00030A 6F               [ 4]  632 	ld	l, a
      00030B 19               [ 8]  633 	add	hl, de
      00030C E5               [16]  634 	push	hl
      00030D 7D               [ 4]  635 	ld	a, l
      00030E F8 06            [12]  636 	ldhl	sp,	#6
      000310 77               [ 8]  637 	ld	(hl), a
      000311 E1               [12]  638 	pop	hl
      000312 7C               [ 4]  639 	ld	a, h
      000313 F8 05            [12]  640 	ldhl	sp,	#5
      000315 32               [ 8]  641 	ld	(hl-), a
      000316 2A               [ 8]  642 	ld	a, (hl+)
      000317 5F               [ 4]  643 	ld	e, a
      000318 3A               [ 8]  644 	ld	a, (hl-)
      000319 2B               [ 8]  645 	dec	hl
      00031A 57               [ 4]  646 	ld	d, a
      00031B 1A               [ 8]  647 	ld	a, (de)
      00031C 77               [ 8]  648 	ld	(hl), a
                                    649 ;E:\make_202008\GameBoy\GameBoy01\JunkYard\source\default\brick.c:92: set_bkg_tile_xy(j+1,i+1,0);
      00031D F8 08            [12]  650 	ldhl	sp,	#8
      00031F 2A               [ 8]  651 	ld	a, (hl+)
      000320 4E               [ 8]  652 	ld	c, (hl)
      000321 3C               [ 4]  653 	inc	a
      000322 F8 04            [12]  654 	ldhl	sp,	#4
      000324 22               [ 8]  655 	ld	(hl+), a
      000325 79               [ 4]  656 	ld	a, c
      000326 3C               [ 4]  657 	inc	a
                                    658 ;E:\make_202008\GameBoy\GameBoy01\JunkYard\source\default\brick.c:91: if(brick==NO____BRICK){
      000327 32               [ 8]  659 	ld	(hl-), a
      000328 2B               [ 8]  660 	dec	hl
      000329 7E               [ 8]  661 	ld	a, (hl)
      00032A 3C               [ 4]  662 	inc	a
      00032B 20 10            [12]  663 	jr	NZ, 00102$
                                    664 ;E:\make_202008\GameBoy\GameBoy01\JunkYard\source\default\brick.c:92: set_bkg_tile_xy(j+1,i+1,0);
      00032D AF               [ 4]  665 	xor	a, a
      00032E F5               [16]  666 	push	af
      00032F 33               [ 8]  667 	inc	sp
      000330 F8 05            [12]  668 	ldhl	sp,	#5
      000332 2A               [ 8]  669 	ld	a, (hl+)
      000333 57               [ 4]  670 	ld	d, a
      000334 5E               [ 8]  671 	ld	e, (hl)
      000335 D5               [16]  672 	push	de
      000336 CDr00r00         [24]  673 	call	_set_bkg_tile_xy
      000339 E8 03            [16]  674 	add	sp, #3
      00033B 18 63            [12]  675 	jr	00108$
      00033D                        676 00102$:
                                    677 ;E:\make_202008\GameBoy\GameBoy01\JunkYard\source\default\brick.c:96: set_bkg_tile_xy(j+1,i+1,brick);
      00033D F8 03            [12]  678 	ldhl	sp,	#3
      00033F 2A               [ 8]  679 	ld	a, (hl+)
      000340 57               [ 4]  680 	ld	d, a
      000341 2A               [ 8]  681 	ld	a, (hl+)
      000342 5F               [ 4]  682 	ld	e, a
      000343 D5               [16]  683 	push	de
      000344 7E               [ 8]  684 	ld	a, (hl)
      000345 F5               [16]  685 	push	af
      000346 33               [ 8]  686 	inc	sp
      000347 CDr00r00         [24]  687 	call	_set_bkg_tile_xy
      00034A E8 03            [16]  688 	add	sp, #3
                                    689 ;E:\make_202008\GameBoy\GameBoy01\JunkYard\source\default\brick.c:99: blocksLeft+= (brick==LGHT__BRICK||brick==MED___BRICK||brick==DRK___BRICK)? 2:1;
      00034C F8 03            [12]  690 	ldhl	sp,	#3
      00034E 7E               [ 8]  691 	ld	a, (hl)
      00034F 3D               [ 4]  692 	dec	a
      000350 28 0E            [12]  693 	jr	Z, 00117$
      000352 F8 03            [12]  694 	ldhl	sp,	#3
      000354 7E               [ 8]  695 	ld	a, (hl)
      000355 D6 06            [ 8]  696 	sub	a, #0x06
      000357 28 07            [12]  697 	jr	Z, 00117$
      000359 F8 03            [12]  698 	ldhl	sp,	#3
      00035B 7E               [ 8]  699 	ld	a, (hl)
      00035C D6 0B            [ 8]  700 	sub	a, #0x0b
      00035E 20 09            [12]  701 	jr	NZ, 00114$
      000360                        702 00117$:
      000360 F8 04            [12]  703 	ldhl	sp,	#4
      000362 3E 02            [ 8]  704 	ld	a, #0x02
      000364 22               [ 8]  705 	ld	(hl+), a
      000365 AF               [ 4]  706 	xor	a, a
      000366 77               [ 8]  707 	ld	(hl), a
      000367 18 07            [12]  708 	jr	00115$
      000369                        709 00114$:
      000369 F8 04            [12]  710 	ldhl	sp,	#4
      00036B 3E 01            [ 8]  711 	ld	a, #0x01
      00036D 22               [ 8]  712 	ld	(hl+), a
      00036E AF               [ 4]  713 	xor	a, a
      00036F 77               [ 8]  714 	ld	(hl), a
      000370                        715 00115$:
      000370 FAr00r00         [16]  716 	ld	a, (#_blocksLeft)
      000373 F8 00            [12]  717 	ldhl	sp,	#0
      000375 77               [ 8]  718 	ld	(hl), a
      000376 FAr01r00         [16]  719 	ld	a, (#_blocksLeft + 1)
      000379 F8 01            [12]  720 	ldhl	sp,	#1
      00037B 77               [ 8]  721 	ld	(hl), a
      00037C F8 04            [12]  722 	ldhl	sp,	#4
      00037E 3A               [ 8]  723 	ld	a, (hl-)
      00037F 2B               [ 8]  724 	dec	hl
      000380 77               [ 8]  725 	ld	(hl), a
      000381 F8 05            [12]  726 	ldhl	sp,	#5
      000383 3A               [ 8]  727 	ld	a, (hl-)
      000384 2B               [ 8]  728 	dec	hl
      000385 32               [ 8]  729 	ld	(hl-), a
      000386 2A               [ 8]  730 	ld	a, (hl+)
      000387 5F               [ 4]  731 	ld	e, a
      000388 56               [ 8]  732 	ld	d, (hl)
      000389 E1               [12]  733 	pop	hl
      00038A E5               [16]  734 	push	hl
      00038B 19               [ 8]  735 	add	hl, de
      00038C E5               [16]  736 	push	hl
      00038D 7D               [ 4]  737 	ld	a, l
      00038E F8 06            [12]  738 	ldhl	sp,	#6
      000390 77               [ 8]  739 	ld	(hl), a
      000391 E1               [12]  740 	pop	hl
      000392 7C               [ 4]  741 	ld	a, h
      000393 F8 05            [12]  742 	ldhl	sp,	#5
      000395 32               [ 8]  743 	ld	(hl-), a
      000396 7E               [ 8]  744 	ld	a, (hl)
      000397 EAr00r00         [16]  745 	ld	(#_blocksLeft),a
      00039A F8 05            [12]  746 	ldhl	sp,	#5
      00039C 7E               [ 8]  747 	ld	a, (hl)
      00039D EAr01r00         [16]  748 	ld	(#_blocksLeft + 1),a
      0003A0                        749 00108$:
                                    750 ;E:\make_202008\GameBoy\GameBoy01\JunkYard\source\default\brick.c:87: for(uint8_t j=0;j<AREA_WIDTH;j++){
      0003A0 F8 09            [12]  751 	ldhl	sp,	#9
      0003A2 34               [12]  752 	inc	(hl)
      0003A3 C3rD5r02         [16]  753 	jp	00107$
      0003A6                        754 00111$:
                                    755 ;E:\make_202008\GameBoy\GameBoy01\JunkYard\source\default\brick.c:86: for(uint8_t i=0;i<AREA_HEIGHT;i++){
      0003A6 F8 08            [12]  756 	ldhl	sp,	#8
      0003A8 34               [12]  757 	inc	(hl)
      0003A9 C3rCAr02         [16]  758 	jp	00110$
      0003AC                        759 00112$:
                                    760 ;E:\make_202008\GameBoy\GameBoy01\JunkYard\source\default\brick.c:104: }
      0003AC E8 0A            [16]  761 	add	sp, #10
      0003AE C9               [16]  762 	ret
                                    763 	.area _CODE
                                    764 	.area _INITIALIZER
                                    765 	.area _CABS (ABS)
