                                      1 ;--------------------------------------------------------
                                      2 ; File Created by SDCC : free open source ISO C Compiler 
                                      3 ; Version 4.3.2 #14228 (MINGW64)
                                      4 ;--------------------------------------------------------
                                      5 	.module paddle
                                      6 	.optsdcc -msm83
                                      7 	
                                      8 ;--------------------------------------------------------
                                      9 ; Public variables in this module
                                     10 ;--------------------------------------------------------
                                     11 	.globl _paddle_metasprites
                                     12 	.globl _paddle_metasprite0
                                     13 	.globl _paddle_tiles
                                     14 	.globl _paddle_palettes
                                     15 	.globl b___func_paddle
                                     16 	.globl ___func_paddle
                                     17 ;--------------------------------------------------------
                                     18 ; special function registers
                                     19 ;--------------------------------------------------------
                                     20 ;--------------------------------------------------------
                                     21 ; ram data
                                     22 ;--------------------------------------------------------
                                     23 	.area _DATA
                                     24 ;--------------------------------------------------------
                                     25 ; ram data
                                     26 ;--------------------------------------------------------
                                     27 	.area _INITIALIZED
                                     28 ;--------------------------------------------------------
                                     29 ; absolute external ram data
                                     30 ;--------------------------------------------------------
                                     31 	.area _DABS (ABS)
                                     32 ;--------------------------------------------------------
                                     33 ; global & static initialisations
                                     34 ;--------------------------------------------------------
                                     35 	.area _HOME
                                     36 	.area _GSINIT
                                     37 	.area _GSFINAL
                                     38 	.area _GSINIT
                                     39 ;--------------------------------------------------------
                                     40 ; Home
                                     41 ;--------------------------------------------------------
                                     42 	.area _HOME
                                     43 	.area _HOME
                                     44 ;--------------------------------------------------------
                                     45 ; code
                                     46 ;--------------------------------------------------------
                                     47 	.area _CODE
                                     48 ;E:\make_202008\GameBoy\GameBoy01\JunkYard\source\gen\graphics\paddle.c:7: BANKREF(paddle)
                                     49 ;	---------------------------------
                                     50 ; Function __func_paddle
                                     51 ; ---------------------------------
                           000000    52 	b___func_paddle	= 0
      000000                         53 ___func_paddle::
                                     54 	.local b___func_paddle 
                           000000    55 	___bank_paddle = b___func_paddle 
                                     56 	.globl ___bank_paddle 
                                     57 	.area _CODE
      000000                         58 _paddle_palettes:
      000000 FF 7F                   59 	.dw #0x7fff
      000002 B5 56                   60 	.dw #0x56b5
      000004 8C 31                   61 	.dw #0x318c
      000006 00 00                   62 	.dw #0x0000
      000008                         63 _paddle_tiles:
      000008 7F                      64 	.db #0x7f	; 127
      000009 7F                      65 	.db #0x7f	; 127
      00000A E8                      66 	.db #0xe8	; 232
      00000B FF                      67 	.db #0xff	; 255
      00000C A8                      68 	.db #0xa8	; 168
      00000D A8                      69 	.db #0xa8	; 168
      00000E FF                      70 	.db #0xff	; 255
      00000F E8                      71 	.db #0xe8	; 232
      000010 E8                      72 	.db #0xe8	; 232
      000011 FF                      73 	.db #0xff	; 255
      000012 7F                      74 	.db #0x7f	; 127
      000013 7F                      75 	.db #0x7f	; 127
      000014 00                      76 	.db #0x00	; 0
      000015 00                      77 	.db #0x00	; 0
      000016 00                      78 	.db #0x00	; 0
      000017 00                      79 	.db #0x00	; 0
      000018 FF                      80 	.db #0xff	; 255
      000019 FF                      81 	.db #0xff	; 255
      00001A 00                      82 	.db #0x00	; 0
      00001B FF                      83 	.db #0xff	; 255
      00001C 00                      84 	.db #0x00	; 0
      00001D 00                      85 	.db #0x00	; 0
      00001E FF                      86 	.db #0xff	; 255
      00001F 00                      87 	.db #0x00	; 0
      000020 00                      88 	.db #0x00	; 0
      000021 FF                      89 	.db #0xff	; 255
      000022 FF                      90 	.db #0xff	; 255
      000023 FF                      91 	.db #0xff	; 255
      000024 00                      92 	.db #0x00	; 0
      000025 00                      93 	.db #0x00	; 0
      000026 00                      94 	.db #0x00	; 0
      000027 00                      95 	.db #0x00	; 0
      000028 FE                      96 	.db #0xfe	; 254
      000029 FE                      97 	.db #0xfe	; 254
      00002A 17                      98 	.db #0x17	; 23
      00002B FF                      99 	.db #0xff	; 255
      00002C 15                     100 	.db #0x15	; 21
      00002D 15                     101 	.db #0x15	; 21
      00002E FF                     102 	.db #0xff	; 255
      00002F 17                     103 	.db #0x17	; 23
      000030 17                     104 	.db #0x17	; 23
      000031 FF                     105 	.db #0xff	; 255
      000032 FE                     106 	.db #0xfe	; 254
      000033 FE                     107 	.db #0xfe	; 254
      000034 00                     108 	.db #0x00	; 0
      000035 00                     109 	.db #0x00	; 0
      000036 00                     110 	.db #0x00	; 0
      000037 00                     111 	.db #0x00	; 0
      000038                        112 _paddle_metasprite0:
      000038 FC                     113 	.db #0xfc	; -4
      000039 F0                     114 	.db #0xf0	; -16
      00003A 00                     115 	.db #0x00	; 0
      00003B 00                     116 	.db #0x00	; 0
      00003C 00                     117 	.db #0x00	;  0
      00003D 08                     118 	.db #0x08	;  8
      00003E 01                     119 	.db #0x01	; 1
      00003F 00                     120 	.db #0x00	; 0
      000040 00                     121 	.db #0x00	;  0
      000041 08                     122 	.db #0x08	;  8
      000042 01                     123 	.db #0x01	; 1
      000043 00                     124 	.db #0x00	; 0
      000044 00                     125 	.db #0x00	;  0
      000045 08                     126 	.db #0x08	;  8
      000046 02                     127 	.db #0x02	; 2
      000047 00                     128 	.db #0x00	; 0
      000048 80                     129 	.db #0x80	; -128
      000049 00                     130 	.db #0x00	;  0
      00004A 00                     131 	.db #0x00	; 0
      00004B 00                     132 	.db #0x00	; 0
      00004C                        133 _paddle_metasprites:
      00004Cr38r00                  134 	.dw _paddle_metasprite0
                                    135 	.area _INITIALIZER
                                    136 	.area _CABS (ABS)
